{"total": {"lines":{"total":2428,"covered":868,"skipped":0,"pct":35.74},"statements":{"total":2804,"covered":1019,"skipped":0,"pct":36.34},"functions":{"total":475,"covered":187,"skipped":0,"pct":39.36},"branches":{"total":1901,"covered":757,"skipped":0,"pct":39.82},"branchesTrue":{"total":0,"covered":0,"skipped":0,"pct":100}}
,"/Users/billyribeiro/Desktop/trading-room-app/apps/controller/src/app.d.ts": {"lines":{"total":0,"covered":0,"skipped":0,"pct":100},"functions":{"total":0,"covered":0,"skipped":0,"pct":100},"statements":{"total":0,"covered":0,"skipped":0,"pct":100},"branches":{"total":0,"covered":0,"skipped":0,"pct":100}}
,"/Users/billyribeiro/Desktop/trading-room-app/apps/controller/src/env.ts": {"lines":{"total":4,"covered":4,"skipped":0,"pct":100},"functions":{"total":0,"covered":0,"skipped":0,"pct":100},"statements":{"total":4,"covered":4,"skipped":0,"pct":100},"branches":{"total":0,"covered":0,"skipped":0,"pct":100}}
,"/Users/billyribeiro/Desktop/trading-room-app/apps/controller/src/hooks.server.ts": {"lines":{"total":17,"covered":0,"skipped":0,"pct":0},"functions":{"total":3,"covered":0,"skipped":0,"pct":0},"statements":{"total":19,"covered":0,"skipped":0,"pct":0},"branches":{"total":16,"covered":0,"skipped":0,"pct":0}}
,"/Users/billyribeiro/Desktop/trading-room-app/apps/controller/src/lib/animate-once.ts": {"lines":{"total":5,"covered":0,"skipped":0,"pct":0},"functions":{"total":1,"covered":0,"skipped":0,"pct":0},"statements":{"total":7,"covered":0,"skipped":0,"pct":0},"branches":{"total":4,"covered":0,"skipped":0,"pct":0}}
,"/Users/billyribeiro/Desktop/trading-room-app/apps/controller/src/lib/auth-modes.ts": {"lines":{"total":7,"covered":7,"skipped":0,"pct":100},"functions":{"total":4,"covered":4,"skipped":0,"pct":100},"statements":{"total":10,"covered":10,"skipped":0,"pct":100},"branches":{"total":10,"covered":10,"skipped":0,"pct":100}}
,"/Users/billyribeiro/Desktop/trading-room-app/apps/controller/src/lib/bootbox.svelte.ts": {"lines":{"total":22,"covered":2,"skipped":0,"pct":9.09},"functions":{"total":8,"covered":0,"skipped":0,"pct":0},"statements":{"total":26,"covered":2,"skipped":0,"pct":7.69},"branches":{"total":13,"covered":0,"skipped":0,"pct":0}}
,"/Users/billyribeiro/Desktop/trading-room-app/apps/controller/src/lib/bootstrap-tooltip.ts": {"lines":{"total":84,"covered":0,"skipped":0,"pct":0},"functions":{"total":10,"covered":0,"skipped":0,"pct":0},"statements":{"total":94,"covered":0,"skipped":0,"pct":0},"branches":{"total":37,"covered":0,"skipped":0,"pct":0}}
,"/Users/billyribeiro/Desktop/trading-room-app/apps/controller/src/lib/chrome.ts": {"lines":{"total":5,"covered":5,"skipped":0,"pct":100},"functions":{"total":2,"covered":2,"skipped":0,"pct":100},"statements":{"total":9,"covered":9,"skipped":0,"pct":100},"branches":{"total":8,"covered":8,"skipped":0,"pct":100}}
,"/Users/billyribeiro/Desktop/trading-room-app/apps/controller/src/lib/dom-shape.ts": {"lines":{"total":58,"covered":58,"skipped":0,"pct":100},"functions":{"total":5,"covered":5,"skipped":0,"pct":100},"statements":{"total":69,"covered":69,"skipped":0,"pct":100},"branches":{"total":71,"covered":65,"skipped":0,"pct":91.54}}
,"/Users/billyribeiro/Desktop/trading-room-app/apps/controller/src/lib/editable-display.ts": {"lines":{"total":8,"covered":8,"skipped":0,"pct":100},"functions":{"total":4,"covered":4,"skipped":0,"pct":100},"statements":{"total":12,"covered":12,"skipped":0,"pct":100},"branches":{"total":17,"covered":17,"skipped":0,"pct":100}}
,"/Users/billyribeiro/Desktop/trading-room-app/apps/controller/src/lib/features.ts": {"lines":{"total":5,"covered":5,"skipped":0,"pct":100},"functions":{"total":2,"covered":2,"skipped":0,"pct":100},"statements":{"total":7,"covered":7,"skipped":0,"pct":100},"branches":{"total":0,"covered":0,"skipped":0,"pct":100}}
,"/Users/billyribeiro/Desktop/trading-room-app/apps/controller/src/lib/focus-date-field.ts": {"lines":{"total":4,"covered":4,"skipped":0,"pct":100},"functions":{"total":1,"covered":1,"skipped":0,"pct":100},"statements":{"total":5,"covered":5,"skipped":0,"pct":100},"branches":{"total":2,"covered":2,"skipped":0,"pct":100}}
,"/Users/billyribeiro/Desktop/trading-room-app/apps/controller/src/lib/humanize-duration.ts": {"lines":{"total":15,"covered":11,"skipped":0,"pct":73.33},"functions":{"total":1,"covered":1,"skipped":0,"pct":100},"statements":{"total":23,"covered":18,"skipped":0,"pct":78.26},"branches":{"total":24,"covered":17,"skipped":0,"pct":70.83}}
,"/Users/billyribeiro/Desktop/trading-room-app/apps/controller/src/lib/last-login-format.ts": {"lines":{"total":6,"covered":6,"skipped":0,"pct":100},"functions":{"total":2,"covered":2,"skipped":0,"pct":100},"statements":{"total":7,"covered":7,"skipped":0,"pct":100},"branches":{"total":4,"covered":4,"skipped":0,"pct":100}}
,"/Users/billyribeiro/Desktop/trading-room-app/apps/controller/src/lib/money.ts": {"lines":{"total":30,"covered":30,"skipped":0,"pct":100},"functions":{"total":4,"covered":4,"skipped":0,"pct":100},"statements":{"total":37,"covered":37,"skipped":0,"pct":100},"branches":{"total":31,"covered":31,"skipped":0,"pct":100}}
,"/Users/billyribeiro/Desktop/trading-room-app/apps/controller/src/lib/motion.ts": {"lines":{"total":69,"covered":0,"skipped":0,"pct":0},"functions":{"total":17,"covered":0,"skipped":0,"pct":0},"statements":{"total":78,"covered":0,"skipped":0,"pct":0},"branches":{"total":30,"covered":0,"skipped":0,"pct":0}}
,"/Users/billyribeiro/Desktop/trading-room-app/apps/controller/src/lib/reference-users.ts": {"lines":{"total":14,"covered":14,"skipped":0,"pct":100},"functions":{"total":2,"covered":2,"skipped":0,"pct":100},"statements":{"total":15,"covered":14,"skipped":0,"pct":93.33},"branches":{"total":8,"covered":4,"skipped":0,"pct":50}}
,"/Users/billyribeiro/Desktop/trading-room-app/apps/controller/src/lib/room-config.ts": {"lines":{"total":39,"covered":39,"skipped":0,"pct":100},"functions":{"total":6,"covered":6,"skipped":0,"pct":100},"statements":{"total":47,"covered":47,"skipped":0,"pct":100},"branches":{"total":31,"covered":30,"skipped":0,"pct":96.77}}
,"/Users/billyribeiro/Desktop/trading-room-app/apps/controller/src/lib/room-entry.ts": {"lines":{"total":50,"covered":48,"skipped":0,"pct":96},"functions":{"total":12,"covered":12,"skipped":0,"pct":100},"statements":{"total":58,"covered":54,"skipped":0,"pct":93.1},"branches":{"total":81,"covered":76,"skipped":0,"pct":93.82}}
,"/Users/billyribeiro/Desktop/trading-room-app/apps/controller/src/lib/room-member-role.ts": {"lines":{"total":4,"covered":4,"skipped":0,"pct":100},"functions":{"total":4,"covered":4,"skipped":0,"pct":100},"statements":{"total":4,"covered":4,"skipped":0,"pct":100},"branches":{"total":6,"covered":6,"skipped":0,"pct":100}}
,"/Users/billyribeiro/Desktop/trading-room-app/apps/controller/src/lib/room-settings-help.ts": {"lines":{"total":6,"covered":6,"skipped":0,"pct":100},"functions":{"total":1,"covered":1,"skipped":0,"pct":100},"statements":{"total":7,"covered":7,"skipped":0,"pct":100},"branches":{"total":10,"covered":9,"skipped":0,"pct":90}}
,"/Users/billyribeiro/Desktop/trading-room-app/apps/controller/src/lib/room-settings-profile.ts": {"lines":{"total":5,"covered":5,"skipped":0,"pct":100},"functions":{"total":4,"covered":4,"skipped":0,"pct":100},"statements":{"total":7,"covered":7,"skipped":0,"pct":100},"branches":{"total":0,"covered":0,"skipped":0,"pct":100}}
,"/Users/billyribeiro/Desktop/trading-room-app/apps/controller/src/lib/sanitize-html.ts": {"lines":{"total":69,"covered":69,"skipped":0,"pct":100},"functions":{"total":10,"covered":10,"skipped":0,"pct":100},"statements":{"total":88,"covered":87,"skipped":0,"pct":98.86},"branches":{"total":71,"covered":65,"skipped":0,"pct":91.54}}
,"/Users/billyribeiro/Desktop/trading-room-app/apps/controller/src/lib/sanitized-html.ts": {"lines":{"total":0,"covered":0,"skipped":0,"pct":100},"functions":{"total":0,"covered":0,"skipped":0,"pct":100},"statements":{"total":0,"covered":0,"skipped":0,"pct":100},"branches":{"total":0,"covered":0,"skipped":0,"pct":100}}
,"/Users/billyribeiro/Desktop/trading-room-app/apps/controller/src/lib/stats-csv.ts": {"lines":{"total":17,"covered":17,"skipped":0,"pct":100},"functions":{"total":7,"covered":7,"skipped":0,"pct":100},"statements":{"total":21,"covered":21,"skipped":0,"pct":100},"branches":{"total":24,"covered":21,"skipped":0,"pct":87.5}}
,"/Users/billyribeiro/Desktop/trading-room-app/apps/controller/src/lib/toast.svelte.ts": {"lines":{"total":11,"covered":4,"skipped":0,"pct":36.36},"functions":{"total":6,"covered":0,"skipped":0,"pct":0},"statements":{"total":14,"covered":4,"skipped":0,"pct":28.57},"branches":{"total":2,"covered":0,"skipped":0,"pct":0}}
,"/Users/billyribeiro/Desktop/trading-room-app/apps/controller/src/lib/components/home/market-feed.ts": {"lines":{"total":17,"covered":0,"skipped":0,"pct":0},"functions":{"total":6,"covered":0,"skipped":0,"pct":0},"statements":{"total":18,"covered":0,"skipped":0,"pct":0},"branches":{"total":0,"covered":0,"skipped":0,"pct":100}}
,"/Users/billyribeiro/Desktop/trading-room-app/apps/controller/src/lib/content/api-docs.ts": {"lines":{"total":1,"covered":0,"skipped":0,"pct":0},"functions":{"total":0,"covered":0,"skipped":0,"pct":100},"statements":{"total":1,"covered":0,"skipped":0,"pct":0},"branches":{"total":0,"covered":0,"skipped":0,"pct":100}}
,"/Users/billyribeiro/Desktop/trading-room-app/apps/controller/src/lib/content/home.ts": {"lines":{"total":25,"covered":0,"skipped":0,"pct":0},"functions":{"total":0,"covered":0,"skipped":0,"pct":100},"statements":{"total":25,"covered":0,"skipped":0,"pct":0},"branches":{"total":0,"covered":0,"skipped":0,"pct":100}}
,"/Users/billyribeiro/Desktop/trading-room-app/apps/controller/src/lib/server/account-entitlements.ts": {"lines":{"total":3,"covered":3,"skipped":0,"pct":100},"functions":{"total":1,"covered":1,"skipped":0,"pct":100},"statements":{"total":3,"covered":3,"skipped":0,"pct":100},"branches":{"total":0,"covered":0,"skipped":0,"pct":100}}
,"/Users/billyribeiro/Desktop/trading-room-app/apps/controller/src/lib/server/api-key-secret.ts": {"lines":{"total":25,"covered":24,"skipped":0,"pct":96},"functions":{"total":4,"covered":4,"skipped":0,"pct":100},"statements":{"total":25,"covered":24,"skipped":0,"pct":96},"branches":{"total":11,"covered":10,"skipped":0,"pct":90.9}}
,"/Users/billyribeiro/Desktop/trading-room-app/apps/controller/src/lib/server/auth.ts": {"lines":{"total":46,"covered":2,"skipped":0,"pct":4.34},"functions":{"total":10,"covered":0,"skipped":0,"pct":0},"statements":{"total":57,"covered":2,"skipped":0,"pct":3.5},"branches":{"total":36,"covered":0,"skipped":0,"pct":0}}
,"/Users/billyribeiro/Desktop/trading-room-app/apps/controller/src/lib/server/control-plane-policy.ts": {"lines":{"total":23,"covered":23,"skipped":0,"pct":100},"functions":{"total":6,"covered":6,"skipped":0,"pct":100},"statements":{"total":26,"covered":26,"skipped":0,"pct":100},"branches":{"total":27,"covered":26,"skipped":0,"pct":96.29}}
,"/Users/billyribeiro/Desktop/trading-room-app/apps/controller/src/lib/server/control-plane-runtime.ts": {"lines":{"total":3,"covered":0,"skipped":0,"pct":0},"functions":{"total":0,"covered":0,"skipped":0,"pct":100},"statements":{"total":3,"covered":0,"skipped":0,"pct":0},"branches":{"total":0,"covered":0,"skipped":0,"pct":100}}
,"/Users/billyribeiro/Desktop/trading-room-app/apps/controller/src/lib/server/email-verification.ts": {"lines":{"total":28,"covered":25,"skipped":0,"pct":89.28},"functions":{"total":8,"covered":6,"skipped":0,"pct":75},"statements":{"total":37,"covered":33,"skipped":0,"pct":89.18},"branches":{"total":25,"covered":24,"skipped":0,"pct":96}}
,"/Users/billyribeiro/Desktop/trading-room-app/apps/controller/src/lib/server/fcm.ts": {"lines":{"total":86,"covered":81,"skipped":0,"pct":94.18},"functions":{"total":15,"covered":14,"skipped":0,"pct":93.33},"statements":{"total":92,"covered":85,"skipped":0,"pct":92.39},"branches":{"total":65,"covered":50,"skipped":0,"pct":76.92}}
,"/Users/billyribeiro/Desktop/trading-room-app/apps/controller/src/lib/server/gravatar.ts": {"lines":{"total":4,"covered":0,"skipped":0,"pct":0},"functions":{"total":1,"covered":0,"skipped":0,"pct":0},"statements":{"total":5,"covered":0,"skipped":0,"pct":0},"branches":{"total":3,"covered":0,"skipped":0,"pct":0}}
,"/Users/billyribeiro/Desktop/trading-room-app/apps/controller/src/lib/server/impersonation.ts": {"lines":{"total":22,"covered":1,"skipped":0,"pct":4.54},"functions":{"total":3,"covered":0,"skipped":0,"pct":0},"statements":{"total":30,"covered":1,"skipped":0,"pct":3.33},"branches":{"total":20,"covered":0,"skipped":0,"pct":0}}
,"/Users/billyribeiro/Desktop/trading-room-app/apps/controller/src/lib/server/login-attempts.ts": {"lines":{"total":5,"covered":5,"skipped":0,"pct":100},"functions":{"total":2,"covered":2,"skipped":0,"pct":100},"statements":{"total":5,"covered":5,"skipped":0,"pct":100},"branches":{"total":6,"covered":6,"skipped":0,"pct":100}}
,"/Users/billyribeiro/Desktop/trading-room-app/apps/controller/src/lib/server/mail-template.ts": {"lines":{"total":8,"covered":8,"skipped":0,"pct":100},"functions":{"total":6,"covered":6,"skipped":0,"pct":100},"statements":{"total":9,"covered":9,"skipped":0,"pct":100},"branches":{"total":0,"covered":0,"skipped":0,"pct":100}}
,"/Users/billyribeiro/Desktop/trading-room-app/apps/controller/src/lib/server/mail.ts": {"lines":{"total":15,"covered":5,"skipped":0,"pct":33.33},"functions":{"total":5,"covered":2,"skipped":0,"pct":40},"statements":{"total":17,"covered":5,"skipped":0,"pct":29.41},"branches":{"total":10,"covered":1,"skipped":0,"pct":10}}
,"/Users/billyribeiro/Desktop/trading-room-app/apps/controller/src/lib/server/member-email.ts": {"lines":{"total":33,"covered":33,"skipped":0,"pct":100},"functions":{"total":9,"covered":9,"skipped":0,"pct":100},"statements":{"total":37,"covered":36,"skipped":0,"pct":97.29},"branches":{"total":20,"covered":17,"skipped":0,"pct":85}}
,"/Users/billyribeiro/Desktop/trading-room-app/apps/controller/src/lib/server/mobile-pairing.ts": {"lines":{"total":35,"covered":18,"skipped":0,"pct":51.42},"functions":{"total":5,"covered":4,"skipped":0,"pct":80},"statements":{"total":44,"covered":25,"skipped":0,"pct":56.81},"branches":{"total":49,"covered":29,"skipped":0,"pct":59.18}}
,"/Users/billyribeiro/Desktop/trading-room-app/apps/controller/src/lib/server/password-reset.ts": {"lines":{"total":10,"covered":10,"skipped":0,"pct":100},"functions":{"total":4,"covered":4,"skipped":0,"pct":100},"statements":{"total":11,"covered":11,"skipped":0,"pct":100},"branches":{"total":3,"covered":3,"skipped":0,"pct":100}}
,"/Users/billyribeiro/Desktop/trading-room-app/apps/controller/src/lib/server/provision-room.ts": {"lines":{"total":17,"covered":0,"skipped":0,"pct":0},"functions":{"total":3,"covered":0,"skipped":0,"pct":0},"statements":{"total":21,"covered":0,"skipped":0,"pct":0},"branches":{"total":10,"covered":0,"skipped":0,"pct":0}}
,"/Users/billyribeiro/Desktop/trading-room-app/apps/controller/src/lib/server/recaptcha.ts": {"lines":{"total":21,"covered":20,"skipped":0,"pct":95.23},"functions":{"total":4,"covered":3,"skipped":0,"pct":75},"statements":{"total":26,"covered":25,"skipped":0,"pct":96.15},"branches":{"total":23,"covered":22,"skipped":0,"pct":95.65}}
,"/Users/billyribeiro/Desktop/trading-room-app/apps/controller/src/lib/server/room-handoff.ts": {"lines":{"total":32,"covered":28,"skipped":0,"pct":87.5},"functions":{"total":9,"covered":8,"skipped":0,"pct":88.88},"statements":{"total":39,"covered":34,"skipped":0,"pct":87.17},"branches":{"total":29,"covered":21,"skipped":0,"pct":72.41}}
,"/Users/billyribeiro/Desktop/trading-room-app/apps/controller/src/lib/server/room-visits.ts": {"lines":{"total":24,"covered":9,"skipped":0,"pct":37.5},"functions":{"total":3,"covered":1,"skipped":0,"pct":33.33},"statements":{"total":27,"covered":10,"skipped":0,"pct":37.03},"branches":{"total":31,"covered":21,"skipped":0,"pct":67.74}}
,"/Users/billyribeiro/Desktop/trading-room-app/apps/controller/src/lib/server/rooms.ts": {"lines":{"total":251,"covered":74,"skipped":0,"pct":29.48},"functions":{"total":57,"covered":17,"skipped":0,"pct":29.82},"statements":{"total":297,"covered":87,"skipped":0,"pct":29.29},"branches":{"total":146,"covered":43,"skipped":0,"pct":29.45}}
,"/Users/billyribeiro/Desktop/trading-room-app/apps/controller/src/lib/server/sanitize-html.ts": {"lines":{"total":0,"covered":0,"skipped":0,"pct":100},"functions":{"total":0,"covered":0,"skipped":0,"pct":100},"statements":{"total":0,"covered":0,"skipped":0,"pct":100},"branches":{"total":0,"covered":0,"skipped":0,"pct":100}}
,"/Users/billyribeiro/Desktop/trading-room-app/apps/controller/src/lib/server/sso-entitlement.ts": {"lines":{"total":23,"covered":23,"skipped":0,"pct":100},"functions":{"total":9,"covered":9,"skipped":0,"pct":100},"statements":{"total":30,"covered":30,"skipped":0,"pct":100},"branches":{"total":12,"covered":12,"skipped":0,"pct":100}}
,"/Users/billyribeiro/Desktop/trading-room-app/apps/controller/src/lib/server/sso-token.ts": {"lines":{"total":60,"covered":59,"skipped":0,"pct":98.33},"functions":{"total":11,"covered":11,"skipped":0,"pct":100},"statements":{"total":72,"covered":70,"skipped":0,"pct":97.22},"branches":{"total":72,"covered":70,"skipped":0,"pct":97.22}}
,"/Users/billyribeiro/Desktop/trading-room-app/apps/controller/src/lib/server/superadmin.ts": {"lines":{"total":34,"covered":29,"skipped":0,"pct":85.29},"functions":{"total":10,"covered":7,"skipped":0,"pct":70},"statements":{"total":37,"covered":31,"skipped":0,"pct":83.78},"branches":{"total":30,"covered":26,"skipped":0,"pct":86.66}}
,"/Users/billyribeiro/Desktop/trading-room-app/apps/controller/src/lib/server/db/ddl.js": {"lines":{"total":1,"covered":1,"skipped":0,"pct":100},"functions":{"total":0,"covered":0,"skipped":0,"pct":100},"statements":{"total":1,"covered":1,"skipped":0,"pct":100},"branches":{"total":0,"covered":0,"skipped":0,"pct":100}}
,"/Users/billyribeiro/Desktop/trading-room-app/apps/controller/src/lib/server/db/index.ts": {"lines":{"total":29,"covered":1,"skipped":0,"pct":3.44},"functions":{"total":9,"covered":0,"skipped":0,"pct":0},"statements":{"total":32,"covered":1,"skipped":0,"pct":3.12},"branches":{"total":15,"covered":0,"skipped":0,"pct":0}}
,"/Users/billyribeiro/Desktop/trading-room-app/apps/controller/src/lib/server/db/migrator.js": {"lines":{"total":32,"covered":12,"skipped":0,"pct":37.5},"functions":{"total":4,"covered":2,"skipped":0,"pct":50},"statements":{"total":32,"covered":12,"skipped":0,"pct":37.5},"branches":{"total":18,"covered":11,"skipped":0,"pct":61.11}}
,"/Users/billyribeiro/Desktop/trading-room-app/apps/controller/src/lib/server/db/schema.ts": {"lines":{"total":37,"covered":17,"skipped":0,"pct":45.94},"functions":{"total":20,"covered":0,"skipped":0,"pct":0},"statements":{"total":37,"covered":17,"skipped":0,"pct":45.94},"branches":{"total":0,"covered":0,"skipped":0,"pct":100}}
,"/Users/billyribeiro/Desktop/trading-room-app/apps/controller/src/lib/server/db/migrations/0001-email-verification.js": {"lines":{"total":1,"covered":1,"skipped":0,"pct":100},"functions":{"total":0,"covered":0,"skipped":0,"pct":100},"statements":{"total":1,"covered":1,"skipped":0,"pct":100},"branches":{"total":0,"covered":0,"skipped":0,"pct":100}}
,"/Users/billyribeiro/Desktop/trading-room-app/apps/controller/src/lib/server/db/migrations/0002-badge-dark-theme-and-room-archiving.js": {"lines":{"total":1,"covered":1,"skipped":0,"pct":100},"functions":{"total":0,"covered":0,"skipped":0,"pct":100},"statements":{"total":1,"covered":1,"skipped":0,"pct":100},"branches":{"total":0,"covered":0,"skipped":0,"pct":100}}
,"/Users/billyribeiro/Desktop/trading-room-app/apps/controller/src/lib/server/db/migrations/0003-room-short-code-sequence.js": {"lines":{"total":1,"covered":1,"skipped":0,"pct":100},"functions":{"total":0,"covered":0,"skipped":0,"pct":100},"statements":{"total":1,"covered":1,"skipped":0,"pct":100},"branches":{"total":0,"covered":0,"skipped":0,"pct":100}}
,"/Users/billyribeiro/Desktop/trading-room-app/apps/controller/src/lib/server/db/migrations/0004-backfill-room-public-id.js": {"lines":{"total":1,"covered":1,"skipped":0,"pct":100},"functions":{"total":0,"covered":0,"skipped":0,"pct":100},"statements":{"total":1,"covered":1,"skipped":0,"pct":100},"branches":{"total":0,"covered":0,"skipped":0,"pct":100}}
,"/Users/billyribeiro/Desktop/trading-room-app/apps/controller/src/lib/server/db/migrations/0005-open-existing-rooms.js": {"lines":{"total":1,"covered":1,"skipped":0,"pct":100},"functions":{"total":0,"covered":0,"skipped":0,"pct":100},"statements":{"total":1,"covered":1,"skipped":0,"pct":100},"branches":{"total":0,"covered":0,"skipped":0,"pct":100}}
,"/Users/billyribeiro/Desktop/trading-room-app/apps/controller/src/lib/server/db/migrations/0006-mobile-pair-attempts.js": {"lines":{"total":1,"covered":1,"skipped":0,"pct":100},"functions":{"total":0,"covered":0,"skipped":0,"pct":100},"statements":{"total":1,"covered":1,"skipped":0,"pct":100},"branches":{"total":0,"covered":0,"skipped":0,"pct":100}}
,"/Users/billyribeiro/Desktop/trading-room-app/apps/controller/src/lib/server/db/migrations/0007-room-sessions.js": {"lines":{"total":1,"covered":1,"skipped":0,"pct":100},"functions":{"total":0,"covered":0,"skipped":0,"pct":100},"statements":{"total":1,"covered":1,"skipped":0,"pct":100},"branches":{"total":0,"covered":0,"skipped":0,"pct":100}}
,"/Users/billyribeiro/Desktop/trading-room-app/apps/controller/src/lib/server/db/migrations/0008-backfill-owner-memberships.js": {"lines":{"total":1,"covered":1,"skipped":0,"pct":100},"functions":{"total":0,"covered":0,"skipped":0,"pct":100},"statements":{"total":1,"covered":1,"skipped":0,"pct":100},"branches":{"total":0,"covered":0,"skipped":0,"pct":100}}
,"/Users/billyribeiro/Desktop/trading-room-app/apps/controller/src/lib/server/db/migrations/0009-room-sessions-fk-actions.js": {"lines":{"total":1,"covered":1,"skipped":0,"pct":100},"functions":{"total":0,"covered":0,"skipped":0,"pct":100},"statements":{"total":1,"covered":1,"skipped":0,"pct":100},"branches":{"total":0,"covered":0,"skipped":0,"pct":100}}
,"/Users/billyribeiro/Desktop/trading-room-app/apps/controller/src/lib/server/db/migrations/index.js": {"lines":{"total":2,"covered":2,"skipped":0,"pct":100},"functions":{"total":0,"covered":0,"skipped":0,"pct":100},"statements":{"total":2,"covered":2,"skipped":0,"pct":100},"branches":{"total":0,"covered":0,"skipped":0,"pct":100}}
,"/Users/billyribeiro/Desktop/trading-room-app/apps/controller/src/routes/+layout.server.ts": {"lines":{"total":1,"covered":0,"skipped":0,"pct":0},"functions":{"total":1,"covered":0,"skipped":0,"pct":0},"statements":{"total":2,"covered":0,"skipped":0,"pct":0},"branches":{"total":0,"covered":0,"skipped":0,"pct":100}}
,"/Users/billyribeiro/Desktop/trading-room-app/apps/controller/src/routes/(app)/account/+page.server.ts": {"lines":{"total":136,"covered":0,"skipped":0,"pct":0},"functions":{"total":22,"covered":0,"skipped":0,"pct":0},"statements":{"total":152,"covered":0,"skipped":0,"pct":0},"branches":{"total":108,"covered":0,"skipped":0,"pct":0}}
,"/Users/billyribeiro/Desktop/trading-room-app/apps/controller/src/routes/(app)/account/api-docs/+page.server.ts": {"lines":{"total":3,"covered":0,"skipped":0,"pct":0},"functions":{"total":1,"covered":0,"skipped":0,"pct":0},"statements":{"total":3,"covered":0,"skipped":0,"pct":0},"branches":{"total":0,"covered":0,"skipped":0,"pct":100}}
,"/Users/billyribeiro/Desktop/trading-room-app/apps/controller/src/routes/(app)/account/rooms/[id]/[[tab]]/+page.server.ts": {"lines":{"total":328,"covered":0,"skipped":0,"pct":0},"functions":{"total":66,"covered":0,"skipped":0,"pct":0},"statements":{"total":369,"covered":0,"skipped":0,"pct":0},"branches":{"total":212,"covered":0,"skipped":0,"pct":0}}
,"/Users/billyribeiro/Desktop/trading-room-app/apps/controller/src/routes/(app)/account/rooms/[id]/stats.csv/+server.ts": {"lines":{"total":18,"covered":0,"skipped":0,"pct":0},"functions":{"total":2,"covered":0,"skipped":0,"pct":0},"statements":{"total":20,"covered":0,"skipped":0,"pct":0},"branches":{"total":14,"covered":0,"skipped":0,"pct":0}}
,"/Users/billyribeiro/Desktop/trading-room-app/apps/controller/src/routes/(app)/admin/+layout.server.ts": {"lines":{"total":8,"covered":0,"skipped":0,"pct":0},"functions":{"total":1,"covered":0,"skipped":0,"pct":0},"statements":{"total":8,"covered":0,"skipped":0,"pct":0},"branches":{"total":2,"covered":0,"skipped":0,"pct":0}}
,"/Users/billyribeiro/Desktop/trading-room-app/apps/controller/src/routes/(app)/admin/+page.server.ts": {"lines":{"total":44,"covered":0,"skipped":0,"pct":0},"functions":{"total":9,"covered":0,"skipped":0,"pct":0},"statements":{"total":51,"covered":0,"skipped":0,"pct":0},"branches":{"total":46,"covered":0,"skipped":0,"pct":0}}
,"/Users/billyribeiro/Desktop/trading-room-app/apps/controller/src/routes/(app)/launch/[id]/+server.ts": {"lines":{"total":17,"covered":0,"skipped":0,"pct":0},"functions":{"total":1,"covered":0,"skipped":0,"pct":0},"statements":{"total":20,"covered":0,"skipped":0,"pct":0},"branches":{"total":18,"covered":0,"skipped":0,"pct":0}}
,"/Users/billyribeiro/Desktop/trading-room-app/apps/controller/src/routes/(app)/logout/+page.server.ts": {"lines":{"total":4,"covered":0,"skipped":0,"pct":0},"functions":{"total":2,"covered":0,"skipped":0,"pct":0},"statements":{"total":5,"covered":0,"skipped":0,"pct":0},"branches":{"total":0,"covered":0,"skipped":0,"pct":100}}
,"/Users/billyribeiro/Desktop/trading-room-app/apps/controller/src/routes/(app-auth)/register/+page.server.ts": {"lines":{"total":40,"covered":0,"skipped":0,"pct":0},"functions":{"total":3,"covered":0,"skipped":0,"pct":0},"statements":{"total":41,"covered":0,"skipped":0,"pct":0},"branches":{"total":33,"covered":0,"skipped":0,"pct":0}}
,"/Users/billyribeiro/Desktop/trading-room-app/apps/controller/src/routes/(public)/contact/+page.server.ts": {"lines":{"total":12,"covered":0,"skipped":0,"pct":0},"functions":{"total":2,"covered":0,"skipped":0,"pct":0},"statements":{"total":13,"covered":0,"skipped":0,"pct":0},"branches":{"total":13,"covered":0,"skipped":0,"pct":0}}
,"/Users/billyribeiro/Desktop/trading-room-app/apps/controller/src/routes/(public)/forgot-password/+page.server.ts": {"lines":{"total":19,"covered":0,"skipped":0,"pct":0},"functions":{"total":2,"covered":0,"skipped":0,"pct":0},"statements":{"total":22,"covered":0,"skipped":0,"pct":0},"branches":{"total":16,"covered":0,"skipped":0,"pct":0}}
,"/Users/billyribeiro/Desktop/trading-room-app/apps/controller/src/routes/(public)/login/+page.server.ts": {"lines":{"total":31,"covered":0,"skipped":0,"pct":0},"functions":{"total":3,"covered":0,"skipped":0,"pct":0},"statements":{"total":33,"covered":0,"skipped":0,"pct":0},"branches":{"total":28,"covered":0,"skipped":0,"pct":0}}
,"/Users/billyribeiro/Desktop/trading-room-app/apps/controller/src/routes/(public)/ptr_app/sessions/v2/addUser/[publicId]/+server.ts": {"lines":{"total":31,"covered":0,"skipped":0,"pct":0},"functions":{"total":3,"covered":0,"skipped":0,"pct":0},"statements":{"total":38,"covered":0,"skipped":0,"pct":0},"branches":{"total":34,"covered":0,"skipped":0,"pct":0}}
,"/Users/billyribeiro/Desktop/trading-room-app/apps/controller/src/routes/(public)/reset-password/+page.server.ts": {"lines":{"total":23,"covered":0,"skipped":0,"pct":0},"functions":{"total":2,"covered":0,"skipped":0,"pct":0},"statements":{"total":28,"covered":0,"skipped":0,"pct":0},"branches":{"total":24,"covered":0,"skipped":0,"pct":0}}
,"/Users/billyribeiro/Desktop/trading-room-app/apps/controller/src/routes/(public)/session/[code]/+page.server.ts": {"lines":{"total":42,"covered":0,"skipped":0,"pct":0},"functions":{"total":4,"covered":0,"skipped":0,"pct":0},"statements":{"total":46,"covered":0,"skipped":0,"pct":0},"branches":{"total":47,"covered":0,"skipped":0,"pct":0}}
,"/Users/billyribeiro/Desktop/trading-room-app/apps/controller/src/routes/(public)/session/[code]/joined/+page.server.ts": {"lines":{"total":23,"covered":0,"skipped":0,"pct":0},"functions":{"total":1,"covered":0,"skipped":0,"pct":0},"statements":{"total":28,"covered":0,"skipped":0,"pct":0},"branches":{"total":22,"covered":0,"skipped":0,"pct":0}}
,"/Users/billyribeiro/Desktop/trading-room-app/apps/controller/src/routes/(public)/sso/[code]/+server.ts": {"lines":{"total":33,"covered":0,"skipped":0,"pct":0},"functions":{"total":2,"covered":0,"skipped":0,"pct":0},"statements":{"total":39,"covered":0,"skipped":0,"pct":0},"branches":{"total":41,"covered":0,"skipped":0,"pct":0}}
,"/Users/billyribeiro/Desktop/trading-room-app/apps/controller/src/routes/(public)/verify-email/+page.server.ts": {"lines":{"total":8,"covered":0,"skipped":0,"pct":0},"functions":{"total":1,"covered":0,"skipped":0,"pct":0},"statements":{"total":8,"covered":0,"skipped":0,"pct":0},"branches":{"total":6,"covered":0,"skipped":0,"pct":0}}
,"/Users/billyribeiro/Desktop/trading-room-app/apps/controller/src/routes/api/mobile/pair/+server.ts": {"lines":{"total":14,"covered":0,"skipped":0,"pct":0},"functions":{"total":1,"covered":0,"skipped":0,"pct":0},"statements":{"total":14,"covered":0,"skipped":0,"pct":0},"branches":{"total":8,"covered":0,"skipped":0,"pct":0}}
,"/Users/billyribeiro/Desktop/trading-room-app/apps/controller/src/routes/internal/mobile-pin/[code]/+server.ts": {"lines":{"total":22,"covered":0,"skipped":0,"pct":0},"functions":{"total":2,"covered":0,"skipped":0,"pct":0},"statements":{"total":27,"covered":0,"skipped":0,"pct":0},"branches":{"total":20,"covered":0,"skipped":0,"pct":0}}
,"/Users/billyribeiro/Desktop/trading-room-app/apps/controller/src/routes/internal/room-config/[code]/+server.ts": {"lines":{"total":20,"covered":0,"skipped":0,"pct":0},"functions":{"total":2,"covered":0,"skipped":0,"pct":0},"statements":{"total":21,"covered":0,"skipped":0,"pct":0},"branches":{"total":20,"covered":0,"skipped":0,"pct":0}}
,"/Users/billyribeiro/Desktop/trading-room-app/apps/controller/src/routes/internal/room-setting/[code]/+server.ts": {"lines":{"total":36,"covered":0,"skipped":0,"pct":0},"functions":{"total":2,"covered":0,"skipped":0,"pct":0},"statements":{"total":41,"covered":0,"skipped":0,"pct":0},"branches":{"total":28,"covered":0,"skipped":0,"pct":0}}
}
