TN:
SF:src/app.d.ts
FNF:0
FNH:0
LF:0
LH:0
BRF:0
BRH:0
end_of_record
TN:
SF:src/env.ts
FNF:0
FNH:0
DA:4,4
DA:5,4
DA:6,4
DA:15,4
LF:4
LH:4
BRF:0
BRH:0
end_of_record
TN:
SF:src/hooks.server.ts
FN:10,(anonymous_0)
FN:20,(anonymous_1)
FN:43,(anonymous_2)
FNF:3
FNH:0
FNDA:0,(anonymous_0)
FNDA:0,(anonymous_1)
FNDA:0,(anonymous_2)
DA:10,0
DA:11,0
DA:16,0
DA:17,0
DA:20,0
DA:21,0
DA:22,0
DA:28,0
DA:29,0
DA:30,0
DA:31,0
DA:34,0
DA:35,0
DA:43,0
DA:44,0
DA:60,0
DA:74,0
LF:17
LH:0
BRDA:11,0,0,0
BRDA:11,0,1,0
BRDA:22,1,0,0
BRDA:22,1,1,0
BRDA:28,2,0,0
BRDA:28,2,1,0
BRDA:66,3,0,0
BRDA:66,3,1,0
BRDA:67,4,0,0
BRDA:67,4,1,0
BRDA:68,5,0,0
BRDA:68,5,1,0
BRDA:71,6,0,0
BRDA:71,6,1,0
BRDA:71,7,0,0
BRDA:71,7,1,0
BRF:16
BRH:0
end_of_record
TN:
SF:src/lib/animate-once.ts
FN:22,animateOnce
FNF:1
FNH:0
FNDA:0,animateOnce
DA:20,0
DA:23,0
DA:24,0
DA:25,0
DA:26,0
LF:5
LH:0
BRDA:23,0,0,0
BRDA:23,0,1,0
BRDA:24,1,0,0
BRDA:24,1,1,0
BRF:4
BRH:0
end_of_record
TN:
SF:src/lib/auth-modes.ts
FN:45,(anonymous_0)
FN:46,(anonymous_1)
FN:48,(anonymous_2)
FN:51,(anonymous_3)
FNF:4
FNH:4
FNDA:6,(anonymous_0)
FNDA:17,(anonymous_1)
FNDA:18,(anonymous_2)
FNDA:7,(anonymous_3)
DA:23,5
DA:45,6
DA:46,17
DA:48,5
DA:49,18
DA:51,7
DA:59,5
LF:7
LH:7
BRDA:45,0,0,6
BRDA:45,0,1,5
BRDA:46,1,0,17
BRDA:46,1,1,16
BRDA:49,2,0,18
BRDA:49,2,1,17
BRDA:49,2,2,16
BRDA:49,2,3,15
BRDA:51,3,0,7
BRDA:51,3,1,6
BRF:10
BRH:10
end_of_record
TN:
SF:src/lib/bootbox.svelte.ts
FN:54,dismissPending
FN:61,requireBrowser
FN:66,current
FN:77,confirm
FN:80,(anonymous_4)
FN:96,prompt
FN:99,(anonymous_6)
FN:110,settle
FNF:8
FNH:0
FNDA:0,dismissPending
FNDA:0,requireBrowser
FNDA:0,current
FNDA:0,confirm
FNDA:0,(anonymous_4)
FNDA:0,prompt
FNDA:0,(anonymous_6)
FNDA:0,settle
DA:52,11
DA:55,0
DA:56,0
DA:57,0
DA:58,0
DA:62,0
DA:65,11
DA:67,0
DA:78,0
DA:79,0
DA:80,0
DA:81,0
DA:97,0
DA:98,0
DA:99,0
DA:100,0
DA:111,0
DA:112,0
DA:113,0
DA:114,0
DA:115,0
DA:116,0
LF:22
LH:2
BRDA:57,0,0,0
BRDA:57,0,1,0
BRDA:62,1,0,0
BRDA:62,1,1,0
BRDA:77,2,0,0
BRDA:96,3,0,0
BRDA:96,4,0,0
BRDA:114,5,0,0
BRDA:114,5,1,0
BRDA:115,6,0,0
BRDA:115,6,1,0
BRDA:115,7,0,0
BRDA:115,7,1,0
BRF:13
BRH:0
end_of_record
TN:
SF:src/lib/bootstrap-tooltip.ts
FN:14,bottomTooltip
FN:15,(anonymous_1)
FN:20,updateDescription
FN:29,position
FN:61,removePopup
FN:73,hide
FN:86,show
FN:119,(anonymous_7)
FN:125,onkeydown
FN:135,(anonymous_9)
FNF:10
FNH:0
FNDA:0,bottomTooltip
FNDA:0,(anonymous_1)
FNDA:0,updateDescription
FNDA:0,position
FNDA:0,removePopup
FNDA:0,hide
FNDA:0,show
FNDA:0,(anonymous_7)
FNDA:0,onkeydown
FNDA:0,(anonymous_9)
DA:15,0
DA:16,0
DA:17,0
DA:18,0
DA:21,0
DA:22,0
DA:23,0
DA:25,0
DA:26,0
DA:30,0
DA:31,0
DA:32,0
DA:34,0
DA:39,0
DA:42,0
DA:43,0
DA:45,0
DA:47,0
DA:50,0
DA:51,0
DA:57,0
DA:58,0
DA:62,0
DA:63,0
DA:64,0
DA:65,0
DA:66,0
DA:67,0
DA:68,0
DA:69,0
DA:70,0
DA:74,0
DA:75,0
DA:76,0
DA:77,0
DA:78,0
DA:79,0
DA:80,0
DA:83,0
DA:87,0
DA:88,0
DA:89,0
DA:90,0
DA:91,0
DA:92,0
DA:93,0
DA:94,0
DA:95,0
DA:98,0
DA:99,0
DA:100,0
DA:101,0
DA:103,0
DA:104,0
DA:105,0
DA:106,0
DA:107,0
DA:108,0
DA:110,0
DA:111,0
DA:112,0
DA:113,0
DA:114,0
DA:115,0
DA:116,0
DA:117,0
DA:118,0
DA:119,0
DA:120,0
DA:121,0
DA:126,0
DA:129,0
DA:130,0
DA:131,0
DA:132,0
DA:133,0
DA:135,0
DA:136,0
DA:137,0
DA:138,0
DA:139,0
DA:140,0
DA:141,0
DA:142,0
LF:84
LH:0
BRDA:21,0,0,0
BRDA:21,0,1,0
BRDA:22,1,0,0
BRDA:22,1,1,0
BRDA:25,2,0,0
BRDA:25,2,1,0
BRDA:30,3,0,0
BRDA:30,3,1,0
BRDA:35,4,0,0
BRDA:35,4,1,0
BRDA:35,4,2,0
BRDA:42,5,0,0
BRDA:42,5,1,0
BRDA:45,6,0,0
BRDA:45,6,1,0
BRDA:47,7,0,0
BRDA:47,7,1,0
BRDA:57,8,0,0
BRDA:57,8,1,0
BRDA:58,9,0,0
BRDA:58,9,1,0
BRDA:62,10,0,0
BRDA:62,10,1,0
BRDA:63,11,0,0
BRDA:63,11,1,0
BRDA:65,12,0,0
BRDA:65,12,1,0
BRDA:74,13,0,0
BRDA:74,13,1,0
BRDA:75,14,0,0
BRDA:75,14,1,0
BRDA:87,15,0,0
BRDA:87,15,1,0
BRDA:88,16,0,0
BRDA:88,16,1,0
BRDA:126,17,0,0
BRDA:126,17,1,0
BRF:37
BRH:0
end_of_record
TN:
SF:src/lib/chrome.ts
FN:52,resolveChrome
FN:55,(anonymous_1)
FNF:2
FNH:2
FNDA:17,resolveChrome
FNDA:74,(anonymous_1)
DA:37,1
DA:53,17
DA:54,16
DA:55,74
DA:56,8
LF:5
LH:5
BRDA:53,0,0,1
BRDA:53,0,1,16
BRDA:54,1,0,1
BRDA:54,1,1,15
BRDA:55,2,0,7
BRDA:55,2,1,8
BRDA:55,3,0,74
BRDA:55,3,1,69
BRF:8
BRH:8
end_of_record
TN:
SF:src/lib/dom-shape.ts
FN:51,shapeOf
FN:212,(anonymous_1)
FN:223,skipSubtree
FN:236,(anonymous_3)
FN:240,sideBySide
FNF:5
FNH:5
FNDA:17,shapeOf
FNDA:4696,(anonymous_1)
FNDA:216,skipSubtree
FNDA:5339,(anonymous_3)
FNDA:9,sideBySide
DA:43,3
DA:61,17
DA:63,17
DA:64,17
DA:67,17
DA:68,12459
DA:70,12459
DA:71,4981
DA:75,4981
DA:76,4981
DA:78,7478
DA:88,4128
DA:89,12459
DA:92,12459
DA:94,185
DA:95,185
DA:96,185
DA:117,3943
DA:119,29
DA:120,29
DA:121,29
DA:140,3914
DA:141,12459
DA:142,25
DA:143,25
DA:144,4
DA:145,4
DA:183,3910
DA:185,12459
DA:186,2
DA:187,2
DA:188,2
DA:209,3908
DA:210,3783
DA:212,4696
DA:213,3588
DA:214,312
DA:215,312
DA:217,3276
DA:219,17
DA:224,216
DA:225,216
DA:226,216
DA:228,216
DA:229,246
DA:230,246
DA:232,3
DA:236,3
DA:237,5339
DA:245,9
DA:246,9
DA:247,9
DA:248,2687
DA:249,2687
DA:250,2687
DA:251,2687
DA:252,2687
DA:254,9
LF:58
LH:58
BRDA:51,0,0,17
BRDA:51,1,0,17
BRDA:70,2,0,4981
BRDA:70,2,1,7478
BRDA:75,3,0,1672
BRDA:75,3,1,3309
BRDA:78,4,0,3350
BRDA:78,4,1,4128
BRDA:88,5,0,4128
BRDA:88,5,1,1484
BRDA:88,6,0,4128
BRDA:88,6,1,0
BRDA:92,7,0,185
BRDA:92,7,1,12274
BRDA:92,8,0,12459
BRDA:92,8,1,1939
BRDA:95,9,0,183
BRDA:95,9,1,2
BRDA:117,10,0,29
BRDA:117,10,1,3914
BRDA:117,11,0,3943
BRDA:117,11,1,0
BRDA:120,12,0,28
BRDA:120,12,1,1
BRDA:140,13,0,3914
BRDA:140,13,1,63
BRDA:140,13,2,36
BRDA:140,14,0,36
BRDA:140,14,1,0
BRDA:141,15,0,25
BRDA:141,15,1,12434
BRDA:143,16,0,4
BRDA:143,16,1,21
BRDA:183,17,0,3910
BRDA:183,17,1,108
BRDA:183,17,2,1
BRDA:183,17,3,107
BRDA:185,18,0,2
BRDA:185,18,1,12457
BRDA:187,19,0,2
BRDA:187,19,1,0
BRDA:209,20,0,125
BRDA:209,20,1,3783
BRDA:210,21,0,195
BRDA:210,21,1,3588
BRDA:210,22,0,3783
BRDA:210,22,1,221
BRDA:210,23,0,221
BRDA:210,23,1,0
BRDA:213,24,0,312
BRDA:213,24,1,3276
BRDA:213,25,0,3588
BRDA:213,25,1,2998
BRDA:213,25,2,842
BRDA:229,26,0,226
BRDA:229,26,1,20
BRDA:230,27,0,213
BRDA:230,27,1,33
BRDA:237,28,0,1633
BRDA:237,28,1,3706
BRDA:237,29,0,3706
BRDA:237,29,1,0
BRDA:243,30,0,9
BRDA:248,31,0,2679
BRDA:248,31,1,8
BRDA:249,32,0,2660
BRDA:249,32,1,27
BRDA:251,33,0,142
BRDA:251,33,1,2545
BRDA:252,34,0,2545
BRDA:252,34,1,142
BRF:71
BRH:65
end_of_record
TN:
SF:src/lib/editable-display.ts
FN:31,isBlank
FN:40,isEditableEmpty
FN:45,editableText
FN:53,(anonymous_3)
FNF:4
FNH:4
FNDA:143,isBlank
FNDA:139,isEditableEmpty
FNDA:265,editableText
FNDA:100,(anonymous_3)
DA:32,143
DA:41,139
DA:50,265
DA:52,139
DA:53,100
DA:54,16
DA:56,138
DA:57,24
LF:8
LH:8
BRDA:32,0,0,143
BRDA:32,0,1,143
BRDA:32,0,2,35
BRDA:41,1,0,139
BRDA:41,1,1,136
BRDA:50,2,0,126
BRDA:50,2,1,139
BRDA:50,3,0,12
BRDA:50,3,1,114
BRDA:52,4,0,16
BRDA:52,4,1,123
BRDA:53,5,0,100
BRDA:53,5,1,98
BRDA:54,6,0,1
BRDA:54,6,1,15
BRDA:56,7,0,114
BRDA:56,7,1,24
BRF:17
BRH:17
end_of_record
TN:
SF:src/lib/features.ts
FN:55,resolveFeatureReadiness
FN:61,(anonymous_1)
FNF:2
FNH:2
FNDA:2,resolveFeatureReadiness
FNDA:4,(anonymous_1)
DA:23,1
DA:56,2
DA:57,8
DA:58,2
DA:61,4
LF:5
LH:5
BRF:0
BRH:0
end_of_record
TN:
SF:src/lib/focus-date-field.ts
FN:36,focusDateField
FNF:1
FNH:1
FNDA:6,focusDateField
DA:44,6
DA:47,6
DA:49,3
DA:50,3
LF:4
LH:4
BRDA:47,0,0,3
BRDA:47,0,1,3
BRF:2
BRH:2
end_of_record
TN:
SF:src/lib/humanize-duration.ts
FN:17,humanizeDuration
FNF:1
FNH:1
FNDA:15,humanizeDuration
DA:18,15
DA:19,15
DA:21,13
DA:22,11
DA:24,10
DA:25,10
DA:26,8
DA:28,7
DA:29,7
DA:31,2
DA:32,2
DA:34,0
DA:35,0
DA:37,0
DA:38,0
LF:15
LH:11
BRDA:19,0,0,2
BRDA:19,0,1,13
BRDA:19,1,0,15
BRDA:19,1,1,14
BRDA:21,2,0,2
BRDA:21,2,1,11
BRDA:22,3,0,1
BRDA:22,3,1,10
BRDA:25,4,0,2
BRDA:25,4,1,8
BRDA:26,5,0,1
BRDA:26,5,1,7
BRDA:29,6,0,5
BRDA:29,6,1,2
BRDA:32,7,0,2
BRDA:32,7,1,0
BRDA:32,8,0,1
BRDA:32,8,1,1
BRDA:35,9,0,0
BRDA:35,9,1,0
BRDA:35,10,0,0
BRDA:35,10,1,0
BRDA:38,11,0,0
BRDA:38,11,1,0
BRF:24
BRH:17
end_of_record
TN:
SF:src/lib/last-login-format.ts
FN:12,formatLastLogin
FN:14,(anonymous_1)
FNF:2
FNH:2
FNDA:10,formatLastLogin
FNDA:30,(anonymous_1)
DA:13,10
DA:14,30
DA:15,10
DA:17,10
DA:18,10
DA:19,10
LF:6
LH:6
BRDA:17,0,0,3
BRDA:17,0,1,7
BRDA:18,1,0,3
BRDA:18,1,1,7
BRF:4
BRH:4
end_of_record
TN:
SF:src/lib/money.ts
FN:55,minorUnitDigits
FN:63,symbolFor
FN:71,groupThousands
FN:84,formatMoney
FNF:4
FNH:4
FNDA:2000073,minorUnitDigits
FNDA:2000044,symbolFor
FNDA:2000044,groupThousands
FNDA:2000051,formatMoney
DA:43,1
DA:52,1
DA:56,2000073
DA:57,2000073
DA:58,2000037
DA:59,2000028
DA:64,2000044
DA:65,26
DA:66,25
DA:67,24
DA:72,2000044
DA:85,2000051
DA:86,2000049
DA:87,2000047
DA:88,2
DA:93,2000045
DA:94,1
DA:100,2000044
DA:101,2000051
DA:104,2000051
DA:105,2000051
DA:108,2000051
DA:109,18
DA:111,2000026
DA:112,2000026
DA:113,2000026
DA:114,2000026
DA:117,2000044
DA:119,2000044
DA:120,2000051
LF:30
LH:30
BRDA:57,0,0,36
BRDA:57,0,1,2000037
BRDA:58,1,0,9
BRDA:58,1,1,2000028
BRDA:64,2,0,2000018
BRDA:64,2,1,26
BRDA:65,3,0,1
BRDA:65,3,1,25
BRDA:66,4,0,1
BRDA:66,4,1,24
BRDA:84,5,0,2000051
BRDA:85,6,0,2
BRDA:85,6,1,2000049
BRDA:85,7,0,2000051
BRDA:85,7,1,2000050
BRDA:86,8,0,2
BRDA:86,8,1,2000047
BRDA:87,9,0,2
BRDA:87,9,1,2000045
BRDA:93,10,0,1
BRDA:93,10,1,2000044
BRDA:100,11,0,2000044
BRDA:100,11,1,1
BRDA:108,12,0,18
BRDA:108,12,1,2000026
BRDA:111,13,0,4
BRDA:111,13,1,2000022
BRDA:119,14,0,4
BRDA:119,14,1,2000040
BRDA:120,15,0,2000020
BRDA:120,15,1,24
BRF:31
BRH:31
end_of_record
TN:
SF:src/lib/motion.ts
FN:84,prefersReducedMotion
FN:88,(anonymous_1)
FN:107,reveal
FN:111,(anonymous_3)
FN:130,(anonymous_4)
FN:141,parallax
FN:144,(anonymous_6)
FN:155,(anonymous_7)
FN:167,magnetic
FN:171,(anonymous_9)
FN:176,onMove
FN:182,onLeave
FN:190,(anonymous_12)
FN:206,splitChars
FN:221,(anonymous_14)
FN:221,(anonymous_15)
FN:227,(anonymous_16)
FNF:17
FNH:0
FNDA:0,prefersReducedMotion
FNDA:0,(anonymous_1)
FNDA:0,reveal
FNDA:0,(anonymous_3)
FNDA:0,(anonymous_4)
FNDA:0,parallax
FNDA:0,(anonymous_6)
FNDA:0,(anonymous_7)
FNDA:0,magnetic
FNDA:0,(anonymous_9)
FNDA:0,onMove
FNDA:0,onLeave
FNDA:0,(anonymous_12)
FNDA:0,splitChars
FNDA:0,(anonymous_14)
FNDA:0,(anonymous_15)
FNDA:0,(anonymous_16)
DA:78,0
DA:79,0
DA:85,0
DA:88,0
DA:108,0
DA:109,0
DA:111,0
DA:112,0
DA:113,0
DA:114,0
DA:119,0
DA:120,0
DA:130,0
DA:131,0
DA:132,0
DA:133,0
DA:142,0
DA:144,0
DA:145,0
DA:155,0
DA:156,0
DA:157,0
DA:158,0
DA:168,0
DA:169,0
DA:171,0
DA:172,0
DA:173,0
DA:174,0
DA:177,0
DA:178,0
DA:179,0
DA:183,0
DA:184,0
DA:187,0
DA:188,0
DA:190,0
DA:191,0
DA:192,0
DA:194,0
DA:195,0
DA:196,0
DA:210,0
DA:211,0
DA:212,0
DA:213,0
DA:214,0
DA:215,0
DA:217,0
DA:220,0
DA:221,0
DA:223,0
DA:224,0
DA:226,0
DA:227,0
DA:228,0
DA:229,0
DA:230,0
DA:231,0
DA:232,0
DA:233,0
DA:234,0
DA:235,0
DA:236,0
DA:237,0
DA:238,0
DA:240,0
DA:241,0
DA:244,0
LF:69
LH:0
BRDA:78,0,0,0
BRDA:78,0,1,0
BRDA:85,1,0,0
BRDA:85,1,1,0
BRDA:107,2,0,0
BRDA:108,3,0,0
BRDA:108,3,1,0
BRDA:109,4,0,0
BRDA:109,5,0,0
BRDA:109,6,0,0
BRDA:109,7,0,0
BRDA:113,8,0,0
BRDA:113,8,1,0
BRDA:114,9,0,0
BRDA:114,9,1,0
BRDA:142,10,0,0
BRDA:142,10,1,0
BRDA:167,11,0,0
BRDA:168,12,0,0
BRDA:168,12,1,0
BRDA:169,13,0,0
BRDA:169,13,1,0
BRDA:169,14,0,0
BRDA:169,14,1,0
BRDA:213,15,0,0
BRDA:213,15,1,0
BRDA:217,16,0,0
BRDA:217,16,1,0
BRDA:228,17,0,0
BRDA:228,17,1,0
BRF:30
BRH:0
end_of_record
TN:
SF:src/lib/reference-users.ts
FN:34,referenceUsers
FN:58,textAfterTag
FNF:2
FNH:2
FNDA:2,referenceUsers
FNDA:12,textAfterTag
DA:35,2
DA:37,2
DA:38,6
DA:45,6
DA:46,6
DA:48,6
DA:49,6
DA:51,6
DA:54,2
DA:59,12
DA:60,12
DA:61,12
DA:62,12
DA:63,12
LF:14
LH:14
BRDA:46,0,0,0
BRDA:46,0,1,6
BRDA:49,1,0,0
BRDA:49,1,1,6
BRDA:60,2,0,0
BRDA:60,2,1,12
BRDA:63,3,0,0
BRDA:63,3,1,12
BRF:8
BRH:4
end_of_record
TN:
SF:src/lib/room-config.ts
FN:45,classify
FN:73,resolveRoomConfig
FN:352,isRoomWritableSetting
FN:362,roomVisibleConfig
FN:374,(anonymous_4)
FN:382,isUserEditable
FNF:6
FNH:6
FNDA:3240,classify
FNDA:11,resolveRoomConfig
FNDA:7,isRoomWritableSetting
FNDA:5,roomVisibleConfig
FNDA:8,(anonymous_4)
FNDA:4,isUserEditable
DA:42,3
DA:43,3
DA:46,3240
DA:47,3226
DA:48,2787
DA:56,3
DA:74,11
DA:75,11
DA:76,11
DA:78,11
DA:79,2959
DA:80,2959
DA:82,2959
DA:84,2959
DA:87,396
DA:88,396
DA:89,396
DA:92,11
DA:93,11
DA:95,11
DA:96,11
DA:99,2552
DA:103,11
DA:133,3
DA:322,3
DA:341,3
DA:343,3
DA:353,7
DA:366,5
DA:367,5
DA:368,5
DA:369,165
DA:372,165
DA:374,8
DA:383,4
DA:384,4
DA:385,3
DA:386,2
DA:387,2
LF:39
LH:39
BRDA:46,0,0,14
BRDA:46,0,1,3226
BRDA:47,1,0,439
BRDA:47,1,1,2787
BRDA:73,2,0,11
BRDA:82,3,0,2420
BRDA:82,3,1,539
BRDA:84,4,0,396
BRDA:84,4,1,11
BRDA:84,4,2,2552
BRDA:88,5,0,11
BRDA:88,5,1,385
BRDA:88,6,0,396
BRDA:88,6,1,12
BRDA:88,6,2,12
BRDA:93,7,0,11
BRDA:93,7,1,0
BRDA:95,8,0,2
BRDA:95,8,1,9
BRDA:353,9,0,7
BRDA:353,9,1,1
BRDA:364,10,0,5
BRDA:372,11,0,12
BRDA:372,11,1,153
BRDA:384,12,0,1
BRDA:384,12,1,3
BRDA:385,13,0,1
BRDA:385,13,1,2
BRDA:387,14,0,2
BRDA:387,14,1,1
BRDA:387,14,2,1
BRF:31
BRH:30
end_of_record
TN:
SF:src/lib/room-entry.ts
FN:44,resolveAuthMode
FN:58,acceptsRoomPassword
FN:69,acceptsFreeTrialPassword
FN:74,isRegistrationMode
FN:156,commaList
FN:159,(anonymous_5)
FN:171,matchPassword
FN:179,(anonymous_7)
FN:197,isBannedIp
FN:210,decideRoomEntry
FN:214,(anonymous_10)
FN:233,(anonymous_11)
FNF:12
FNH:12
FNDA:24,resolveAuthMode
FNDA:31,acceptsRoomPassword
FNDA:22,acceptsFreeTrialPassword
FNDA:3,isRegistrationMode
FNDA:21,commaList
FNDA:24,(anonymous_5)
FNDA:19,matchPassword
FNDA:21,(anonymous_7)
FNDA:22,isBannedIp
FNDA:20,decideRoomEntry
FNDA:10,(anonymous_10)
FNDA:5,(anonymous_11)
DA:33,1
DA:45,24
DA:59,31
DA:70,22
DA:75,3
DA:157,21
DA:159,24
DA:176,19
DA:178,19
DA:179,21
DA:182,19
DA:184,19
DA:185,7
DA:186,3
DA:187,1
DA:198,22
DA:199,5
DA:211,20
DA:212,20
DA:213,20
DA:214,20
DA:221,20
DA:222,2
DA:224,18
DA:225,1
DA:227,17
DA:228,1
DA:231,16
DA:232,16
DA:233,16
DA:234,2
DA:237,14
DA:238,14
DA:239,0
DA:242,14
DA:243,2
DA:250,12
DA:251,20
DA:252,1
DA:255,11
DA:256,11
DA:257,11
DA:258,1
DA:259,1
DA:260,0
DA:262,1
DA:265,11
DA:266,1
DA:269,10
DA:278,1
LF:50
LH:48
BRDA:45,0,0,5
BRDA:45,0,1,19
BRDA:45,1,0,24
BRDA:45,1,1,17
BRDA:59,2,0,31
BRDA:59,2,1,22
BRDA:70,3,0,22
BRDA:70,3,1,14
BRDA:70,3,2,13
BRDA:75,4,0,3
BRDA:75,4,1,2
BRDA:157,5,0,21
BRDA:157,5,1,13
BRDA:178,6,0,7
BRDA:178,6,1,12
BRDA:179,7,0,21
BRDA:179,7,1,3
BRDA:182,8,0,7
BRDA:182,8,1,12
BRDA:182,9,0,7
BRDA:182,9,1,0
BRDA:184,10,0,12
BRDA:184,10,1,7
BRDA:184,11,0,19
BRDA:184,11,1,13
BRDA:185,12,0,4
BRDA:185,12,1,3
BRDA:186,13,0,2
BRDA:186,13,1,1
BRDA:186,14,0,3
BRDA:186,14,1,3
BRDA:198,15,0,17
BRDA:198,15,1,5
BRDA:212,16,0,20
BRDA:212,16,1,19
BRDA:212,17,0,20
BRDA:212,17,1,19
BRDA:213,18,0,20
BRDA:213,18,1,19
BRDA:217,19,0,10
BRDA:217,19,1,9
BRDA:221,20,0,2
BRDA:221,20,1,18
BRDA:224,21,0,1
BRDA:224,21,1,17
BRDA:227,22,0,1
BRDA:227,22,1,16
BRDA:227,23,0,17
BRDA:227,23,1,16
BRDA:232,24,0,0
BRDA:232,24,1,16
BRDA:233,25,0,2
BRDA:233,25,1,14
BRDA:238,26,0,0
BRDA:238,26,1,14
BRDA:238,27,0,14
BRDA:238,27,1,14
BRDA:242,28,0,2
BRDA:242,28,1,12
BRDA:242,29,0,14
BRDA:242,29,1,3
BRDA:250,30,0,12
BRDA:250,30,1,9
BRDA:251,31,0,1
BRDA:251,31,1,19
BRDA:251,32,0,20
BRDA:251,32,1,2
BRDA:251,33,0,2
BRDA:251,33,1,1
BRDA:257,34,0,1
BRDA:257,34,1,10
BRDA:258,35,0,0
BRDA:258,35,1,1
BRDA:259,36,0,0
BRDA:259,36,1,1
BRDA:265,37,0,1
BRDA:265,37,1,10
BRDA:265,38,0,11
BRDA:265,38,1,2
BRDA:265,39,0,11
BRDA:265,39,1,9
BRF:81
BRH:76
end_of_record
TN:
SF:src/lib/room-member-role.ts
FN:8,isRoomPresenter
FN:13,isRoomTrial
FN:18,shouldRemoveAsNonPresenter
FN:23,shouldRemoveAsFreeTrial
FNF:4
FNH:4
FNDA:6,isRoomPresenter
FNDA:5,isRoomTrial
FNDA:4,shouldRemoveAsNonPresenter
FNDA:4,shouldRemoveAsFreeTrial
DA:9,6
DA:14,5
DA:19,4
DA:24,4
LF:4
LH:4
BRDA:9,0,0,6
BRDA:9,0,1,4
BRDA:19,1,0,4
BRDA:19,1,1,3
BRDA:24,2,0,4
BRDA:24,2,1,3
BRF:6
BRH:6
end_of_record
TN:
SF:src/lib/room-settings-help.ts
FN:116,settingHelp
FNF:1
FNH:1
FNDA:210,settingHelp
DA:61,5
DA:82,5
DA:119,210
DA:120,210
DA:123,153
DA:124,210
LF:6
LH:6
BRDA:119,0,0,210
BRDA:119,0,1,207
BRDA:120,1,0,57
BRDA:120,1,1,153
BRDA:120,2,0,210
BRDA:120,2,1,153
BRDA:123,3,0,153
BRDA:123,3,1,0
BRDA:123,4,0,153
BRDA:123,4,1,1
BRF:10
BRH:9
end_of_record
TN:
SF:src/lib/room-settings-profile.ts
FN:235,newRoomSettings
FN:240,unknownProfileSettings
FN:241,(anonymous_2)
FN:242,(anonymous_3)
FNF:4
FNH:4
FNDA:2,newRoomSettings
FNDA:1,unknownProfileSettings
FNDA:35,(anonymous_2)
FNDA:71,(anonymous_3)
DA:38,1
DA:92,1
DA:236,2
DA:241,35
DA:242,71
LF:5
LH:5
BRF:0
BRH:0
end_of_record
TN:
SF:src/lib/sanitize-html.ts
FN:70,safeUrl
FN:81,filterStyle
FN:84,(anonymous_2)
FN:86,(anonymous_3)
FN:100,sanitizeHtml
FN:154,(anonymous_5)
FN:158,(anonymous_6)
FN:159,(anonymous_7)
FN:163,(anonymous_8)
FN:164,(anonymous_9)
FNF:10
FNH:10
FNDA:11,safeUrl
FNDA:3,filterStyle
FNDA:3,(anonymous_2)
FNDA:3,(anonymous_3)
FNDA:37,sanitizeHtml
FNDA:4,(anonymous_5)
FNDA:5,(anonymous_6)
FNDA:6,(anonymous_7)
FNDA:5,(anonymous_8)
FNDA:5,(anonymous_9)
DA:10,5
DA:48,5
DA:56,5
DA:71,11
DA:72,11
DA:73,11
DA:74,7
DA:75,3
DA:76,2
DA:78,5
DA:82,3
DA:84,3
DA:87,3
DA:88,3
DA:89,3
DA:90,1
DA:101,37
DA:103,35
DA:104,35
DA:105,35
DA:108,35
DA:109,113
DA:111,113
DA:112,36
DA:113,36
DA:115,77
DA:117,77
DA:118,113
DA:120,53
DA:121,24
DA:122,24
DA:123,22
DA:124,22
DA:126,22
DA:128,24
DA:131,29
DA:132,29
DA:134,29
DA:135,23
DA:136,23
DA:137,23
DA:139,23
DA:141,20
DA:142,11
DA:143,11
DA:144,5
DA:146,14
DA:147,3
DA:148,3
DA:151,12
DA:154,29
DA:155,3
DA:158,29
DA:159,6
DA:160,3
DA:161,3
DA:163,5
DA:164,5
DA:166,3
DA:167,6
DA:170,3
DA:171,3
DA:172,2
DA:175,29
DA:176,113
DA:177,113
DA:180,35
DA:181,2
DA:184,35
LF:69
LH:69
BRDA:73,0,0,4
BRDA:73,0,1,7
BRDA:74,1,0,3
BRDA:74,1,1,4
BRDA:75,2,0,1
BRDA:75,2,1,2
BRDA:76,3,0,1
BRDA:76,3,1,1
BRDA:89,4,0,2
BRDA:89,4,1,1
BRDA:101,5,0,2
BRDA:101,5,1,35
BRDA:111,6,0,36
BRDA:111,6,1,77
BRDA:115,7,0,0
BRDA:115,7,1,77
BRDA:117,8,0,77
BRDA:117,8,1,0
BRDA:118,9,0,24
BRDA:118,9,1,89
BRDA:120,10,0,24
BRDA:120,10,1,29
BRDA:122,11,0,22
BRDA:122,11,1,2
BRDA:134,12,0,29
BRDA:134,12,1,0
BRDA:136,13,0,23
BRDA:136,13,1,0
BRDA:137,14,0,23
BRDA:137,14,1,0
BRDA:137,15,0,23
BRDA:137,15,1,0
BRDA:139,16,0,3
BRDA:139,16,1,20
BRDA:139,17,0,23
BRDA:139,17,1,6
BRDA:141,18,0,11
BRDA:141,18,1,9
BRDA:141,19,0,20
BRDA:141,19,1,13
BRDA:143,20,0,6
BRDA:143,20,1,5
BRDA:146,21,0,3
BRDA:146,21,1,11
BRDA:148,22,0,2
BRDA:148,22,1,1
BRDA:154,23,0,3
BRDA:154,23,1,26
BRDA:154,24,0,29
BRDA:154,24,1,4
BRDA:158,25,0,3
BRDA:158,25,1,26
BRDA:158,26,0,29
BRDA:158,26,1,9
BRDA:160,27,0,1
BRDA:160,27,1,2
BRDA:164,28,0,5
BRDA:164,28,1,4
BRDA:167,29,0,5
BRDA:167,29,1,1
BRDA:171,30,0,1
BRDA:171,30,1,2
BRDA:175,31,0,29
BRDA:175,31,1,28
BRDA:175,31,2,24
BRDA:176,32,0,9
BRDA:176,32,1,20
BRDA:176,33,0,5
BRDA:176,33,1,24
BRDA:177,34,0,24
BRDA:177,34,1,89
BRF:71
BRH:65
end_of_record
TN:
SF:src/lib/sanitized-html.ts
FNF:0
FNH:0
LF:0
LH:0
BRF:0
BRH:0
end_of_record
TN:
SF:src/lib/stats-csv.ts
FN:43,csvName
FN:53,statsWhen
FN:57,(anonymous_2)
FN:69,buildStatsCsv
FN:74,(anonymous_4)
FN:92,(anonymous_5)
FN:99,statsFilename
FNF:7
FNH:7
FNDA:10,csvName
FNDA:15,statsWhen
FNDA:48,(anonymous_2)
FNDA:8,buildStatsCsv
FNDA:72,(anonymous_4)
FNDA:58,(anonymous_5)
FNDA:2,statsFilename
DA:24,2
DA:44,10
DA:54,15
DA:55,12
DA:56,12
DA:57,48
DA:58,15
DA:73,8
DA:74,72
DA:75,8
DA:77,8
DA:78,7
DA:79,7
DA:80,7
DA:92,58
DA:95,8
DA:100,2
LF:17
LH:17
BRDA:44,0,0,8
BRDA:44,0,1,2
BRDA:44,1,0,10
BRDA:44,1,1,9
BRDA:54,2,0,3
BRDA:54,2,1,12
BRDA:56,3,0,12
BRDA:56,3,1,0
BRDA:58,4,0,11
BRDA:58,4,1,1
BRDA:74,5,0,72
BRDA:74,5,1,45
BRDA:79,6,0,5
BRDA:79,6,1,2
BRDA:83,7,0,2
BRDA:83,7,1,5
BRDA:83,8,0,2
BRDA:83,8,1,1
BRDA:84,9,0,7
BRDA:84,9,1,0
BRDA:88,10,0,5
BRDA:88,10,1,2
BRDA:90,11,0,7
BRDA:90,11,1,0
BRF:24
BRH:21
end_of_record
TN:
SF:src/lib/toast.svelte.ts
FN:45,push
FN:54,(anonymous_1)
FN:57,dismiss
FN:58,(anonymous_3)
FN:63,(anonymous_4)
FN:64,(anonymous_5)
FNF:6
FNH:0
FNDA:0,push
FNDA:0,(anonymous_1)
FNDA:0,dismiss
FNDA:0,(anonymous_3)
FNDA:0,(anonymous_4)
FNDA:0,(anonymous_5)
DA:34,4
DA:40,4
DA:43,4
DA:46,0
DA:47,0
DA:54,0
DA:58,0
DA:59,0
DA:62,4
DA:63,0
DA:64,0
LF:11
LH:4
BRDA:59,0,0,0
BRDA:59,0,1,0
BRF:2
BRH:0
end_of_record
TN:
SF:src/lib/components/home/market-feed.ts
FN:20,mulberry32
FN:22,(anonymous_1)
FN:35,createWalk
FN:41,next
FN:48,series
FN:49,(anonymous_5)
FNF:6
FNH:0
FNDA:0,mulberry32
FNDA:0,(anonymous_1)
FNDA:0,createWalk
FNDA:0,next
FNDA:0,series
FNDA:0,(anonymous_5)
DA:21,0
DA:22,0
DA:23,0
DA:24,0
DA:25,0
DA:26,0
DA:27,0
DA:36,0
DA:37,0
DA:38,0
DA:40,0
DA:42,0
DA:43,0
DA:44,0
DA:45,0
DA:46,0
DA:49,0
LF:17
LH:0
BRF:0
BRH:0
end_of_record
TN:
SF:src/lib/content/api-docs.ts
FNF:0
FNH:0
DA:13,0
LF:1
LH:0
BRF:0
BRH:0
end_of_record
TN:
SF:src/lib/content/home.ts
FNF:0
FNH:0
DA:15,0
DA:17,0
DA:19,0
DA:21,0
DA:24,0
DA:28,0
DA:30,0
DA:34,0
DA:43,0
DA:58,0
DA:66,0
DA:89,0
DA:104,0
DA:154,0
DA:156,0
DA:158,0
DA:167,0
DA:174,0
DA:181,0
DA:190,0
DA:192,0
DA:199,0
DA:209,0
DA:221,0
DA:229,0
LF:25
LH:0
BRF:0
BRH:0
end_of_record
TN:
SF:src/lib/server/account-entitlements.ts
FN:38,resolveAccountEntitlements
FNF:1
FNH:1
FNDA:2,resolveAccountEntitlements
DA:29,1
DA:39,2
DA:40,2
LF:3
LH:3
BRF:0
BRH:0
end_of_record
TN:
SF:src/lib/server/api-key-secret.ts
FN:12,deriveEncryptionKey
FN:23,associatedData
FN:32,encryptApiKeySecret
FN:44,decryptApiKeySecret
FNF:4
FNH:4
FNDA:18,deriveEncryptionKey
FNDA:17,associatedData
FNDA:9,encryptApiKeySecret
FNDA:10,decryptApiKeySecret
DA:3,2
DA:4,2
DA:5,2
DA:13,18
DA:14,1
DA:17,17
DA:24,17
DA:33,9
DA:34,9
DA:35,9
DA:36,9
DA:37,9
DA:39,9
DA:45,10
DA:46,10
DA:47,1
DA:50,9
DA:51,9
DA:52,9
DA:53,9
DA:54,0
DA:57,9
DA:58,9
DA:59,9
DA:60,9
LF:25
LH:24
BRDA:13,0,0,1
BRDA:13,0,1,17
BRDA:46,1,0,1
BRDA:46,1,1,9
BRDA:46,2,0,10
BRDA:46,2,1,9
BRDA:53,3,0,0
BRDA:53,3,1,9
BRDA:53,4,0,9
BRDA:53,4,1,9
BRDA:53,4,2,9
BRF:11
BRH:10
end_of_record
TN:
SF:src/lib/server/auth.ts
FN:22,hashPassword
FN:27,verifyPassword
FN:36,createLoginSession
FN:44,destroyLoginSession
FN:73,setPasswordFromReset
FN:87,(anonymous_5)
FN:125,readUser
FN:198,requireUser
FN:216,emailIsProved
FN:225,requireOwnedRoom
FNF:10
FNH:0
FNDA:0,hashPassword
FNDA:0,verifyPassword
FNDA:0,createLoginSession
FNDA:0,destroyLoginSession
FNDA:0,setPasswordFromReset
FNDA:0,(anonymous_5)
FNDA:0,readUser
FNDA:0,requireUser
FNDA:0,emailIsProved
FNDA:0,requireOwnedRoom
DA:10,4
DA:20,4
DA:23,0
DA:24,0
DA:28,0
DA:29,0
DA:30,0
DA:31,0
DA:32,0
DA:33,0
DA:37,0
DA:38,0
DA:39,0
DA:40,0
DA:41,0
DA:45,0
DA:46,0
DA:47,0
DA:79,0
DA:85,0
DA:87,0
DA:88,0
DA:105,0
DA:107,0
DA:108,0
DA:126,0
DA:127,0
DA:128,0
DA:142,0
DA:148,0
DA:149,0
DA:150,0
DA:160,0
DA:161,0
DA:164,0
DA:174,0
DA:176,0
DA:192,0
DA:194,0
DA:195,0
DA:199,0
DA:200,0
DA:217,0
DA:226,0
DA:227,0
DA:228,0
LF:46
LH:2
BRDA:28,0,0,0
BRDA:28,0,1,0
BRDA:30,1,0,0
BRDA:30,1,1,0
BRDA:30,2,0,0
BRDA:30,2,1,0
BRDA:33,3,0,0
BRDA:33,3,1,0
BRDA:46,4,0,0
BRDA:46,4,1,0
BRDA:79,5,0,0
BRDA:79,5,1,0
BRDA:105,6,0,0
BRDA:105,6,1,0
BRDA:127,7,0,0
BRDA:127,7,1,0
BRDA:142,8,0,0
BRDA:142,8,1,0
BRDA:148,9,0,0
BRDA:148,9,1,0
BRDA:161,10,0,0
BRDA:161,10,1,0
BRDA:174,11,0,0
BRDA:174,11,1,0
BRDA:192,12,0,0
BRDA:192,12,1,0
BRDA:192,13,0,0
BRDA:192,13,1,0
BRDA:199,14,0,0
BRDA:199,14,1,0
BRDA:217,15,0,0
BRDA:217,15,1,0
BRDA:227,16,0,0
BRDA:227,16,1,0
BRDA:227,17,0,0
BRDA:227,17,1,0
BRF:36
BRH:0
end_of_record
TN:
SF:src/lib/server/control-plane-policy.ts
FN:9,resolveControlPlaneMode
FN:28,assertControlPlaneConfiguration
FN:38,decideControlPlaneRequest
FN:57,controlPlaneUnavailableResponse
FN:79,applySecurityHeaders
FN:101,securityResponseHeaders
FNF:6
FNH:6
FNDA:7,resolveControlPlaneMode
FNDA:4,assertControlPlaneConfiguration
FNDA:20,decideControlPlaneRequest
FNDA:1,controlPlaneUnavailableResponse
FNDA:4,applySecurityHeaders
FNDA:5,securityResponseHeaders
DA:1,1
DA:7,1
DA:10,7
DA:11,5
DA:12,2
DA:15,3
DA:29,4
DA:30,2
DA:43,20
DA:47,19
DA:49,18
DA:50,18
DA:51,5
DA:54,13
DA:58,1
DA:60,1
DA:80,4
DA:81,4
DA:93,28
DA:94,1
DA:96,27
DA:98,4
DA:102,5
LF:23
LH:23
BRDA:10,0,0,2
BRDA:10,0,1,5
BRDA:10,1,0,7
BRDA:10,1,1,6
BRDA:11,2,0,2
BRDA:11,2,1,3
BRDA:11,3,0,5
BRDA:11,3,1,4
BRDA:29,4,0,2
BRDA:29,4,1,2
BRDA:29,5,0,4
BRDA:29,5,1,3
BRDA:43,6,0,1
BRDA:43,6,1,19
BRDA:47,7,0,1
BRDA:47,7,1,18
BRDA:50,8,0,5
BRDA:50,8,1,13
BRDA:50,9,0,18
BRDA:50,9,1,6
BRDA:50,9,2,2
BRDA:58,10,0,0
BRDA:58,10,1,1
BRDA:93,11,0,1
BRDA:93,11,1,27
BRDA:93,12,0,28
BRDA:93,12,1,4
BRF:27
BRH:26
end_of_record
TN:
SF:src/lib/server/control-plane-runtime.ts
FNF:0
FNH:0
DA:6,0
DA:8,0
DA:15,0
LF:3
LH:0
BRF:0
BRH:0
end_of_record
TN:
SF:src/lib/server/email-verification.ts
FN:36,hashToken
FN:47,issueToken
FN:112,inspectToken
FN:143,redeemToken
FN:174,markEmailVerified
FN:198,verificationEnforced
FN:203,verificationLink
FN:213,sendVerificationEmail
FNF:8
FNH:6
FNDA:36,hashToken
FNDA:17,issueToken
FNDA:7,inspectToken
FNDA:11,redeemToken
FNDA:2,markEmailVerified
FNDA:1,verificationEnforced
FNDA:0,verificationLink
FNDA:0,sendVerificationEmail
DA:28,6
DA:31,6
DA:37,36
DA:62,17
DA:63,17
DA:65,17
DA:76,17
DA:87,17
DA:117,7
DA:119,6
DA:125,6
DA:126,4
DA:127,3
DA:128,2
DA:144,11
DA:146,10
DA:152,10
DA:153,8
DA:154,6
DA:156,4
DA:163,4
DA:165,4
DA:175,2
DA:189,2
DA:199,1
DA:204,0
DA:227,0
DA:238,0
LF:28
LH:25
BRDA:62,0,0,17
BRDA:62,0,1,11
BRDA:83,1,0,17
BRDA:83,1,1,15
BRDA:115,2,0,7
BRDA:117,3,0,1
BRDA:117,3,1,6
BRDA:125,4,0,2
BRDA:125,4,1,4
BRDA:126,5,0,1
BRDA:126,5,1,3
BRDA:127,6,0,1
BRDA:127,6,1,2
BRDA:143,7,0,11
BRDA:144,8,0,1
BRDA:144,8,1,10
BRDA:152,9,0,2
BRDA:152,9,1,8
BRDA:153,10,0,2
BRDA:153,10,1,6
BRDA:154,11,0,2
BRDA:154,11,1,4
BRDA:163,12,0,0
BRDA:163,12,1,4
BRDA:174,13,0,2
BRF:25
BRH:24
end_of_record
TN:
SF:src/lib/server/fcm.ts
FN:64,constructor
FN:71,constructor_2
FN:85,constructor_3
FN:97,fcmConfigured
FN:110,readServiceAccount
FN:126,(anonymous_5)
FN:135,(anonymous_6)
FN:149,fetchBounded
FN:157,(anonymous_8)
FN:163,(anonymous_9)
FN:174,base64url
FN:188,accessToken
FN:283,errorCodeOf
FN:289,(anonymous_13)
FN:304,sendPush
FNF:15
FNH:14
FNDA:5,constructor
FNDA:4,constructor_2
FNDA:3,constructor_3
FNDA:1,fcmConfigured
FNDA:22,readServiceAccount
FNDA:51,(anonymous_5)
FNDA:51,(anonymous_6)
FNDA:23,fetchBounded
FNDA:1,(anonymous_8)
FNDA:0,(anonymous_9)
FNDA:35,base64url
FNDA:15,accessToken
FNDA:5,errorCodeOf
FNDA:2,(anonymous_13)
FNDA:16,sendPush
DA:44,5
DA:47,5
DA:57,5
DA:58,5
DA:61,5
DA:65,5
DA:66,5
DA:72,4
DA:73,4
DA:86,3
DA:87,3
DA:98,1
DA:111,22
DA:112,22
DA:115,19
DA:116,19
DA:119,2
DA:121,17
DA:122,0
DA:125,17
DA:126,51
DA:127,17
DA:128,17
DA:129,17
DA:131,17
DA:135,51
DA:136,22
DA:137,1
DA:140,16
DA:154,23
DA:155,23
DA:156,23
DA:157,23
DA:159,23
DA:160,23
DA:161,21
DA:162,21
DA:163,21
DA:164,21
DA:165,21
DA:167,2
DA:168,2
DA:170,23
DA:175,35
DA:186,5
DA:189,15
DA:190,3
DA:193,12
DA:194,12
DA:195,12
DA:206,12
DA:207,12
DA:210,1
DA:215,11
DA:228,9
DA:234,0
DA:235,0
DA:239,9
DA:240,9
DA:242,0
DA:244,9
DA:245,15
DA:246,15
DA:248,9
DA:254,15
DA:284,5
DA:285,5
DA:288,5
DA:289,5
DA:290,5
DA:292,2
DA:305,16
DA:306,16
DA:308,12
DA:324,12
DA:326,7
DA:327,7
DA:329,0
DA:332,7
DA:335,5
DA:342,5
DA:349,5
DA:350,1
DA:352,4
DA:353,1
DA:355,3
LF:86
LH:81
BRDA:112,0,0,3
BRDA:112,0,1,19
BRDA:121,1,0,0
BRDA:121,1,1,17
BRDA:121,2,0,17
BRDA:121,2,1,17
BRDA:121,2,2,17
BRDA:126,3,0,50
BRDA:126,3,1,1
BRDA:132,4,0,17
BRDA:132,4,1,0
BRDA:133,5,0,16
BRDA:133,5,1,1
BRDA:134,6,0,17
BRDA:134,6,1,0
BRDA:136,7,0,1
BRDA:136,7,1,21
BRDA:167,8,0,2
BRDA:167,8,1,0
BRDA:168,9,0,2
BRDA:168,9,1,0
BRDA:188,10,0,15
BRDA:189,11,0,3
BRDA:189,11,1,12
BRDA:189,12,0,15
BRDA:189,12,1,14
BRDA:189,12,2,3
BRDA:211,13,0,1
BRDA:211,13,1,0
BRDA:228,14,0,0
BRDA:228,14,1,9
BRDA:244,15,0,9
BRDA:244,15,1,0
BRDA:245,16,0,9
BRDA:245,16,1,0
BRDA:246,17,0,0
BRDA:246,17,1,15
BRDA:252,18,0,9
BRDA:252,18,1,0
BRDA:288,19,0,3
BRDA:288,19,1,0
BRDA:289,20,0,5
BRDA:289,20,1,1
BRDA:290,21,0,2
BRDA:290,21,1,1
BRDA:304,22,0,16
BRDA:324,23,0,7
BRDA:324,23,1,5
BRDA:332,24,0,7
BRDA:332,24,1,0
BRDA:349,25,0,1
BRDA:349,25,1,4
BRDA:349,26,0,5
BRDA:349,26,1,4
BRDA:350,27,0,1
BRDA:350,27,1,0
BRDA:352,28,0,1
BRDA:352,28,1,3
BRDA:352,29,0,4
BRDA:352,29,1,2
BRDA:352,29,2,1
BRDA:353,30,0,1
BRDA:353,30,1,0
BRDA:355,31,0,3
BRDA:355,31,1,3
BRF:65
BRH:50
end_of_record
TN:
SF:src/lib/server/gravatar.ts
FN:33,gravatarUrl
FNF:1
FNH:0
FNDA:0,gravatarUrl
DA:34,0
DA:35,0
DA:36,0
DA:37,0
LF:4
LH:0
BRDA:33,0,0,0
BRDA:35,1,0,0
BRDA:35,1,1,0
BRF:3
BRH:0
end_of_record
TN:
SF:src/lib/server/impersonation.ts
FN:40,beginImpersonation
FN:103,endImpersonation
FN:119,readImpersonation
FNF:3
FNH:0
FNDA:0,beginImpersonation
FNDA:0,endImpersonation
FNDA:0,readImpersonation
DA:27,4
DA:47,0
DA:49,0
DA:61,0
DA:62,0
DA:68,0
DA:74,0
DA:76,0
DA:77,0
DA:81,0
DA:91,0
DA:99,0
DA:104,0
DA:105,0
DA:106,0
DA:107,0
DA:123,0
DA:124,0
DA:126,0
DA:132,0
DA:133,0
DA:135,0
LF:22
LH:1
BRDA:47,0,0,0
BRDA:47,0,1,0
BRDA:61,1,0,0
BRDA:61,1,1,0
BRDA:62,2,0,0
BRDA:62,2,1,0
BRDA:68,3,0,0
BRDA:68,3,1,0
BRDA:74,4,0,0
BRDA:74,4,1,0
BRDA:103,5,0,0
BRDA:106,6,0,0
BRDA:106,6,1,0
BRDA:121,7,0,0
BRDA:124,8,0,0
BRDA:124,8,1,0
BRDA:132,9,0,0
BRDA:132,9,1,0
BRDA:133,10,0,0
BRDA:133,10,1,0
BRF:20
BRH:0
end_of_record
TN:
SF:src/lib/server/login-attempts.ts
FN:11,loginIdentity
FN:16,nextLoginAttempt
FNF:2
FNH:2
FNDA:5,loginIdentity
FNDA:2,nextLoginAttempt
DA:3,1
DA:4,1
DA:12,5
DA:17,2
DA:19,2
LF:5
LH:5
BRDA:17,0,0,2
BRDA:17,0,1,2
BRDA:20,1,0,1
BRDA:20,1,1,1
BRDA:21,2,0,1
BRDA:21,2,1,1
BRF:6
BRH:6
end_of_record
TN:
SF:src/lib/server/mail-template.ts
FN:47,escapeHtml
FN:57,brandedHtml
FN:59,(anonymous_2)
FN:63,(anonymous_3)
FN:116,brandedText
FN:117,(anonymous_5)
FNF:6
FNH:6
FNDA:28,escapeHtml
FNDA:4,brandedHtml
FNDA:4,(anonymous_2)
FNDA:12,(anonymous_3)
FNDA:4,brandedText
FNDA:4,(anonymous_5)
DA:31,6
DA:48,28
DA:58,4
DA:59,4
DA:62,4
DA:63,12
DA:66,4
DA:117,4
LF:8
LH:8
BRF:0
BRH:0
end_of_record
TN:
SF:src/lib/server/mail.ts
FN:57,constructor
FN:64,constructor_2
FN:77,mailConfigured
FN:102,sendMail
FN:134,(anonymous_4)
FNF:5
FNH:2
FNDA:0,constructor
FNDA:1,constructor_2
FNDA:1,mailConfigured
FNDA:0,sendMail
FNDA:0,(anonymous_4)
DA:48,5
DA:54,5
DA:58,0
DA:59,0
DA:65,1
DA:66,1
DA:78,1
DA:103,0
DA:106,0
DA:107,0
DA:125,0
DA:128,0
DA:134,0
DA:135,0
DA:136,0
LF:15
LH:5
BRDA:78,0,0,1
BRDA:78,0,1,0
BRDA:103,1,0,0
BRDA:103,1,1,0
BRDA:120,2,0,0
BRDA:120,2,1,0
BRDA:125,3,0,0
BRDA:125,3,1,0
BRDA:128,4,0,0
BRDA:128,4,1,0
BRF:10
BRH:1
end_of_record
TN:
SF:src/lib/server/member-email.ts
FN:46,missingMailEnv
FN:47,(anonymous_1)
FN:53,constructor
FN:63,assertMailConfigured
FN:75,welcomeEmail
FN:111,webinarReminderEmail
FN:137,roomForEmail
FN:148,sendWelcomeEmailToMember
FN:192,sendWebinarReminderToRoom
FNF:9
FNH:9
FNDA:15,missingMailEnv
FNDA:30,(anonymous_1)
FNDA:4,constructor
FNDA:10,assertMailConfigured
FNDA:2,welcomeEmail
FNDA:7,webinarReminderEmail
FNDA:6,roomForEmail
FNDA:3,sendWelcomeEmailToMember
FNDA:7,sendWebinarReminderToRoom
DA:47,15
DA:48,30
DA:54,4
DA:59,4
DA:64,10
DA:65,10
DA:76,2
DA:118,7
DA:138,6
DA:143,6
DA:144,6
DA:153,3
DA:155,3
DA:156,1
DA:158,1
DA:166,1
DA:197,7
DA:199,7
DA:200,7
DA:202,5
DA:203,5
DA:204,1
DA:206,4
DA:208,4
DA:209,4
DA:211,3
DA:212,3
DA:213,3
DA:214,6
DA:215,6
DA:224,5
DA:227,1
DA:231,3
LF:33
LH:33
BRDA:47,0,0,9
BRDA:47,0,1,6
BRDA:47,1,0,10
BRDA:47,1,1,5
BRDA:56,2,0,1
BRDA:56,2,1,3
BRDA:65,3,0,2
BRDA:65,3,1,8
BRDA:143,4,0,0
BRDA:143,4,1,6
BRDA:163,5,0,1
BRDA:163,5,1,0
BRDA:200,6,0,1
BRDA:200,6,1,6
BRDA:203,7,0,1
BRDA:203,7,1,4
BRDA:209,8,0,1
BRDA:209,8,1,3
BRDA:227,9,0,1
BRDA:227,9,1,0
BRF:20
BRH:17
end_of_record
TN:
SF:src/lib/server/mobile-pairing.ts
FN:82,validatePairRequest
FN:112,addPushToken
FN:118,(anonymous_2)
FN:123,(anonymous_3)
FN:134,redeemPairCode
FNF:5
FNH:4
FNDA:28,validatePairRequest
FNDA:4,addPushToken
FNDA:15,(anonymous_2)
FNDA:16,(anonymous_3)
FNDA:0,redeemPairCode
DA:52,1
DA:62,1
DA:83,28
DA:84,28
DA:85,28
DA:86,28
DA:87,28
DA:89,28
DA:90,25
DA:92,22
DA:99,13
DA:100,10
DA:102,5
DA:118,15
DA:119,4
DA:121,4
DA:123,16
DA:125,4
DA:135,0
DA:137,0
DA:160,0
DA:162,0
DA:163,0
DA:164,0
DA:165,0
DA:167,0
DA:175,0
DA:196,0
DA:200,0
DA:201,0
DA:217,0
DA:220,0
DA:239,0
DA:259,0
DA:261,0
LF:35
LH:18
BRDA:83,0,0,26
BRDA:83,0,1,2
BRDA:84,1,0,27
BRDA:84,1,1,1
BRDA:85,2,0,26
BRDA:85,2,1,2
BRDA:86,3,0,26
BRDA:86,3,1,2
BRDA:87,4,0,27
BRDA:87,4,1,1
BRDA:89,5,0,3
BRDA:89,5,1,25
BRDA:89,6,0,28
BRDA:89,6,1,25
BRDA:90,7,0,3
BRDA:90,7,1,22
BRDA:90,8,0,25
BRDA:90,8,1,24
BRDA:90,8,2,23
BRDA:92,9,0,9
BRDA:92,9,1,13
BRDA:99,10,0,3
BRDA:99,10,1,10
BRDA:99,11,0,13
BRDA:99,11,1,11
BRDA:100,12,0,5
BRDA:100,12,1,5
BRDA:100,13,0,10
BRDA:100,13,1,6
BRDA:134,14,0,0
BRDA:160,15,0,0
BRDA:160,15,1,0
BRDA:163,16,0,0
BRDA:163,16,1,0
BRDA:165,17,0,0
BRDA:165,17,1,0
BRDA:167,18,0,0
BRDA:167,18,1,0
BRDA:167,19,0,0
BRDA:167,19,1,0
BRDA:167,19,2,0
BRDA:167,19,3,0
BRDA:175,20,0,0
BRDA:175,20,1,0
BRDA:175,21,0,0
BRDA:175,21,1,0
BRDA:175,21,2,0
BRDA:259,22,0,0
BRDA:259,22,1,0
BRF:49
BRH:29
end_of_record
TN:
SF:src/lib/server/password-reset.ts
FN:76,resetLink
FN:88,resetEnabled
FN:103,resetRequestedRecently
FN:127,sendPasswordResetEmail
FNF:4
FNH:4
FNDA:6,resetLink
FNDA:2,resetEnabled
FNDA:7,resetRequestedRecently
FNDA:4,sendPasswordResetEmail
DA:44,1
DA:57,1
DA:73,1
DA:77,6
DA:89,2
DA:104,7
DA:117,7
DA:118,3
DA:133,4
DA:153,4
LF:10
LH:10
BRDA:103,0,0,7
BRDA:117,1,0,4
BRDA:117,1,1,3
BRF:3
BRH:3
end_of_record
TN:
SF:src/lib/server/provision-room.ts
FN:54,allocateShortCode
FN:66,constructor
FN:77,provisionRoom
FNF:3
FNH:0
FNDA:0,allocateShortCode
FNDA:0,constructor
FNDA:0,provisionRoom
DA:55,0
DA:56,0
DA:57,0
DA:58,0
DA:59,0
DA:60,0
DA:62,0
DA:67,0
DA:68,0
DA:81,0
DA:83,0
DA:84,0
DA:98,0
DA:100,0
DA:151,0
DA:167,0
DA:173,0
LF:17
LH:0
BRDA:58,0,0,0
BRDA:58,0,1,0
BRDA:60,1,0,0
BRDA:60,1,1,0
BRDA:81,2,0,0
BRDA:81,2,1,0
BRDA:84,3,0,0
BRDA:84,3,1,0
BRDA:98,4,0,0
BRDA:98,4,1,0
BRF:10
BRH:0
end_of_record
TN:
SF:src/lib/server/recaptcha.ts
FN:50,recaptchaEnabled
FN:60,assertRecaptchaConfiguration
FN:85,verifyRecaptcha
FN:118,recaptchaFailureMessage
FNF:4
FNH:3
FNDA:16,recaptchaEnabled
FNDA:6,assertRecaptchaConfiguration
FNDA:15,verifyRecaptcha
FNDA:0,recaptchaFailureMessage
DA:31,1
DA:37,1
DA:40,1
DA:51,16
DA:61,6
DA:62,6
DA:63,6
DA:65,3
DA:90,15
DA:92,14
DA:93,15
DA:95,10
DA:96,15
DA:98,10
DA:99,10
DA:105,9
DA:107,8
DA:108,8
DA:109,15
DA:113,1
DA:119,0
LF:21
LH:20
BRDA:51,0,0,16
BRDA:51,0,1,14
BRDA:63,1,0,3
BRDA:63,1,1,3
BRDA:66,2,0,2
BRDA:66,2,1,1
BRDA:88,3,0,15
BRDA:90,4,0,1
BRDA:90,4,1,14
BRDA:93,5,0,4
BRDA:93,5,1,11
BRDA:95,6,0,10
BRDA:95,6,1,0
BRDA:96,7,0,1
BRDA:96,7,1,14
BRDA:105,8,0,1
BRDA:105,8,1,8
BRDA:108,9,0,8
BRDA:108,9,1,7
BRDA:108,9,2,5
BRDA:108,9,3,4
BRDA:109,10,0,2
BRDA:109,10,1,6
BRF:23
BRH:22
end_of_record
TN:
SF:src/lib/server/room-handoff.ts
FN:66,base64Url
FN:74,signature
FN:89,siteHandoffToken
FN:112,guestHandoffToken
FN:128,signHandoff
FN:141,handoffUrl
FN:162,launchHref
FN:184,configReadToken
FN:194,verifyConfigReadToken
FNF:9
FNH:8
FNDA:22,base64Url
FNDA:24,signature
FNDA:10,siteHandoffToken
FNDA:1,guestHandoffToken
FNDA:11,signHandoff
FNDA:4,handoffUrl
FNDA:0,launchHref
FNDA:6,configReadToken
FNDA:16,verifyConfigReadToken
DA:42,1
DA:45,1
DA:67,22
DA:75,24
DA:94,10
DA:117,1
DA:129,11
DA:130,11
DA:131,11
DA:142,4
DA:143,4
DA:145,1
DA:146,1
DA:147,1
DA:148,1
DA:169,0
DA:170,0
DA:172,0
DA:173,0
DA:189,6
DA:200,16
DA:202,13
DA:203,13
DA:205,10
DA:206,10
DA:207,10
DA:216,7
DA:217,7
DA:218,7
DA:219,7
DA:222,4
DA:224,2
LF:32
LH:28
BRDA:67,0,0,0
BRDA:67,0,1,22
BRDA:92,1,0,10
BRDA:115,2,0,1
BRDA:143,3,0,3
BRDA:143,3,1,1
BRDA:167,4,0,0
BRDA:170,5,0,0
BRDA:170,5,1,0
BRDA:170,6,0,0
BRDA:170,6,1,0
BRDA:173,7,0,0
BRDA:173,7,1,0
BRDA:187,8,0,6
BRDA:198,9,0,16
BRDA:200,10,0,3
BRDA:200,10,1,13
BRDA:203,11,0,3
BRDA:203,11,1,10
BRDA:207,12,0,3
BRDA:207,12,1,7
BRDA:207,13,0,10
BRDA:207,13,1,8
BRDA:219,14,0,3
BRDA:219,14,1,4
BRDA:219,15,0,7
BRDA:219,15,1,7
BRDA:222,16,0,2
BRDA:222,16,1,2
BRF:29
BRH:21
end_of_record
TN:
SF:src/lib/server/room-visits.ts
FN:42,parseUserAgent
FN:111,recordVisit
FN:175,closeVisit
FNF:3
FNH:1
FNDA:17,parseUserAgent
FNDA:0,recordVisit
FNDA:0,closeVisit
DA:43,17
DA:44,17
DA:51,13
DA:52,17
DA:59,17
DA:73,17
DA:90,1
DA:91,1
DA:92,1
DA:112,0
DA:113,0
DA:115,0
DA:136,0
DA:141,0
DA:143,0
DA:159,0
DA:176,0
DA:177,0
DA:178,0
DA:193,0
DA:195,0
DA:196,0
DA:198,0
DA:199,0
LF:24
LH:9
BRDA:43,0,0,17
BRDA:43,0,1,2
BRDA:44,1,0,4
BRDA:44,1,1,13
BRDA:51,2,0,13
BRDA:51,2,1,12
BRDA:51,2,2,3
BRDA:52,3,0,17
BRDA:52,3,1,9
BRDA:59,4,0,1
BRDA:59,4,1,12
BRDA:61,5,0,1
BRDA:61,5,1,11
BRDA:63,6,0,1
BRDA:63,6,1,10
BRDA:65,7,0,1
BRDA:65,7,1,9
BRDA:67,8,0,4
BRDA:67,8,1,5
BRDA:69,9,0,3
BRDA:69,9,1,2
BRDA:111,10,0,0
BRDA:141,11,0,0
BRDA:141,11,1,0
BRDA:152,12,0,0
BRDA:152,12,1,0
BRDA:153,13,0,0
BRDA:153,13,1,0
BRDA:175,14,0,0
BRDA:193,15,0,0
BRDA:193,15,1,0
BRF:31
BRH:21
end_of_record
TN:
SF:src/lib/server/rooms.ts
FN:10,listRooms
FN:14,getRoom
FN:19,readSettings
FN:36,saveSetting
FN:86,saveTextList
FN:94,readPermissions
FN:104,(anonymous_6)
FN:107,savePermissions
FN:108,(anonymous_8)
FN:149,resolveBulkTargets
FN:155,(anonymous_10)
FN:157,(anonymous_11)
FN:173,(anonymous_12)
FN:180,(anonymous_13)
FN:183,applyManyOpcode
FN:225,setInviteStatus
FN:235,listRoomUsers
FN:320,applyUserOpcode
FN:376,writeSettings
FN:390,deleteRoomCascade
FN:403,inviteRoomUser
FN:436,removeNonPresenters
FN:460,removeRoomUser
FN:469,clearUserBadges
FN:479,parseBadgeIds
FN:482,(anonymous_25)
FN:489,toggleUserBadge
FN:497,(anonymous_27)
FN:506,setUserRestrictPm
FN:516,setUserNote
FN:532,renameRoomUser
FN:550,setRoomUserPassword
FN:569,(anonymous_32)
FN:571,requireMember
FN:584,issueMobilePairCode
FN:615,readPushTokens
FN:618,(anonymous_36)
FN:631,listPushTokens
FN:633,(anonymous_38)
FN:647,maskToken
FN:684,listFcmRegistrations
FN:757,sendTestPushToMember
FN:800,(anonymous_42)
FN:819,getMemberContact
FN:831,listMemberContacts
FN:844,(anonymous_45)
FN:847,(anonymous_46)
FN:868,setNotificationsState
FN:878,resetPushTokens
FN:916,readRestrictions
FN:920,(anonymous_50)
FN:921,(anonymous_51)
FN:935,parseIpList
FN:940,(anonymous_53)
FN:949,removeFreeTrialUsers
FN:975,setBadgeForUsers
FN:994,(anonymous_56)
FNF:57
FNH:17
FNDA:0,listRooms
FNDA:0,getRoom
FNDA:0,readSettings
FNDA:0,saveSetting
FNDA:0,saveTextList
FNDA:5,readPermissions
FNDA:25,(anonymous_6)
FNDA:0,savePermissions
FNDA:0,(anonymous_8)
FNDA:0,resolveBulkTargets
FNDA:0,(anonymous_10)
FNDA:0,(anonymous_11)
FNDA:0,(anonymous_12)
FNDA:0,(anonymous_13)
FNDA:0,applyManyOpcode
FNDA:6,setInviteStatus
FNDA:0,listRoomUsers
FNDA:0,applyUserOpcode
FNDA:0,writeSettings
FNDA:0,deleteRoomCascade
FNDA:0,inviteRoomUser
FNDA:0,removeNonPresenters
FNDA:0,removeRoomUser
FNDA:0,clearUserBadges
FNDA:0,parseBadgeIds
FNDA:0,(anonymous_25)
FNDA:0,toggleUserBadge
FNDA:0,(anonymous_27)
FNDA:0,setUserRestrictPm
FNDA:0,setUserNote
FNDA:0,renameRoomUser
FNDA:0,setRoomUserPassword
FNDA:26,(anonymous_32)
FNDA:23,requireMember
FNDA:0,issueMobilePairCode
FNDA:15,readPushTokens
FNDA:27,(anonymous_36)
FNDA:2,listPushTokens
FNDA:1,(anonymous_38)
FNDA:27,maskToken
FNDA:11,listFcmRegistrations
FNDA:8,sendTestPushToMember
FNDA:10,(anonymous_42)
FNDA:2,getMemberContact
FNDA:4,listMemberContacts
FNDA:6,(anonymous_45)
FNDA:6,(anonymous_46)
FNDA:0,setNotificationsState
FNDA:0,resetPushTokens
FNDA:0,readRestrictions
FNDA:0,(anonymous_50)
FNDA:0,(anonymous_51)
FNDA:0,parseIpList
FNDA:0,(anonymous_53)
FNDA:0,removeFreeTrialUsers
FNDA:0,setBadgeForUsers
FNDA:0,(anonymous_56)
DA:11,0
DA:15,0
DA:16,0
DA:20,0
DA:21,0
DA:22,0
DA:23,0
DA:24,0
DA:27,0
DA:37,0
DA:38,0
DA:41,0
DA:42,0
DA:43,0
DA:44,0
DA:45,0
DA:46,0
DA:47,0
DA:49,0
DA:50,0
DA:51,0
DA:52,0
DA:76,0
DA:77,0
DA:80,0
DA:83,0
DA:87,0
DA:91,4
DA:95,5
DA:96,5
DA:97,5
DA:98,5
DA:102,1
DA:104,25
DA:108,0
DA:109,0
DA:113,0
DA:123,4
DA:150,0
DA:155,0
DA:157,0
DA:158,0
DA:160,0
DA:161,0
DA:163,0
DA:165,0
DA:173,0
DA:180,0
DA:189,0
DA:190,0
DA:191,0
DA:193,0
DA:194,0
DA:195,0
DA:196,0
DA:197,0
DA:199,0
DA:201,0
DA:202,0
DA:203,0
DA:204,0
DA:205,0
DA:210,0
DA:226,6
DA:227,6
DA:229,0
DA:236,0
DA:286,4
DA:321,0
DA:322,0
DA:324,0
DA:325,0
DA:326,0
DA:328,0
DA:329,0
DA:330,0
DA:332,0
DA:333,0
DA:334,0
DA:335,0
DA:337,0
DA:338,0
DA:339,0
DA:341,0
DA:342,0
DA:343,0
DA:345,0
DA:346,0
DA:348,0
DA:349,0
DA:351,0
DA:352,0
DA:354,0
DA:355,0
DA:357,0
DA:358,0
DA:360,0
DA:361,0
DA:363,0
DA:364,0
DA:366,0
DA:367,0
DA:369,0
DA:377,0
DA:391,0
DA:392,0
DA:393,0
DA:404,0
DA:405,0
DA:406,0
DA:407,0
DA:408,0
DA:421,0
DA:426,0
DA:428,0
DA:432,0
DA:437,0
DA:448,0
DA:449,0
DA:461,0
DA:465,0
DA:470,0
DA:475,0
DA:480,0
DA:481,0
DA:482,0
DA:484,0
DA:490,0
DA:495,0
DA:496,0
DA:497,0
DA:498,0
DA:502,0
DA:507,0
DA:512,0
DA:517,0
DA:522,0
DA:533,0
DA:538,0
DA:539,0
DA:540,0
DA:551,0
DA:556,0
DA:557,0
DA:561,0
DA:569,26
DA:572,23
DA:573,23
DA:574,18
DA:585,0
DA:586,0
DA:587,0
DA:588,0
DA:589,0
DA:606,0
DA:616,15
DA:617,15
DA:618,27
DA:620,0
DA:632,2
DA:633,1
DA:648,27
DA:688,11
DA:691,9
DA:693,8
DA:694,8
DA:695,8
DA:697,8
DA:699,16
DA:700,16
DA:706,14
DA:719,2
DA:720,2
DA:722,16
DA:723,16
DA:731,8
DA:732,8
DA:733,2
DA:739,8
DA:761,8
DA:762,7
DA:764,6
DA:765,6
DA:766,6
DA:767,6
DA:769,6
DA:771,10
DA:772,10
DA:777,8
DA:779,2
DA:780,2
DA:788,10
DA:789,10
DA:792,6
DA:793,6
DA:794,1
DA:800,10
DA:801,6
DA:820,2
DA:821,1
DA:826,1
DA:827,1
DA:832,4
DA:836,4
DA:838,3
DA:844,6
DA:847,6
DA:849,3
DA:850,3
DA:851,6
DA:853,6
DA:854,6
DA:862,3
DA:869,0
DA:870,0
DA:872,0
DA:873,0
DA:874,0
DA:879,0
DA:880,0
DA:902,4
DA:917,0
DA:918,0
DA:919,0
DA:920,0
DA:921,0
DA:924,0
DA:933,4
DA:936,0
DA:937,0
DA:938,0
DA:939,0
DA:940,0
DA:941,0
DA:943,0
DA:945,0
DA:950,0
DA:961,0
DA:962,0
DA:982,0
DA:983,0
DA:984,0
DA:985,0
DA:990,0
DA:991,0
DA:992,0
DA:993,0
DA:994,0
DA:995,0
DA:999,0
DA:1001,0
LF:251
LH:74
BRDA:21,0,0,0
BRDA:21,0,1,0
BRDA:24,1,0,0
BRDA:24,1,1,0
BRDA:24,2,0,0
BRDA:24,2,1,0
BRDA:24,2,2,0
BRDA:38,3,0,0
BRDA:38,3,1,0
BRDA:41,4,0,0
BRDA:41,4,1,0
BRDA:41,5,0,0
BRDA:41,5,1,0
BRDA:42,6,0,0
BRDA:42,6,1,0
BRDA:42,7,0,0
BRDA:42,7,1,0
BRDA:42,7,2,0
BRDA:43,8,0,0
BRDA:43,8,1,0
BRDA:45,9,0,0
BRDA:45,9,1,0
BRDA:76,10,0,0
BRDA:76,10,1,0
BRDA:77,11,0,0
BRDA:77,11,1,0
BRDA:80,12,0,0
BRDA:80,12,1,0
BRDA:98,13,0,2
BRDA:98,13,1,3
BRDA:98,14,0,5
BRDA:98,14,1,3
BRDA:98,14,2,3
BRDA:155,15,0,0
BRDA:155,15,1,0
BRDA:158,16,0,0
BRDA:158,16,1,0
BRDA:161,17,0,0
BRDA:161,17,1,0
BRDA:187,18,0,0
BRDA:187,19,0,0
BRDA:189,20,0,0
BRDA:189,20,1,0
BRDA:191,21,0,0
BRDA:191,21,1,0
BRDA:193,22,0,0
BRDA:193,22,1,0
BRDA:226,23,0,6
BRDA:226,23,1,0
BRDA:226,24,0,6
BRDA:226,24,1,6
BRDA:322,25,0,0
BRDA:322,25,1,0
BRDA:322,25,2,0
BRDA:322,25,3,0
BRDA:322,25,4,0
BRDA:322,25,5,0
BRDA:322,25,6,0
BRDA:322,25,7,0
BRDA:322,25,8,0
BRDA:322,25,9,0
BRDA:322,25,10,0
BRDA:322,25,11,0
BRDA:322,25,12,0
BRDA:405,26,0,0
BRDA:405,26,1,0
BRDA:407,27,0,0
BRDA:407,27,1,0
BRDA:426,28,0,0
BRDA:426,28,1,0
BRDA:482,29,0,0
BRDA:482,29,1,0
BRDA:495,30,0,0
BRDA:495,30,1,0
BRDA:497,31,0,0
BRDA:497,31,1,0
BRDA:519,32,0,0
BRDA:519,32,1,0
BRDA:538,33,0,0
BRDA:538,33,1,0
BRDA:556,34,0,0
BRDA:556,34,1,0
BRDA:573,35,0,5
BRDA:573,35,1,18
BRDA:587,36,0,0
BRDA:587,36,1,0
BRDA:587,37,0,0
BRDA:587,37,1,0
BRDA:618,38,0,15
BRDA:618,38,1,0
BRDA:618,39,0,27
BRDA:618,39,1,27
BRDA:648,40,0,27
BRDA:648,40,1,0
BRDA:691,41,0,1
BRDA:691,41,1,8
BRDA:706,42,0,8
BRDA:706,42,1,6
BRDA:708,43,0,2
BRDA:708,43,1,4
BRDA:710,44,0,2
BRDA:710,44,1,2
BRDA:719,45,0,0
BRDA:719,45,1,2
BRDA:722,46,0,14
BRDA:722,46,1,2
BRDA:732,47,0,2
BRDA:732,47,1,6
BRDA:762,48,0,1
BRDA:762,48,1,6
BRDA:774,49,0,10
BRDA:774,49,1,0
BRDA:777,50,0,3
BRDA:777,50,1,5
BRDA:777,51,0,1
BRDA:777,51,1,4
BRDA:779,52,0,0
BRDA:779,52,1,2
BRDA:788,53,0,9
BRDA:788,53,1,1
BRDA:793,54,0,1
BRDA:793,54,1,5
BRDA:826,55,0,0
BRDA:826,55,1,1
BRDA:836,56,0,1
BRDA:836,56,1,3
BRDA:853,57,0,6
BRDA:853,57,1,0
BRDA:872,58,0,0
BRDA:872,58,1,0
BRDA:920,59,0,0
BRDA:920,59,1,0
BRDA:921,60,0,0
BRDA:921,60,1,0
BRDA:939,61,0,0
BRDA:939,61,1,0
BRDA:940,62,0,0
BRDA:940,62,1,0
BRDA:980,63,0,0
BRDA:980,64,0,0
BRDA:990,65,0,0
BRDA:990,65,1,0
BRDA:993,66,0,0
BRDA:993,66,1,0
BRDA:994,67,0,0
BRDA:994,67,1,0
BRF:146
BRH:43
end_of_record
TN:
SF:src/lib/server/sanitize-html.ts
FNF:0
FNH:0
LF:0
LH:0
BRF:0
BRH:0
end_of_record
TN:
SF:src/lib/server/sso-entitlement.ts
FN:74,normalise
FN:79,parseFilterList
FN:91,evaluateEntitlement
FN:110,(anonymous_3)
FN:128,(anonymous_4)
FN:128,(anonymous_5)
FN:139,explainEntitlementDecision
FN:146,(anonymous_7)
FN:151,(anonymous_8)
FNF:9
FNH:9
FNDA:40,normalise
FNDA:52,parseFilterList
FNDA:12,evaluateEntitlement
FNDA:36,(anonymous_3)
FNDA:5,(anonymous_4)
FNDA:5,(anonymous_5)
FNDA:3,explainEntitlementDecision
FNDA:9,(anonymous_7)
FNDA:3,(anonymous_8)
DA:75,40
DA:80,52
DA:81,22
DA:92,12
DA:110,36
DA:111,12
DA:112,2
DA:115,10
DA:116,10
DA:117,14
DA:118,14
DA:119,15
DA:123,10
DA:125,4
DA:128,5
DA:140,3
DA:146,9
DA:147,3
DA:148,1
DA:151,3
DA:152,2
DA:153,1
DA:155,1
LF:23
LH:23
BRDA:80,0,0,30
BRDA:80,0,1,22
BRDA:111,1,0,2
BRDA:111,1,1,10
BRDA:119,2,0,7
BRDA:119,2,1,8
BRDA:123,3,0,6
BRDA:123,3,1,4
BRDA:147,4,0,1
BRDA:147,4,1,2
BRDA:152,5,0,1
BRDA:152,5,1,1
BRF:12
BRH:12
end_of_record
TN:
SF:src/lib/server/sso-token.ts
FN:156,generateSsoSecret
FN:179,resolveMaxTokenAge
FN:201,decodeSegment
FN:207,isRecord
FN:221,readList
FN:224,(anonymous_5)
FN:225,(anonymous_6)
FN:231,(anonymous_7)
FN:237,signature
FN:259,verifySsoToken
FN:273,(anonymous_10)
FNF:11
FNH:11
FNDA:52,generateSsoSecret
FNDA:23,resolveMaxTokenAge
FNDA:76,decodeSegment
FNDA:76,isRecord
FNDA:42,readList
FNDA:25,(anonymous_5)
FNDA:23,(anonymous_6)
FNDA:2,(anonymous_7)
FNDA:33,signature
FNDA:50,verifySsoToken
FNDA:120,(anonymous_10)
DA:81,2
DA:90,2
DA:103,2
DA:106,2
DA:157,52
DA:180,23
DA:181,6
DA:184,17
DA:185,17
DA:187,12
DA:188,12
DA:189,12
DA:190,23
DA:194,23
DA:195,10
DA:196,1
DA:198,9
DA:204,76
DA:208,76
DA:222,42
DA:223,38
DA:224,25
DA:225,23
DA:228,4
DA:229,1
DA:231,2
DA:234,3
DA:238,33
DA:265,50
DA:266,50
DA:269,50
DA:270,46
DA:272,44
DA:273,120
DA:274,6
DA:276,38
DA:280,38
DA:281,38
DA:282,38
DA:284,0
DA:286,38
DA:290,38
DA:298,33
DA:299,33
DA:300,33
DA:301,33
DA:303,30
DA:304,50
DA:305,50
DA:306,50
DA:307,50
DA:311,50
DA:312,8
DA:314,22
DA:315,21
DA:317,19
DA:320,17
DA:323,16
DA:324,2
DA:327,14
LF:60
LH:59
BRDA:180,0,0,6
BRDA:180,0,1,17
BRDA:180,1,0,23
BRDA:180,1,1,19
BRDA:185,2,0,5
BRDA:185,2,1,12
BRDA:189,3,0,4
BRDA:189,3,1,8
BRDA:189,4,0,3
BRDA:189,4,1,5
BRDA:189,5,0,2
BRDA:189,5,1,3
BRDA:194,6,0,2
BRDA:194,6,1,21
BRDA:195,7,0,1
BRDA:195,7,1,9
BRDA:208,8,0,76
BRDA:208,8,1,76
BRDA:208,8,2,76
BRDA:222,9,0,38
BRDA:222,9,1,4
BRDA:228,10,0,1
BRDA:228,10,1,3
BRDA:263,11,0,50
BRDA:265,12,0,50
BRDA:265,12,1,48
BRDA:266,13,0,50
BRDA:266,13,1,0
BRDA:269,14,0,4
BRDA:269,14,1,46
BRDA:270,15,0,2
BRDA:270,15,1,44
BRDA:273,16,0,6
BRDA:273,16,1,38
BRDA:273,17,0,44
BRDA:273,17,1,41
BRDA:286,18,0,0
BRDA:286,18,1,38
BRDA:286,19,0,38
BRDA:286,19,1,38
BRDA:290,20,0,5
BRDA:290,20,1,33
BRDA:301,21,0,3
BRDA:301,21,1,30
BRDA:301,22,0,33
BRDA:301,22,1,33
BRDA:303,23,0,29
BRDA:303,23,1,1
BRDA:304,24,0,29
BRDA:304,24,1,1
BRDA:305,25,0,29
BRDA:305,25,1,1
BRDA:306,26,0,28
BRDA:306,26,1,2
BRDA:307,27,0,28
BRDA:307,27,1,2
BRDA:311,28,0,8
BRDA:311,28,1,42
BRDA:311,29,0,50
BRDA:311,29,1,28
BRDA:311,29,2,26
BRDA:311,29,3,24
BRDA:314,30,0,1
BRDA:314,30,1,21
BRDA:315,31,0,2
BRDA:315,31,1,19
BRDA:317,32,0,2
BRDA:317,32,1,17
BRDA:320,33,0,1
BRDA:320,33,1,16
BRDA:323,34,0,2
BRDA:323,34,1,14
BRF:72
BRH:70
end_of_record
TN:
SF:src/lib/server/superadmin.ts
FN:60,operatorRoleAtLeast
FN:79,parseAllowList
FN:106,superadminConfigured
FN:111,superadminCount
FN:115,isSuperadmin
FN:120,operatorRoleOf
FN:136,requireSuperadmin
FN:196,recordAdminAccess
FN:211,(anonymous_8)
FN:234,recordAdminWrite
FNF:10
FNH:7
FNDA:6,operatorRoleAtLeast
FNDA:23,parseAllowList
FNDA:5,superadminConfigured
FNDA:7,superadminCount
FNDA:22,isSuperadmin
FNDA:34,operatorRoleOf
FNDA:5,requireSuperadmin
FNDA:0,recordAdminAccess
FNDA:0,(anonymous_8)
FNDA:0,recordAdminWrite
DA:54,23
DA:57,23
DA:61,6
DA:80,23
DA:81,23
DA:82,31
DA:83,31
DA:84,18
DA:85,18
DA:87,31
DA:93,31
DA:94,18
DA:95,1
DA:96,1
DA:98,17
DA:100,23
DA:103,23
DA:107,5
DA:112,7
DA:116,22
DA:121,34
DA:122,30
DA:137,5
DA:138,5
DA:149,5
DA:150,0
DA:153,0
DA:155,5
DA:156,4
DA:171,4
DA:173,1
DA:202,0
DA:212,0
DA:244,0
LF:34
LH:29
BRDA:81,0,0,23
BRDA:81,0,1,3
BRDA:83,1,0,13
BRDA:83,1,1,18
BRDA:85,2,0,11
BRDA:85,2,1,7
BRDA:87,3,0,11
BRDA:87,3,1,7
BRDA:93,4,0,0
BRDA:93,4,1,31
BRDA:94,5,0,1
BRDA:94,5,1,17
BRDA:121,6,0,4
BRDA:121,6,1,30
BRDA:122,7,0,30
BRDA:122,7,1,16
BRDA:136,8,0,5
BRDA:149,9,0,0
BRDA:149,9,1,5
BRDA:155,10,0,4
BRDA:155,10,1,1
BRDA:155,11,0,5
BRDA:155,11,1,4
BRDA:155,11,2,1
BRDA:158,12,0,4
BRDA:158,12,1,1
BRDA:160,13,0,4
BRDA:160,13,1,4
BRDA:215,14,0,0
BRDA:215,14,1,0
BRF:30
BRH:26
end_of_record
TN:
SF:src/lib/server/db/ddl.js
FNF:0
FNH:0
DA:14,24
LF:1
LH:1
BRF:0
BRH:0
end_of_record
TN:
SF:src/lib/server/db/index.ts
FN:12,createDrizzle
FN:30,connect
FN:62,(anonymous_2)
FN:73,getDb
FN:114,ensureDatabase
FN:129,(anonymous_5)
FN:161,backfillOwnerMemberships
FN:186,(anonymous_7)
FN:196,backfillPublicIds
FNF:9
FNH:0
FNDA:0,createDrizzle
FNDA:0,connect
FNDA:0,(anonymous_2)
FNDA:0,getDb
FNDA:0,ensureDatabase
FNDA:0,(anonymous_5)
FNDA:0,backfillOwnerMemberships
FNDA:0,(anonymous_7)
FNDA:0,backfillPublicIds
DA:13,0
DA:31,0
DA:32,0
DA:35,0
DA:36,0
DA:37,0
DA:40,0
DA:63,0
DA:64,0
DA:68,0
DA:69,0
DA:70,0
DA:74,0
DA:81,22
DA:115,0
DA:129,0
DA:130,0
DA:131,0
DA:132,0
DA:135,0
DA:136,0
DA:162,0
DA:175,0
DA:184,0
DA:186,0
DA:188,0
DA:197,0
DA:198,0
DA:205,0
LF:29
LH:1
BRDA:31,0,0,0
BRDA:31,0,1,0
BRDA:31,1,0,0
BRDA:31,1,1,0
BRDA:36,2,0,0
BRDA:36,2,1,0
BRDA:63,3,0,0
BRDA:63,3,1,0
BRDA:63,3,2,0
BRDA:64,4,0,0
BRDA:64,4,1,0
BRDA:132,5,0,0
BRDA:132,5,1,0
BRDA:175,6,0,0
BRDA:175,6,1,0
BRF:15
BRH:0
end_of_record
TN:
SF:src/lib/server/db/migrator.js
FN:24,checksum
FN:38,validateMigrations
FN:83,runMigrations
FN:92,(anonymous_3)
FNF:4
FNH:2
FNDA:5,checksum
FNDA:5,validateMigrations
FNDA:0,runMigrations
FNDA:0,(anonymous_3)
DA:25,5
DA:40,5
DA:41,5
DA:42,5
DA:43,16
DA:44,2
DA:48,16
DA:49,16
DA:50,1
DA:52,16
DA:53,1
DA:56,5
DA:84,0
DA:85,0
DA:86,0
DA:89,0
DA:90,0
DA:92,0
DA:97,0
DA:99,0
DA:101,0
DA:102,0
DA:103,0
DA:105,0
DA:113,0
DA:114,0
DA:120,0
DA:121,0
DA:124,0
DA:132,0
DA:136,0
DA:139,0
LF:32
LH:12
BRDA:38,0,0,5
BRDA:43,1,0,2
BRDA:43,1,1,14
BRDA:49,2,0,1
BRDA:49,2,1,15
BRDA:49,3,0,16
BRDA:49,3,1,16
BRDA:52,4,0,1
BRDA:52,4,1,15
BRDA:52,5,0,16
BRDA:52,5,1,16
BRDA:83,6,0,0
BRDA:85,7,0,0
BRDA:85,7,1,0
BRDA:105,8,0,0
BRDA:105,8,1,0
BRDA:113,9,0,0
BRDA:113,9,1,0
BRF:18
BRH:11
end_of_record
TN:
SF:src/lib/server/db/schema.ts
FN:74,(anonymous_0)
FN:91,(anonymous_1)
FN:113,(anonymous_2)
FN:126,(anonymous_3)
FN:140,(anonymous_4)
FN:143,(anonymous_5)
FN:170,(anonymous_6)
FN:226,(anonymous_7)
FN:259,(anonymous_8)
FN:261,(anonymous_9)
FN:271,(anonymous_10)
FN:278,(anonymous_11)
FN:297,(anonymous_12)
FN:300,(anonymous_13)
FN:385,(anonymous_14)
FN:432,(anonymous_15)
FN:467,(anonymous_16)
FN:479,(anonymous_17)
FN:523,(anonymous_18)
FN:542,(anonymous_19)
FNF:20
FNH:0
FNDA:0,(anonymous_0)
FNDA:0,(anonymous_1)
FNDA:0,(anonymous_2)
FNDA:0,(anonymous_3)
FNDA:0,(anonymous_4)
FNDA:0,(anonymous_5)
FNDA:0,(anonymous_6)
FNDA:0,(anonymous_7)
FNDA:0,(anonymous_8)
FNDA:0,(anonymous_9)
FNDA:0,(anonymous_10)
FNDA:0,(anonymous_11)
FNDA:0,(anonymous_12)
FNDA:0,(anonymous_13)
FNDA:0,(anonymous_14)
FNDA:0,(anonymous_15)
FNDA:0,(anonymous_16)
FNDA:0,(anonymous_17)
FNDA:0,(anonymous_18)
FNDA:0,(anonymous_19)
DA:38,22
DA:65,22
DA:66,22
DA:68,22
DA:74,0
DA:92,0
DA:102,22
DA:113,0
DA:127,0
DA:134,22
DA:140,0
DA:144,0
DA:153,22
DA:164,22
DA:170,0
DA:227,0
DA:253,22
DA:259,0
DA:261,0
DA:272,0
DA:275,22
DA:278,0
DA:291,22
DA:297,0
DA:300,0
DA:386,0
DA:400,22
DA:433,0
DA:454,22
DA:468,0
DA:472,22
DA:475,22
DA:479,0
DA:519,22
DA:523,0
DA:538,22
DA:542,0
LF:37
LH:17
BRF:0
BRH:0
end_of_record
TN:
SF:src/lib/server/db/migrations/0001-email-verification.js
FNF:0
FNH:0
DA:16,24
LF:1
LH:1
BRF:0
BRH:0
end_of_record
TN:
SF:src/lib/server/db/migrations/0002-badge-dark-theme-and-room-archiving.js
FNF:0
FNH:0
DA:28,24
LF:1
LH:1
BRF:0
BRH:0
end_of_record
TN:
SF:src/lib/server/db/migrations/0003-room-short-code-sequence.js
FNF:0
FNH:0
DA:37,24
LF:1
LH:1
BRF:0
BRH:0
end_of_record
TN:
SF:src/lib/server/db/migrations/0004-backfill-room-public-id.js
FNF:0
FNH:0
DA:48,24
LF:1
LH:1
BRF:0
BRH:0
end_of_record
TN:
SF:src/lib/server/db/migrations/0005-open-existing-rooms.js
FNF:0
FNH:0
DA:28,24
LF:1
LH:1
BRF:0
BRH:0
end_of_record
TN:
SF:src/lib/server/db/migrations/0006-mobile-pair-attempts.js
FNF:0
FNH:0
DA:35,24
LF:1
LH:1
BRF:0
BRH:0
end_of_record
TN:
SF:src/lib/server/db/migrations/0007-room-sessions.js
FNF:0
FNH:0
DA:47,24
LF:1
LH:1
BRF:0
BRH:0
end_of_record
TN:
SF:src/lib/server/db/migrations/0008-backfill-owner-memberships.js
FNF:0
FNH:0
DA:47,24
LF:1
LH:1
BRF:0
BRH:0
end_of_record
TN:
SF:src/lib/server/db/migrations/0009-room-sessions-fk-actions.js
FNF:0
FNH:0
DA:66,24
LF:1
LH:1
BRF:0
BRH:0
end_of_record
TN:
SF:src/lib/server/db/migrations/index.js
FNF:0
FNH:0
DA:56,24
DA:114,24
LF:2
LH:2
BRF:0
BRH:0
end_of_record
TN:
SF:src/routes/+layout.server.ts
FN:4,(anonymous_0)
FNF:1
FNH:0
FNDA:0,(anonymous_0)
DA:4,0
LF:1
LH:0
BRF:0
BRH:0
end_of_record
TN:
SF:src/routes/(app)/account/+page.server.ts
FN:16,apiKeyEncryptionMaster
FN:39,readApiKeySecret
FN:68,readRowId
FN:75,(anonymous_3)
FN:100,(anonymous_4)
FN:131,(anonymous_5)
FN:148,(anonymous_6)
FN:161,(anonymous_7)
FN:218,(anonymous_8)
FN:238,(anonymous_9)
FN:268,(anonymous_10)
FN:317,(anonymous_11)
FN:362,(anonymous_12)
FN:376,(anonymous_13)
FN:385,(anonymous_14)
FN:400,(anonymous_15)
FN:409,(anonymous_16)
FN:438,(anonymous_17)
FN:463,(anonymous_18)
FN:476,(anonymous_19)
FN:497,(anonymous_20)
FN:521,(anonymous_21)
FNF:22
FNH:0
FNDA:0,apiKeyEncryptionMaster
FNDA:0,readApiKeySecret
FNDA:0,readRowId
FNDA:0,(anonymous_3)
FNDA:0,(anonymous_4)
FNDA:0,(anonymous_5)
FNDA:0,(anonymous_6)
FNDA:0,(anonymous_7)
FNDA:0,(anonymous_8)
FNDA:0,(anonymous_9)
FNDA:0,(anonymous_10)
FNDA:0,(anonymous_11)
FNDA:0,(anonymous_12)
FNDA:0,(anonymous_13)
FNDA:0,(anonymous_14)
FNDA:0,(anonymous_15)
FNDA:0,(anonymous_16)
FNDA:0,(anonymous_17)
FNDA:0,(anonymous_18)
FNDA:0,(anonymous_19)
FNDA:0,(anonymous_20)
FNDA:0,(anonymous_21)
DA:17,0
DA:44,0
DA:46,0
DA:47,0
DA:52,0
DA:56,0
DA:69,0
DA:70,0
DA:71,0
DA:72,0
DA:75,0
DA:76,0
DA:77,0
DA:81,0
DA:83,0
DA:92,0
DA:93,0
DA:94,0
DA:100,0
DA:104,0
DA:107,0
DA:117,0
DA:131,0
DA:148,0
DA:160,0
DA:162,0
DA:163,0
DA:173,0
DA:174,0
DA:179,0
DA:180,0
DA:181,0
DA:187,0
DA:188,0
DA:190,0
DA:191,0
DA:193,0
DA:196,0
DA:219,0
DA:220,0
DA:221,0
DA:222,0
DA:224,0
DA:225,0
DA:226,0
DA:229,0
DA:234,0
DA:235,0
DA:239,0
DA:240,0
DA:241,0
DA:242,0
DA:243,0
DA:253,0
DA:269,0
DA:270,0
DA:272,0
DA:273,0
DA:275,0
DA:276,0
DA:278,0
DA:279,0
DA:280,0
DA:283,0
DA:284,0
DA:285,0
DA:290,0
DA:291,0
DA:299,0
DA:318,0
DA:319,0
DA:320,0
DA:321,0
DA:325,0
DA:326,0
DA:328,0
DA:338,0
DA:350,0
DA:363,0
DA:364,0
DA:365,0
DA:367,0
DA:372,0
DA:373,0
DA:377,0
DA:378,0
DA:379,0
DA:382,0
DA:386,0
DA:387,0
DA:388,0
DA:389,0
DA:392,0
DA:393,0
DA:394,0
DA:397,0
DA:401,0
DA:402,0
DA:403,0
DA:406,0
DA:410,0
DA:411,0
DA:412,0
DA:413,0
DA:425,0
DA:439,0
DA:440,0
DA:441,0
DA:442,0
DA:451,0
DA:452,0
DA:464,0
DA:465,0
DA:466,0
DA:468,0
DA:469,0
DA:471,0
DA:473,0
DA:476,0
DA:478,0
DA:483,0
DA:484,0
DA:498,0
DA:499,0
DA:500,0
DA:504,0
DA:506,0
DA:507,0
DA:508,0
DA:515,0
DA:516,0
DA:518,0
DA:522,0
DA:523,0
DA:524,0
DA:527,0
LF:136
LH:0
BRDA:17,0,0,0
BRDA:17,0,1,0
BRDA:17,0,2,0
BRDA:44,1,0,0
BRDA:44,1,1,0
BRDA:54,2,0,0
BRDA:54,2,1,0
BRDA:70,3,0,0
BRDA:70,3,1,0
BRDA:70,4,0,0
BRDA:70,4,1,0
BRDA:72,5,0,0
BRDA:72,5,1,0
BRDA:72,6,0,0
BRDA:72,6,1,0
BRDA:93,7,0,0
BRDA:93,7,1,0
BRDA:124,8,0,0
BRDA:124,8,1,0
BRDA:133,9,0,0
BRDA:133,9,1,0
BRDA:173,10,0,0
BRDA:173,10,1,0
BRDA:180,11,0,0
BRDA:180,11,1,0
BRDA:181,12,0,0
BRDA:181,12,1,0
BRDA:190,13,0,0
BRDA:190,13,1,0
BRDA:222,14,0,0
BRDA:222,14,1,0
BRDA:225,15,0,0
BRDA:225,15,1,0
BRDA:225,16,0,0
BRDA:225,16,1,0
BRDA:231,17,0,0
BRDA:231,17,1,0
BRDA:234,18,0,0
BRDA:234,18,1,0
BRDA:241,19,0,0
BRDA:241,19,1,0
BRDA:242,20,0,0
BRDA:242,20,1,0
BRDA:248,21,0,0
BRDA:248,21,1,0
BRDA:249,22,0,0
BRDA:249,22,1,0
BRDA:250,23,0,0
BRDA:250,23,1,0
BRDA:250,24,0,0
BRDA:250,24,1,0
BRDA:272,25,0,0
BRDA:272,25,1,0
BRDA:275,26,0,0
BRDA:275,26,1,0
BRDA:275,27,0,0
BRDA:275,27,1,0
BRDA:279,28,0,0
BRDA:279,28,1,0
BRDA:280,29,0,0
BRDA:280,29,1,0
BRDA:284,30,0,0
BRDA:284,30,1,0
BRDA:321,31,0,0
BRDA:321,31,1,0
BRDA:325,32,0,0
BRDA:325,32,1,0
BRDA:326,33,0,0
BRDA:326,33,1,0
BRDA:332,34,0,0
BRDA:332,34,1,0
BRDA:333,35,0,0
BRDA:333,35,1,0
BRDA:334,36,0,0
BRDA:334,36,1,0
BRDA:334,37,0,0
BRDA:334,37,1,0
BRDA:338,38,0,0
BRDA:338,38,1,0
BRDA:365,39,0,0
BRDA:365,39,1,0
BRDA:372,40,0,0
BRDA:372,40,1,0
BRDA:388,41,0,0
BRDA:388,41,1,0
BRDA:389,42,0,0
BRDA:389,42,1,0
BRDA:392,43,0,0
BRDA:392,43,1,0
BRDA:393,44,0,0
BRDA:393,44,1,0
BRDA:393,45,0,0
BRDA:393,45,1,0
BRDA:393,45,2,0
BRDA:451,46,0,0
BRDA:451,46,1,0
BRDA:466,47,0,0
BRDA:466,47,1,0
BRDA:469,48,0,0
BRDA:469,48,1,0
BRDA:471,49,0,0
BRDA:471,49,1,0
BRDA:483,50,0,0
BRDA:483,50,1,0
BRDA:499,51,0,0
BRDA:499,51,1,0
BRDA:504,52,0,0
BRDA:504,52,1,0
BRF:108
BRH:0
end_of_record
TN:
SF:src/routes/(app)/account/api-docs/+page.server.ts
FN:14,(anonymous_0)
FNF:1
FNH:0
FNDA:0,(anonymous_0)
DA:14,0
DA:15,0
DA:16,0
LF:3
LH:0
BRF:0
BRH:0
end_of_record
TN:
SF:src/routes/(app)/account/rooms/[id]/[[tab]]/+page.server.ts
FN:107,siteOrigin
FN:111,(anonymous_1)
FN:135,(anonymous_2)
FN:167,(anonymous_3)
FN:172,(anonymous_4)
FN:200,(anonymous_5)
FN:202,(anonymous_6)
FN:207,(anonymous_7)
FN:235,(anonymous_8)
FN:236,(anonymous_9)
FN:271,(anonymous_10)
FN:271,(anonymous_11)
FN:321,(anonymous_12)
FN:363,ownedRoom
FN:369,ownedRoomId
FN:382,accountRoomIds
FN:386,(anonymous_16)
FN:394,parseRelays
FN:397,(anonymous_18)
FN:412,failFor
FN:424,(anonymous_20)
FN:435,(anonymous_21)
FN:479,(anonymous_22)
FN:486,(anonymous_23)
FN:503,(anonymous_24)
FN:511,(anonymous_25)
FN:532,(anonymous_26)
FN:539,(anonymous_27)
FN:556,(anonymous_28)
FN:562,(anonymous_29)
FN:568,(anonymous_30)
FN:579,(anonymous_31)
FN:595,(anonymous_32)
FN:613,(anonymous_33)
FN:620,(anonymous_34)
FN:626,(anonymous_35)
FN:634,(anonymous_36)
FN:644,(anonymous_37)
FN:658,(anonymous_38)
FN:677,(anonymous_39)
FN:696,(anonymous_40)
FN:710,(anonymous_41)
FN:721,(anonymous_42)
FN:743,(anonymous_43)
FN:755,(anonymous_44)
FN:770,(anonymous_45)
FN:788,(anonymous_46)
FN:796,(anonymous_47)
FN:811,(anonymous_48)
FN:822,(anonymous_49)
FN:829,(anonymous_50)
FN:857,(anonymous_51)
FN:865,(anonymous_52)
FN:877,(anonymous_53)
FN:883,(anonymous_54)
FN:887,(anonymous_55)
FN:892,(anonymous_56)
FN:900,(anonymous_57)
FN:914,(anonymous_58)
FN:927,(anonymous_59)
FN:951,(anonymous_60)
FN:971,(anonymous_61)
FN:993,(anonymous_62)
FN:1003,(anonymous_63)
FN:1027,(anonymous_64)
FN:1036,(anonymous_65)
FNF:66
FNH:0
FNDA:0,siteOrigin
FNDA:0,(anonymous_1)
FNDA:0,(anonymous_2)
FNDA:0,(anonymous_3)
FNDA:0,(anonymous_4)
FNDA:0,(anonymous_5)
FNDA:0,(anonymous_6)
FNDA:0,(anonymous_7)
FNDA:0,(anonymous_8)
FNDA:0,(anonymous_9)
FNDA:0,(anonymous_10)
FNDA:0,(anonymous_11)
FNDA:0,(anonymous_12)
FNDA:0,ownedRoom
FNDA:0,ownedRoomId
FNDA:0,accountRoomIds
FNDA:0,(anonymous_16)
FNDA:0,parseRelays
FNDA:0,(anonymous_18)
FNDA:0,failFor
FNDA:0,(anonymous_20)
FNDA:0,(anonymous_21)
FNDA:0,(anonymous_22)
FNDA:0,(anonymous_23)
FNDA:0,(anonymous_24)
FNDA:0,(anonymous_25)
FNDA:0,(anonymous_26)
FNDA:0,(anonymous_27)
FNDA:0,(anonymous_28)
FNDA:0,(anonymous_29)
FNDA:0,(anonymous_30)
FNDA:0,(anonymous_31)
FNDA:0,(anonymous_32)
FNDA:0,(anonymous_33)
FNDA:0,(anonymous_34)
FNDA:0,(anonymous_35)
FNDA:0,(anonymous_36)
FNDA:0,(anonymous_37)
FNDA:0,(anonymous_38)
FNDA:0,(anonymous_39)
FNDA:0,(anonymous_40)
FNDA:0,(anonymous_41)
FNDA:0,(anonymous_42)
FNDA:0,(anonymous_43)
FNDA:0,(anonymous_44)
FNDA:0,(anonymous_45)
FNDA:0,(anonymous_46)
FNDA:0,(anonymous_47)
FNDA:0,(anonymous_48)
FNDA:0,(anonymous_49)
FNDA:0,(anonymous_50)
FNDA:0,(anonymous_51)
FNDA:0,(anonymous_52)
FNDA:0,(anonymous_53)
FNDA:0,(anonymous_54)
FNDA:0,(anonymous_55)
FNDA:0,(anonymous_56)
FNDA:0,(anonymous_57)
FNDA:0,(anonymous_58)
FNDA:0,(anonymous_59)
FNDA:0,(anonymous_60)
FNDA:0,(anonymous_61)
FNDA:0,(anonymous_62)
FNDA:0,(anonymous_63)
FNDA:0,(anonymous_64)
FNDA:0,(anonymous_65)
DA:83,0
DA:108,0
DA:111,0
DA:112,0
DA:113,0
DA:115,0
DA:116,0
DA:117,0
DA:119,0
DA:120,0
DA:121,0
DA:122,0
DA:128,0
DA:135,0
DA:166,0
DA:167,0
DA:168,0
DA:170,0
DA:171,0
DA:172,0
DA:199,0
DA:200,0
DA:202,0
DA:203,0
DA:204,0
DA:207,0
DA:235,0
DA:236,0
DA:248,0
DA:250,0
DA:252,0
DA:271,0
DA:321,0
DA:364,0
DA:365,0
DA:366,0
DA:370,0
DA:383,0
DA:384,0
DA:385,0
DA:386,0
DA:395,0
DA:397,0
DA:413,0
DA:414,0
DA:415,0
DA:417,0
DA:418,0
DA:419,0
DA:422,0
DA:425,0
DA:426,0
DA:427,0
DA:436,0
DA:437,0
DA:439,0
DA:440,0
DA:441,0
DA:442,0
DA:443,0
DA:445,0
DA:447,0
DA:468,0
DA:469,0
DA:480,0
DA:481,0
DA:482,0
DA:487,0
DA:488,0
DA:491,0
DA:492,0
DA:496,0
DA:497,0
DA:498,0
DA:499,0
DA:504,0
DA:505,0
DA:506,0
DA:507,0
DA:512,0
DA:513,0
DA:514,0
DA:515,0
DA:517,0
DA:518,0
DA:519,0
DA:521,0
DA:522,0
DA:523,0
DA:527,0
DA:528,0
DA:529,0
DA:533,0
DA:534,0
DA:535,0
DA:540,0
DA:541,0
DA:542,0
DA:543,0
DA:546,0
DA:547,0
DA:548,0
DA:549,0
DA:551,0
DA:557,0
DA:558,0
DA:563,0
DA:564,0
DA:569,0
DA:570,0
DA:571,0
DA:572,0
DA:573,0
DA:575,0
DA:576,0
DA:579,0
DA:580,0
DA:581,0
DA:596,0
DA:597,0
DA:598,0
DA:599,0
DA:600,0
DA:601,0
DA:602,0
DA:603,0
DA:614,0
DA:615,0
DA:616,0
DA:617,0
DA:621,0
DA:622,0
DA:627,0
DA:628,0
DA:629,0
DA:630,0
DA:635,0
DA:636,0
DA:637,0
DA:638,0
DA:639,0
DA:640,0
DA:645,0
DA:646,0
DA:647,0
DA:648,0
DA:649,0
DA:650,0
DA:651,0
DA:653,0
DA:659,0
DA:660,0
DA:661,0
DA:662,0
DA:663,0
DA:664,0
DA:666,0
DA:678,0
DA:679,0
DA:680,0
DA:681,0
DA:682,0
DA:683,0
DA:685,0
DA:686,0
DA:687,0
DA:689,0
DA:697,0
DA:698,0
DA:699,0
DA:700,0
DA:701,0
DA:702,0
DA:703,0
DA:705,0
DA:711,0
DA:712,0
DA:713,0
DA:714,0
DA:716,0
DA:722,0
DA:723,0
DA:724,0
DA:725,0
DA:726,0
DA:727,0
DA:729,0
DA:730,0
DA:732,0
DA:744,0
DA:745,0
DA:746,0
DA:747,0
DA:748,0
DA:750,0
DA:756,0
DA:757,0
DA:758,0
DA:759,0
DA:760,0
DA:761,0
DA:763,0
DA:765,0
DA:771,0
DA:772,0
DA:773,0
DA:774,0
DA:775,0
DA:777,0
DA:789,0
DA:790,0
DA:791,0
DA:792,0
DA:793,0
DA:796,0
DA:797,0
DA:798,0
DA:804,0
DA:806,0
DA:812,0
DA:813,0
DA:814,0
DA:815,0
DA:816,0
DA:818,0
DA:823,0
DA:824,0
DA:825,0
DA:830,0
DA:831,0
DA:832,0
DA:833,0
DA:834,0
DA:841,0
DA:842,0
DA:843,0
DA:845,0
DA:858,0
DA:859,0
DA:860,0
DA:861,0
DA:862,0
DA:866,0
DA:867,0
DA:868,0
DA:869,0
DA:870,0
DA:878,0
DA:879,0
DA:880,0
DA:884,0
DA:885,0
DA:886,0
DA:887,0
DA:888,0
DA:893,0
DA:894,0
DA:895,0
DA:896,0
DA:897,0
DA:900,0
DA:903,0
DA:904,0
DA:905,0
DA:915,0
DA:916,0
DA:917,0
DA:918,0
DA:919,0
DA:920,0
DA:922,0
DA:923,0
DA:924,0
DA:928,0
DA:929,0
DA:930,0
DA:931,0
DA:932,0
DA:933,0
DA:934,0
DA:935,0
DA:937,0
DA:952,0
DA:953,0
DA:954,0
DA:955,0
DA:956,0
DA:957,0
DA:959,0
DA:960,0
DA:961,0
DA:972,0
DA:973,0
DA:974,0
DA:975,0
DA:976,0
DA:977,0
DA:978,0
DA:979,0
DA:981,0
DA:994,0
DA:995,0
DA:996,0
DA:997,0
DA:998,0
DA:999,0
DA:1004,0
DA:1005,0
DA:1006,0
DA:1008,0
DA:1009,0
DA:1011,0
DA:1012,0
DA:1013,0
DA:1014,0
DA:1016,0
DA:1017,0
DA:1018,0
DA:1028,0
DA:1029,0
DA:1030,0
DA:1031,0
DA:1032,0
DA:1033,0
DA:1034,0
DA:1036,0
DA:1038,0
DA:1039,0
LF:328
LH:0
BRDA:108,0,0,0
BRDA:108,0,1,0
BRDA:117,1,0,0
BRDA:117,1,1,0
BRDA:141,2,0,0
BRDA:141,2,1,0
BRDA:143,3,0,0
BRDA:143,3,1,0
BRDA:145,4,0,0
BRDA:145,4,1,0
BRDA:166,5,0,0
BRDA:166,5,1,0
BRDA:167,6,0,0
BRDA:167,6,1,0
BRDA:170,7,0,0
BRDA:170,7,1,0
BRDA:199,8,0,0
BRDA:199,8,1,0
BRDA:200,9,0,0
BRDA:200,9,1,0
BRDA:202,10,0,0
BRDA:202,10,1,0
BRDA:203,11,0,0
BRDA:203,11,1,0
BRDA:204,12,0,0
BRDA:204,12,1,0
BRDA:207,13,0,0
BRDA:207,13,1,0
BRDA:207,14,0,0
BRDA:207,14,1,0
BRDA:235,15,0,0
BRDA:235,15,1,0
BRDA:236,16,0,0
BRDA:236,16,1,0
BRDA:248,17,0,0
BRDA:248,17,1,0
BRDA:248,18,0,0
BRDA:248,18,1,0
BRDA:250,19,0,0
BRDA:250,19,1,0
BRDA:266,20,0,0
BRDA:266,20,1,0
BRDA:299,21,0,0
BRDA:299,21,1,0
BRDA:300,22,0,0
BRDA:300,22,1,0
BRDA:384,23,0,0
BRDA:384,23,1,0
BRDA:395,24,0,0
BRDA:395,24,1,0
BRDA:413,25,0,0
BRDA:413,25,1,0
BRDA:414,26,0,0
BRDA:414,26,1,0
BRDA:414,27,0,0
BRDA:414,27,1,0
BRDA:414,27,2,0
BRDA:417,28,0,0
BRDA:417,28,1,0
BRDA:417,29,0,0
BRDA:417,29,1,0
BRDA:418,30,0,0
BRDA:418,30,1,0
BRDA:440,31,0,0
BRDA:440,31,1,0
BRDA:443,32,0,0
BRDA:443,32,1,0
BRDA:445,33,0,0
BRDA:445,33,1,0
BRDA:488,34,0,0
BRDA:488,34,1,0
BRDA:491,35,0,0
BRDA:491,35,1,0
BRDA:497,36,0,0
BRDA:497,36,1,0
BRDA:497,37,0,0
BRDA:497,37,1,0
BRDA:514,38,0,0
BRDA:514,38,1,0
BRDA:514,39,0,0
BRDA:514,39,1,0
BRDA:518,40,0,0
BRDA:518,40,1,0
BRDA:519,41,0,0
BRDA:519,41,1,0
BRDA:522,42,0,0
BRDA:522,42,1,0
BRDA:542,43,0,0
BRDA:542,43,1,0
BRDA:543,44,0,0
BRDA:543,44,1,0
BRDA:546,45,0,0
BRDA:546,45,1,0
BRDA:546,46,0,0
BRDA:546,46,1,0
BRDA:551,47,0,0
BRDA:551,47,1,0
BRDA:572,48,0,0
BRDA:572,48,1,0
BRDA:572,49,0,0
BRDA:572,49,1,0
BRDA:600,50,0,0
BRDA:600,50,1,0
BRDA:601,51,0,0
BRDA:601,51,1,0
BRDA:638,52,0,0
BRDA:638,52,1,0
BRDA:639,53,0,0
BRDA:639,53,1,0
BRDA:648,54,0,0
BRDA:648,54,1,0
BRDA:649,55,0,0
BRDA:649,55,1,0
BRDA:653,56,0,0
BRDA:653,56,1,0
BRDA:666,57,0,0
BRDA:666,57,1,0
BRDA:681,58,0,0
BRDA:681,58,1,0
BRDA:682,59,0,0
BRDA:682,59,1,0
BRDA:689,60,0,0
BRDA:689,60,1,0
BRDA:700,61,0,0
BRDA:700,61,1,0
BRDA:705,62,0,0
BRDA:705,62,1,0
BRDA:716,63,0,0
BRDA:716,63,1,0
BRDA:726,64,0,0
BRDA:726,64,1,0
BRDA:726,65,0,0
BRDA:726,65,1,0
BRDA:726,65,2,0
BRDA:732,66,0,0
BRDA:732,66,1,0
BRDA:760,67,0,0
BRDA:760,67,1,0
BRDA:790,68,0,0
BRDA:790,68,1,0
BRDA:793,69,0,0
BRDA:793,69,1,0
BRDA:801,70,0,0
BRDA:801,70,1,0
BRDA:818,71,0,0
BRDA:818,71,1,0
BRDA:832,72,0,0
BRDA:832,72,1,0
BRDA:841,73,0,0
BRDA:841,73,1,0
BRDA:841,74,0,0
BRDA:841,74,1,0
BRDA:842,75,0,0
BRDA:842,75,1,0
BRDA:845,76,0,0
BRDA:845,76,1,0
BRDA:859,77,0,0
BRDA:859,77,1,0
BRDA:860,78,0,0
BRDA:860,78,1,0
BRDA:867,79,0,0
BRDA:867,79,1,0
BRDA:868,80,0,0
BRDA:868,80,1,0
BRDA:868,81,0,0
BRDA:868,81,1,0
BRDA:879,82,0,0
BRDA:879,82,1,0
BRDA:896,83,0,0
BRDA:896,83,1,0
BRDA:918,84,0,0
BRDA:918,84,1,0
BRDA:919,85,0,0
BRDA:919,85,1,0
BRDA:919,86,0,0
BRDA:919,86,1,0
BRDA:922,87,0,0
BRDA:922,87,1,0
BRDA:932,88,0,0
BRDA:932,88,1,0
BRDA:937,89,0,0
BRDA:937,89,1,0
BRDA:954,90,0,0
BRDA:954,90,1,0
BRDA:955,91,0,0
BRDA:955,91,1,0
BRDA:956,92,0,0
BRDA:956,92,1,0
BRDA:956,93,0,0
BRDA:956,93,1,0
BRDA:974,94,0,0
BRDA:974,94,1,0
BRDA:975,95,0,0
BRDA:975,95,1,0
BRDA:996,96,0,0
BRDA:996,96,1,0
BRDA:1005,97,0,0
BRDA:1005,97,1,0
BRDA:1006,98,0,0
BRDA:1006,98,1,0
BRDA:1008,99,0,0
BRDA:1008,99,1,0
BRDA:1013,100,0,0
BRDA:1013,100,1,0
BRDA:1029,101,0,0
BRDA:1029,101,1,0
BRDA:1030,102,0,0
BRDA:1030,102,1,0
BRDA:1033,103,0,0
BRDA:1033,103,1,0
BRDA:1038,104,0,0
BRDA:1038,104,1,0
BRF:212
BRH:0
end_of_record
TN:
SF:src/routes/(app)/account/rooms/[id]/stats.csv/+server.ts
FN:38,(anonymous_0)
FN:82,(anonymous_1)
FNF:2
FNH:0
FNDA:0,(anonymous_0)
FNDA:0,(anonymous_1)
DA:38,0
DA:39,0
DA:40,0
DA:41,0
DA:42,0
DA:44,0
DA:45,0
DA:51,0
DA:52,0
DA:54,0
DA:68,0
DA:76,0
DA:77,0
DA:82,0
DA:85,0
DA:86,0
DA:88,0
DA:95,0
LF:18
LH:0
BRDA:42,0,0,0
BRDA:42,0,1,0
BRDA:52,1,0,0
BRDA:52,1,1,0
BRDA:52,2,0,0
BRDA:52,2,1,0
BRDA:68,3,0,0
BRDA:68,3,1,0
BRDA:76,4,0,0
BRDA:76,4,1,0
BRDA:82,5,0,0
BRDA:82,5,1,0
BRDA:86,6,0,0
BRDA:86,6,1,0
BRF:14
BRH:0
end_of_record
TN:
SF:src/routes/(app)/admin/+layout.server.ts
FN:34,(anonymous_0)
FNF:1
FNH:0
FNDA:0,(anonymous_0)
DA:34,0
DA:35,0
DA:38,0
DA:39,0
DA:46,0
DA:52,0
DA:55,0
DA:57,0
LF:8
LH:0
BRDA:47,0,0,0
BRDA:47,0,1,0
BRF:2
BRH:0
end_of_record
TN:
SF:src/routes/(app)/admin/+page.server.ts
FN:43,(anonymous_0)
FN:62,(anonymous_1)
FN:63,(anonymous_2)
FN:83,(anonymous_3)
FN:94,(anonymous_4)
FN:121,(anonymous_5)
FN:152,(anonymous_6)
FN:223,(anonymous_7)
FN:262,(anonymous_8)
FNF:9
FNH:0
FNDA:0,(anonymous_0)
FNDA:0,(anonymous_1)
FNDA:0,(anonymous_2)
FNDA:0,(anonymous_3)
FNDA:0,(anonymous_4)
FNDA:0,(anonymous_5)
FNDA:0,(anonymous_6)
FNDA:0,(anonymous_7)
FNDA:0,(anonymous_8)
DA:43,0
DA:44,0
DA:47,0
DA:49,0
DA:62,0
DA:63,0
DA:65,0
DA:78,0
DA:83,0
DA:89,0
DA:94,0
DA:100,0
DA:107,0
DA:121,0
DA:151,0
DA:154,0
DA:155,0
DA:156,0
DA:157,0
DA:158,0
DA:160,0
DA:161,0
DA:162,0
DA:165,0
DA:170,0
DA:180,0
DA:181,0
DA:186,0
DA:192,0
DA:203,0
DA:204,0
DA:213,0
DA:224,0
DA:225,0
DA:226,0
DA:227,0
DA:228,0
DA:230,0
DA:231,0
DA:238,0
DA:246,0
DA:258,0
DA:263,0
DA:264,0
LF:44
LH:0
BRDA:118,0,0,0
BRDA:118,0,1,0
BRDA:119,1,0,0
BRDA:119,1,1,0
BRDA:123,2,0,0
BRDA:123,2,1,0
BRDA:125,3,0,0
BRDA:125,3,1,0
BRDA:126,4,0,0
BRDA:126,4,1,0
BRDA:127,5,0,0
BRDA:127,5,1,0
BRDA:128,6,0,0
BRDA:128,6,1,0
BRDA:129,7,0,0
BRDA:129,7,1,0
BRDA:157,8,0,0
BRDA:157,8,1,0
BRDA:158,9,0,0
BRDA:158,9,1,0
BRDA:158,10,0,0
BRDA:158,10,1,0
BRDA:160,11,0,0
BRDA:160,11,1,0
BRDA:161,12,0,0
BRDA:161,12,1,0
BRDA:161,13,0,0
BRDA:161,13,1,0
BRDA:170,14,0,0
BRDA:170,14,1,0
BRDA:180,15,0,0
BRDA:180,15,1,0
BRDA:180,16,0,0
BRDA:180,16,1,0
BRDA:186,17,0,0
BRDA:186,17,1,0
BRDA:207,18,0,0
BRDA:207,18,1,0
BRDA:227,19,0,0
BRDA:227,19,1,0
BRDA:227,20,0,0
BRDA:227,20,1,0
BRDA:228,21,0,0
BRDA:228,21,1,0
BRDA:238,22,0,0
BRDA:238,22,1,0
BRF:46
BRH:0
end_of_record
TN:
SF:src/routes/(app)/launch/[id]/+server.ts
FN:26,(anonymous_0)
FNF:1
FNH:0
FNDA:0,(anonymous_0)
DA:26,0
DA:27,0
DA:28,0
DA:29,0
DA:30,0
DA:37,0
DA:39,0
DA:40,0
DA:43,0
DA:58,0
DA:83,0
DA:85,0
DA:88,0
DA:91,0
DA:100,0
DA:110,0
DA:111,0
LF:17
LH:0
BRDA:30,0,0,0
BRDA:30,0,1,0
BRDA:37,1,0,0
BRDA:37,1,1,0
BRDA:40,2,0,0
BRDA:40,2,1,0
BRDA:83,3,0,0
BRDA:83,3,1,0
BRDA:83,4,0,0
BRDA:83,4,1,0
BRDA:85,5,0,0
BRDA:85,5,1,0
BRDA:85,6,0,0
BRDA:85,6,1,0
BRDA:93,7,0,0
BRDA:93,7,1,0
BRDA:110,8,0,0
BRDA:110,8,1,0
BRF:18
BRH:0
end_of_record
TN:
SF:src/routes/(app)/logout/+page.server.ts
FN:5,(anonymous_0)
FN:8,(anonymous_1)
FNF:2
FNH:0
FNDA:0,(anonymous_0)
FNDA:0,(anonymous_1)
DA:5,0
DA:7,0
DA:14,0
DA:15,0
LF:4
LH:0
BRF:0
BRH:0
end_of_record
TN:
SF:src/routes/(app-auth)/register/+page.server.ts
FN:11,(anonymous_0)
FN:23,(anonymous_1)
FN:78,(anonymous_2)
FNF:3
FNH:0
FNDA:0,(anonymous_0)
FNDA:0,(anonymous_1)
FNDA:0,(anonymous_2)
DA:11,0
DA:12,0
DA:13,0
DA:22,0
DA:24,0
DA:27,0
DA:28,0
DA:29,0
DA:32,0
DA:33,0
DA:34,0
DA:36,0
DA:37,0
DA:39,0
DA:40,0
DA:42,0
DA:43,0
DA:45,0
DA:46,0
DA:48,0
DA:49,0
DA:62,0
DA:63,0
DA:64,0
DA:66,0
DA:67,0
DA:70,0
DA:73,0
DA:78,0
DA:79,0
DA:83,0
DA:127,0
DA:129,0
DA:143,0
DA:144,0
DA:145,0
DA:146,0
DA:148,0
DA:152,0
DA:153,0
LF:40
LH:0
BRDA:12,0,0,0
BRDA:12,0,1,0
BRDA:27,1,0,0
BRDA:27,1,1,0
BRDA:28,2,0,0
BRDA:28,2,1,0
BRDA:29,3,0,0
BRDA:29,3,1,0
BRDA:32,4,0,0
BRDA:32,4,1,0
BRDA:33,5,0,0
BRDA:33,5,1,0
BRDA:36,6,0,0
BRDA:36,6,1,0
BRDA:36,7,0,0
BRDA:36,7,1,0
BRDA:36,7,2,0
BRDA:39,8,0,0
BRDA:39,8,1,0
BRDA:42,9,0,0
BRDA:42,9,1,0
BRDA:45,10,0,0
BRDA:45,10,1,0
BRDA:48,11,0,0
BRDA:48,11,1,0
BRDA:62,12,0,0
BRDA:62,12,1,0
BRDA:63,13,0,0
BRDA:63,13,1,0
BRDA:67,14,0,0
BRDA:67,14,1,0
BRDA:143,15,0,0
BRDA:143,15,1,0
BRF:33
BRH:0
end_of_record
TN:
SF:src/routes/(public)/contact/+page.server.ts
FN:5,(anonymous_0)
FN:10,(anonymous_1)
FNF:2
FNH:0
FNDA:0,(anonymous_0)
FNDA:0,(anonymous_1)
DA:5,0
DA:9,0
DA:11,0
DA:12,0
DA:15,0
DA:16,0
DA:17,0
DA:18,0
DA:19,0
DA:20,0
DA:26,0
DA:29,0
LF:12
LH:0
BRDA:11,0,0,0
BRDA:11,0,1,0
BRDA:16,1,0,0
BRDA:16,1,1,0
BRDA:17,2,0,0
BRDA:17,2,1,0
BRDA:18,3,0,0
BRDA:18,3,1,0
BRDA:19,4,0,0
BRDA:19,4,1,0
BRDA:19,5,0,0
BRDA:19,5,1,0
BRDA:19,5,2,0
BRF:13
BRH:0
end_of_record
TN:
SF:src/routes/(public)/forgot-password/+page.server.ts
FN:16,(anonymous_0)
FN:27,(anonymous_1)
FNF:2
FNH:0
FNDA:0,(anonymous_0)
FNDA:0,(anonymous_1)
DA:16,0
DA:17,0
DA:23,0
DA:26,0
DA:28,0
DA:29,0
DA:41,0
DA:42,0
DA:48,0
DA:57,0
DA:58,0
DA:60,0
DA:81,0
DA:82,0
DA:83,0
DA:84,0
DA:90,0
DA:97,0
DA:102,0
LF:19
LH:0
BRDA:17,0,0,0
BRDA:17,0,1,0
BRDA:29,1,0,0
BRDA:29,1,1,0
BRDA:41,2,0,0
BRDA:41,2,1,0
BRDA:48,3,0,0
BRDA:48,3,1,0
BRDA:57,4,0,0
BRDA:57,4,1,0
BRDA:58,5,0,0
BRDA:58,5,1,0
BRDA:81,6,0,0
BRDA:81,6,1,0
BRDA:82,7,0,0
BRDA:82,7,1,0
BRF:16
BRH:0
end_of_record
TN:
SF:src/routes/(public)/login/+page.server.ts
FN:22,recordFailedLogin
FN:43,(anonymous_1)
FN:49,(anonymous_2)
FNF:3
FNH:0
FNDA:0,recordFailedLogin
FNDA:0,(anonymous_1)
FNDA:0,(anonymous_2)
DA:14,0
DA:23,0
DA:24,0
DA:25,0
DA:30,0
DA:32,0
DA:40,0
DA:43,0
DA:44,0
DA:45,0
DA:48,0
DA:50,0
DA:51,0
DA:54,0
DA:55,0
DA:57,0
DA:72,0
DA:77,0
DA:78,0
DA:79,0
DA:80,0
DA:88,0
DA:90,0
DA:91,0
DA:92,0
DA:110,0
DA:115,0
DA:116,0
DA:122,0
DA:125,0
DA:126,0
LF:31
LH:0
BRDA:44,0,0,0
BRDA:44,0,1,0
BRDA:51,1,0,0
BRDA:51,1,1,0
BRDA:54,2,0,0
BRDA:54,2,1,0
BRDA:55,3,0,0
BRDA:55,3,1,0
BRDA:55,4,0,0
BRDA:55,4,1,0
BRDA:77,5,0,0
BRDA:77,5,1,0
BRDA:77,6,0,0
BRDA:77,6,1,0
BRDA:78,7,0,0
BRDA:78,7,1,0
BRDA:79,8,0,0
BRDA:79,8,1,0
BRDA:82,9,0,0
BRDA:82,9,1,0
BRDA:90,10,0,0
BRDA:90,10,1,0
BRDA:90,11,0,0
BRDA:90,11,1,0
BRDA:115,12,0,0
BRDA:115,12,1,0
BRDA:115,13,0,0
BRDA:115,13,1,0
BRF:28
BRH:0
end_of_record
TN:
SF:src/routes/(public)/ptr_app/sessions/v2/addUser/[publicId]/+server.ts
FN:59,secretMatches
FN:72,(anonymous_1)
FN:73,(anonymous_2)
FNF:3
FNH:0
FNDA:0,secretMatches
FNDA:0,(anonymous_1)
FNDA:0,(anonymous_2)
DA:56,0
DA:60,0
DA:61,0
DA:64,0
DA:65,0
DA:66,0
DA:67,0
DA:68,0
DA:69,0
DA:72,0
DA:73,0
DA:74,0
DA:80,0
DA:83,0
DA:85,0
DA:87,0
DA:88,0
DA:89,0
DA:93,0
DA:94,0
DA:96,0
DA:97,0
DA:104,0
DA:105,0
DA:106,0
DA:107,0
DA:108,0
DA:115,0
DA:116,0
DA:118,0
DA:126,0
LF:31
LH:0
BRDA:69,0,0,0
BRDA:69,0,1,0
BRDA:85,1,0,0
BRDA:85,1,1,0
BRDA:88,2,0,0
BRDA:88,2,1,0
BRDA:89,3,0,0
BRDA:89,3,1,0
BRDA:93,4,0,0
BRDA:93,4,1,0
BRDA:94,5,0,0
BRDA:94,5,1,0
BRDA:96,6,0,0
BRDA:96,6,1,0
BRDA:97,7,0,0
BRDA:97,7,1,0
BRDA:97,8,0,0
BRDA:97,8,1,0
BRDA:104,9,0,0
BRDA:104,9,1,0
BRDA:105,10,0,0
BRDA:105,10,1,0
BRDA:106,11,0,0
BRDA:106,11,1,0
BRDA:106,12,0,0
BRDA:106,12,1,0
BRDA:107,13,0,0
BRDA:107,13,1,0
BRDA:107,14,0,0
BRDA:107,14,1,0
BRDA:108,15,0,0
BRDA:108,15,1,0
BRDA:115,16,0,0
BRDA:115,16,1,0
BRF:34
BRH:0
end_of_record
TN:
SF:src/routes/(public)/reset-password/+page.server.ts
FN:28,(anonymous_0)
FN:36,(anonymous_1)
FNF:2
FNH:0
FNDA:0,(anonymous_0)
FNDA:0,(anonymous_1)
DA:28,0
DA:29,0
DA:30,0
DA:31,0
DA:32,0
DA:35,0
DA:37,0
DA:38,0
DA:39,0
DA:40,0
DA:50,0
DA:51,0
DA:52,0
DA:59,0
DA:60,0
DA:67,0
DA:68,0
DA:84,0
DA:90,0
DA:91,0
DA:109,0
DA:110,0
DA:121,0
LF:23
LH:0
BRDA:29,0,0,0
BRDA:29,0,1,0
BRDA:31,1,0,0
BRDA:31,1,1,0
BRDA:38,2,0,0
BRDA:38,2,1,0
BRDA:39,3,0,0
BRDA:39,3,1,0
BRDA:40,4,0,0
BRDA:40,4,1,0
BRDA:50,5,0,0
BRDA:50,5,1,0
BRDA:51,6,0,0
BRDA:51,6,1,0
BRDA:52,7,0,0
BRDA:52,7,1,0
BRDA:60,8,0,0
BRDA:60,8,1,0
BRDA:67,9,0,0
BRDA:67,9,1,0
BRDA:90,10,0,0
BRDA:90,10,1,0
BRDA:90,11,0,0
BRDA:90,11,1,0
BRF:24
BRH:0
end_of_record
TN:
SF:src/routes/(public)/session/[code]/+page.server.ts
FN:15,(anonymous_0)
FN:18,readRoomIdentity
FN:35,(anonymous_2)
FN:67,(anonymous_3)
FNF:4
FNH:0
FNDA:0,(anonymous_0)
FNDA:0,readRoomIdentity
FNDA:0,(anonymous_2)
FNDA:0,(anonymous_3)
DA:11,0
DA:15,0
DA:16,0
DA:19,0
DA:21,0
DA:22,0
DA:23,0
DA:24,0
DA:27,0
DA:28,0
DA:29,0
DA:31,0
DA:35,0
DA:36,0
DA:37,0
DA:41,0
DA:43,0
DA:44,0
DA:48,0
DA:49,0
DA:50,0
DA:53,0
DA:55,0
DA:57,0
DA:66,0
DA:68,0
DA:69,0
DA:71,0
DA:72,0
DA:73,0
DA:74,0
DA:75,0
DA:78,0
DA:93,0
DA:104,0
DA:106,0
DA:107,0
DA:122,0
DA:123,0
DA:129,0
DA:130,0
DA:140,0
LF:42
LH:0
BRDA:19,0,0,0
BRDA:19,0,1,0
BRDA:23,1,0,0
BRDA:23,1,1,0
BRDA:23,2,0,0
BRDA:23,2,1,0
BRDA:23,2,2,0
BRDA:23,2,3,0
BRDA:29,3,0,0
BRDA:29,3,1,0
BRDA:29,4,0,0
BRDA:29,4,1,0
BRDA:37,5,0,0
BRDA:37,5,1,0
BRDA:48,6,0,0
BRDA:48,6,1,0
BRDA:49,7,0,0
BRDA:49,7,1,0
BRDA:50,8,0,0
BRDA:50,8,1,0
BRDA:50,9,0,0
BRDA:50,9,1,0
BRDA:55,10,0,0
BRDA:55,10,1,0
BRDA:69,11,0,0
BRDA:69,11,1,0
BRDA:73,12,0,0
BRDA:73,12,1,0
BRDA:75,13,0,0
BRDA:75,13,1,0
BRDA:75,13,2,0
BRDA:75,13,3,0
BRDA:96,14,0,0
BRDA:96,14,1,0
BRDA:97,15,0,0
BRDA:97,15,1,0
BRDA:98,16,0,0
BRDA:98,16,1,0
BRDA:98,16,2,0
BRDA:104,17,0,0
BRDA:104,17,1,0
BRDA:106,18,0,0
BRDA:106,18,1,0
BRDA:122,19,0,0
BRDA:122,19,1,0
BRDA:129,20,0,0
BRDA:129,20,1,0
BRF:47
BRH:0
end_of_record
TN:
SF:src/routes/(public)/session/[code]/joined/+page.server.ts
FN:28,(anonymous_0)
FNF:1
FNH:0
FNDA:0,(anonymous_0)
DA:28,0
DA:29,0
DA:30,0
DA:32,0
DA:33,0
DA:42,0
DA:43,0
DA:44,0
DA:45,0
DA:46,0
DA:47,0
DA:48,0
DA:54,0
DA:55,0
DA:56,0
DA:66,0
DA:73,0
DA:82,0
DA:83,0
DA:84,0
DA:86,0
DA:87,0
DA:90,0
LF:23
LH:0
BRDA:30,0,0,0
BRDA:30,0,1,0
BRDA:33,1,0,0
BRDA:33,1,1,0
BRDA:46,2,0,0
BRDA:46,2,1,0
BRDA:46,3,0,0
BRDA:46,3,1,0
BRDA:46,3,2,0
BRDA:46,3,3,0
BRDA:54,4,0,0
BRDA:54,4,1,0
BRDA:54,5,0,0
BRDA:54,5,1,0
BRDA:66,6,0,0
BRDA:66,6,1,0
BRDA:82,7,0,0
BRDA:82,7,1,0
BRDA:84,8,0,0
BRDA:84,8,1,0
BRDA:87,9,0,0
BRDA:87,9,1,0
BRF:22
BRH:0
end_of_record
TN:
SF:src/routes/(public)/sso/[code]/+server.ts
FN:68,(anonymous_0)
FN:85,refuse
FNF:2
FNH:0
FNDA:0,(anonymous_0)
FNDA:0,refuse
DA:66,0
DA:68,0
DA:69,0
DA:71,0
DA:72,0
DA:74,0
DA:86,0
DA:94,0
DA:95,0
DA:97,0
DA:98,0
DA:108,0
DA:121,0
DA:122,0
DA:123,0
DA:131,0
DA:132,0
DA:135,0
DA:137,0
DA:149,0
DA:158,0
DA:164,0
DA:167,0
DA:168,0
DA:170,0
DA:171,0
DA:172,0
DA:201,0
DA:208,0
DA:217,0
DA:220,0
DA:228,0
DA:230,0
LF:33
LH:0
BRDA:72,0,0,0
BRDA:72,0,1,0
BRDA:94,1,0,0
BRDA:94,1,1,0
BRDA:95,2,0,0
BRDA:95,2,1,0
BRDA:97,3,0,0
BRDA:97,3,1,0
BRDA:98,4,0,0
BRDA:98,4,1,0
BRDA:108,5,0,0
BRDA:108,5,1,0
BRDA:122,6,0,0
BRDA:122,6,1,0
BRDA:122,7,0,0
BRDA:122,7,1,0
BRDA:131,8,0,0
BRDA:131,8,1,0
BRDA:135,9,0,0
BRDA:135,9,1,0
BRDA:139,10,0,0
BRDA:139,10,1,0
BRDA:140,11,0,0
BRDA:140,11,1,0
BRDA:141,12,0,0
BRDA:141,12,1,0
BRDA:149,13,0,0
BRDA:149,13,1,0
BRDA:161,14,0,0
BRDA:161,14,1,0
BRDA:164,15,0,0
BRDA:164,15,1,0
BRDA:170,16,0,0
BRDA:170,16,1,0
BRDA:208,17,0,0
BRDA:208,17,1,0
BRDA:209,18,0,0
BRDA:209,18,1,0
BRDA:209,18,2,0
BRDA:228,19,0,0
BRDA:228,19,1,0
BRF:41
BRH:0
end_of_record
TN:
SF:src/routes/(public)/verify-email/+page.server.ts
FN:27,(anonymous_0)
FNF:1
FNH:0
FNDA:0,(anonymous_0)
DA:27,0
DA:28,0
DA:29,0
DA:31,0
DA:38,0
DA:45,0
DA:46,0
DA:49,0
LF:8
LH:0
BRDA:28,0,0,0
BRDA:28,0,1,0
BRDA:31,1,0,0
BRDA:31,1,1,0
BRDA:45,2,0,0
BRDA:45,2,1,0
BRF:6
BRH:0
end_of_record
TN:
SF:src/routes/api/mobile/pair/+server.ts
FN:40,(anonymous_0)
FNF:1
FNH:0
FNDA:0,(anonymous_0)
DA:40,0
DA:42,0
DA:43,0
DA:46,0
DA:49,0
DA:51,0
DA:52,0
DA:53,0
DA:56,0
DA:58,0
DA:65,0
DA:70,0
DA:73,0
DA:82,0
LF:14
LH:0
BRDA:49,0,0,0
BRDA:49,0,1,0
BRDA:49,1,0,0
BRDA:49,1,1,0
BRDA:51,2,0,0
BRDA:51,2,1,0
BRDA:58,3,0,0
BRDA:58,3,1,0
BRF:8
BRH:0
end_of_record
TN:
SF:src/routes/internal/mobile-pin/[code]/+server.ts
FN:32,(anonymous_0)
FN:67,(anonymous_1)
FNF:2
FNH:0
FNDA:0,(anonymous_0)
FNDA:0,(anonymous_1)
DA:32,0
DA:33,0
DA:34,0
DA:36,0
DA:37,0
DA:38,0
DA:39,0
DA:40,0
DA:43,0
DA:44,0
DA:46,0
DA:55,0
DA:56,0
DA:58,0
DA:59,0
DA:61,0
DA:67,0
DA:71,0
DA:73,0
DA:74,0
DA:77,0
DA:83,0
LF:22
LH:0
BRDA:34,0,0,0
BRDA:34,0,1,0
BRDA:38,1,0,0
BRDA:38,1,1,0
BRDA:44,2,0,0
BRDA:44,2,1,0
BRDA:55,3,0,0
BRDA:55,3,1,0
BRDA:56,4,0,0
BRDA:56,4,1,0
BRDA:59,5,0,0
BRDA:59,5,1,0
BRDA:71,6,0,0
BRDA:71,6,1,0
BRDA:73,7,0,0
BRDA:73,7,1,0
BRDA:73,8,0,0
BRDA:73,8,1,0
BRDA:80,9,0,0
BRDA:80,9,1,0
BRF:20
BRH:0
end_of_record
TN:
SF:src/routes/internal/room-config/[code]/+server.ts
FN:51,(anonymous_0)
FN:117,(anonymous_1)
FNF:2
FNH:0
FNDA:0,(anonymous_0)
FNDA:0,(anonymous_1)
DA:51,0
DA:52,0
DA:53,0
DA:56,0
DA:59,0
DA:60,0
DA:61,0
DA:68,0
DA:69,0
DA:72,0
DA:73,0
DA:87,0
DA:92,0
DA:93,0
DA:97,0
DA:100,0
DA:109,0
DA:110,0
DA:117,0
DA:120,0
LF:20
LH:0
BRDA:53,0,0,0
BRDA:53,0,1,0
BRDA:61,1,0,0
BRDA:61,1,1,0
BRDA:73,2,0,0
BRDA:73,2,1,0
BRDA:92,3,0,0
BRDA:92,3,1,0
BRDA:92,4,0,0
BRDA:92,4,1,0
BRDA:95,5,0,0
BRDA:95,5,1,0
BRDA:110,6,0,0
BRDA:110,6,1,0
BRDA:146,7,0,0
BRDA:146,7,1,0
BRDA:161,8,0,0
BRDA:161,8,1,0
BRDA:167,9,0,0
BRDA:167,9,1,0
BRF:20
BRH:0
end_of_record
TN:
SF:src/routes/internal/room-setting/[code]/+server.ts
FN:54,(anonymous_0)
FN:121,(anonymous_1)
FNF:2
FNH:0
FNDA:0,(anonymous_0)
FNDA:0,(anonymous_1)
DA:54,0
DA:55,0
DA:56,0
DA:58,0
DA:61,0
DA:62,0
DA:63,0
DA:65,0
DA:66,0
DA:70,0
DA:71,0
DA:73,0
DA:76,0
DA:77,0
DA:78,0
DA:79,0
DA:90,0
DA:91,0
DA:92,0
DA:94,0
DA:95,0
DA:99,0
DA:104,0
DA:105,0
DA:109,0
DA:112,0
DA:113,0
DA:115,0
DA:121,0
DA:125,0
DA:128,0
DA:129,0
DA:130,0
DA:131,0
DA:134,0
DA:135,0
LF:36
LH:0
BRDA:56,0,0,0
BRDA:56,0,1,0
BRDA:63,1,0,0
BRDA:63,1,1,0
BRDA:76,2,0,0
BRDA:76,2,1,0
BRDA:77,3,0,0
BRDA:77,3,1,0
BRDA:90,4,0,0
BRDA:90,4,1,0
BRDA:92,5,0,0
BRDA:92,5,1,0
BRDA:95,6,0,0
BRDA:95,6,1,0
BRDA:104,7,0,0
BRDA:104,7,1,0
BRDA:104,8,0,0
BRDA:104,8,1,0
BRDA:107,9,0,0
BRDA:107,9,1,0
BRDA:113,10,0,0
BRDA:113,10,1,0
BRDA:125,11,0,0
BRDA:125,11,1,0
BRDA:128,12,0,0
BRDA:128,12,1,0
BRDA:129,13,0,0
BRDA:129,13,1,0
BRF:28
BRH:0
end_of_record
