{"numTotalTestSuites":231,"numPassedTestSuites":231,"numFailedTestSuites":0,"numPendingTestSuites":0,"numTotalTests":742,"numPassedTests":742,"numFailedTests":0,"numPendingTests":0,"numTodoTests":0,"snapshot":{"added":0,"failure":false,"filesAdded":0,"filesRemoved":0,"filesRemovedList":[],"filesUnmatched":0,"filesUpdated":0,"matched":0,"total":0,"unchecked":0,"uncheckedKeysByFile":[],"unmatched":0,"updated":0,"didUpdate":false},"startTime":1786634225507,"success":true,"testResults":[{"assertionResults":[{"ancestorTitles":["encoded evidence privacy boundary"],"fullName":"encoded evidence privacy boundary detects identity claims in a complete JWT-shaped value","status":"passed","title":"detects identity claims in a complete JWT-shaped value","duration":1.2963340000000017,"failureMessages":[],"meta":{},"tags":[]},{"ancestorTitles":["encoded evidence privacy boundary"],"fullName":"encoded evidence privacy boundary detects the truncated one-segment payload shape found in evidence reports","status":"passed","title":"detects the truncated one-segment payload shape found in evidence reports","duration":0.1309999999999718,"failureMessages":[],"meta":{},"tags":[]},{"ancestorTitles":["encoded evidence privacy boundary"],"fullName":"encoded evidence privacy boundary redacts only the encoded identity value and reports the replacement count","status":"passed","title":"redacts only the encoded identity value and reports the replacement count","duration":0.4912919999999872,"failureMessages":[],"meta":{},"tags":[]},{"ancestorTitles":["encoded evidence privacy boundary"],"fullName":"encoded evidence privacy boundary does not classify a non-identity origin payload as personal data","status":"passed","title":"does not classify a non-identity origin payload as personal data","duration":0.09924999999998363,"failureMessages":[],"meta":{},"tags":[]},{"ancestorTitles":["encoded evidence privacy boundary"],"fullName":"encoded evidence privacy boundary accepts already tokenized identity claims","status":"passed","title":"accepts already tokenized identity claims","duration":0.05429199999997536,"failureMessages":[],"meta":{},"tags":[]},{"ancestorTitles":["encoded evidence privacy boundary"],"fullName":"encoded evidence privacy boundary rejects raw emails outside reserved test domains without exposing them","status":"passed","title":"rejects raw emails outside reserved test domains without exposing them","duration":0.22029200000002902,"failureMessages":[],"meta":{},"tags":[]},{"ancestorTitles":["encoded evidence privacy boundary"],"fullName":"encoded evidence privacy boundary allows reserved and application test domains","status":"passed","title":"allows reserved and application test domains","duration":0.05608300000000099,"failureMessages":[],"meta":{},"tags":[]},{"ancestorTitles":["encoded evidence privacy boundary"],"fullName":"encoded evidence privacy boundary does not classify fingerprinted image filenames as email addresses","status":"passed","title":"does not classify fingerprinted image filenames as email addresses","duration":0.09624999999999773,"failureMessages":[],"meta":{},"tags":[]}],"startTime":1786634225885,"endTime":1786634225888.2202,"status":"passed","message":"","name":"/Users/billyribeiro/Desktop/trading-room-app/apps/controller/scripts/privacy-utils.test.mjs"},{"assertionResults":[{"ancestorTitles":["every action the account page posts to exists on the server"],"fullName":"every action the account page posts to exists on the server found forms and actions on both sides at all","status":"passed","title":"found forms and actions on both sides at all","duration":0.9369159999999965,"failureMessages":[],"meta":{},"tags":[]},{"ancestorTitles":["every action the account page posts to exists on the server"],"fullName":"every action the account page posts to exists on the server includes the three controls this page was missing","status":"passed","title":"includes the three controls this page was missing","duration":0.47587500000000205,"failureMessages":[],"meta":{},"tags":[]},{"ancestorTitles":["every action the account page posts to exists on the server"],"fullName":"every action the account page posts to exists on the server ?/addAdminUser is exported by +page.server.ts","status":"passed","title":"?/addAdminUser is exported by +page.server.ts","duration":0.10316699999998491,"failureMessages":[],"meta":{},"tags":[]},{"ancestorTitles":["every action the account page posts to exists on the server"],"fullName":"every action the account page posts to exists on the server ?/addBadgeDarkTheme is exported by +page.server.ts","status":"passed","title":"?/addBadgeDarkTheme is exported by +page.server.ts","duration":0.04662499999997749,"failureMessages":[],"meta":{},"tags":[]},{"ancestorTitles":["every action the account page posts to exists on the server"],"fullName":"every action the account page posts to exists on the server ?/createApiKey is exported by +page.server.ts","status":"passed","title":"?/createApiKey is exported by +page.server.ts","duration":0.041666999999989685,"failureMessages":[],"meta":{},"tags":[]},{"ancestorTitles":["every action the account page posts to exists on the server"],"fullName":"every action the account page posts to exists on the server ?/createBadge is exported by +page.server.ts","status":"passed","title":"?/createBadge is exported by +page.server.ts","duration":0.034040999999973565,"failureMessages":[],"meta":{},"tags":[]},{"ancestorTitles":["every action the account page posts to exists on the server"],"fullName":"every action the account page posts to exists on the server ?/createRoom is exported by +page.server.ts","status":"passed","title":"?/createRoom is exported by +page.server.ts","duration":0.027915999999976293,"failureMessages":[],"meta":{},"tags":[]},{"ancestorTitles":["every action the account page posts to exists on the server"],"fullName":"every action the account page posts to exists on the server ?/deleteAdminUser is exported by +page.server.ts","status":"passed","title":"?/deleteAdminUser is exported by +page.server.ts","duration":0.04008300000000986,"failureMessages":[],"meta":{},"tags":[]},{"ancestorTitles":["every action the account page posts to exists on the server"],"fullName":"every action the account page posts to exists on the server ?/deleteApiKey is exported by +page.server.ts","status":"passed","title":"?/deleteApiKey is exported by +page.server.ts","duration":0.041874999999976126,"failureMessages":[],"meta":{},"tags":[]},{"ancestorTitles":["every action the account page posts to exists on the server"],"fullName":"every action the account page posts to exists on the server ?/deleteBadge is exported by +page.server.ts","status":"passed","title":"?/deleteBadge is exported by +page.server.ts","duration":0.10179200000001742,"failureMessages":[],"meta":{},"tags":[]},{"ancestorTitles":["every action the account page posts to exists on the server"],"fullName":"every action the account page posts to exists on the server ?/resendVerification is exported by +page.server.ts","status":"passed","title":"?/resendVerification is exported by +page.server.ts","duration":0.08804200000000151,"failureMessages":[],"meta":{},"tags":[]},{"ancestorTitles":["every action the account page posts to exists on the server"],"fullName":"every action the account page posts to exists on the server ?/rotateApiKey is exported by +page.server.ts","status":"passed","title":"?/rotateApiKey is exported by +page.server.ts","duration":0.03608399999998824,"failureMessages":[],"meta":{},"tags":[]},{"ancestorTitles":["every action the account page posts to exists on the server"],"fullName":"every action the account page posts to exists on the server ?/saveApiKeyRestrictions is exported by +page.server.ts","status":"passed","title":"?/saveApiKeyRestrictions is exported by +page.server.ts","duration":0.029375000000015916,"failureMessages":[],"meta":{},"tags":[]},{"ancestorTitles":["every action the account page posts to exists on the server"],"fullName":"every action the account page posts to exists on the server ?/setRoomArchived is exported by +page.server.ts","status":"passed","title":"?/setRoomArchived is exported by +page.server.ts","duration":0.026332999999993945,"failureMessages":[],"meta":{},"tags":[]},{"ancestorTitles":["every action the account page posts to exists on the server"],"fullName":"every action the account page posts to exists on the server ?/updateBadge is exported by +page.server.ts","status":"passed","title":"?/updateBadge is exported by +page.server.ts","duration":0.03945799999999622,"failureMessages":[],"meta":{},"tags":[]},{"ancestorTitles":["every action the account page posts to exists on the server"],"fullName":"every action the account page posts to exists on the server ?/uploadImageBadge is exported by +page.server.ts","status":"passed","title":"?/uploadImageBadge is exported by +page.server.ts","duration":0.026582999999988033,"failureMessages":[],"meta":{},"tags":[]},{"ancestorTitles":["a row can only be written by the account that owns it"],"fullName":"a row can only be written by the account that owns it updateBadge reads the account from the session and puts it in the WHERE clause","status":"passed","title":"updateBadge reads the account from the session and puts it in the WHERE clause","duration":0.24174999999999613,"failureMessages":[],"meta":{},"tags":[]},{"ancestorTitles":["a row can only be written by the account that owns it"],"fullName":"a row can only be written by the account that owns it updateBadge treats zero rows changed as a refusal rather than a success","status":"passed","title":"updateBadge treats zero rows changed as a refusal rather than a success","duration":0.09554100000002563,"failureMessages":[],"meta":{},"tags":[]},{"ancestorTitles":["a row can only be written by the account that owns it"],"fullName":"a row can only be written by the account that owns it addBadgeDarkTheme reads the account from the session and puts it in the WHERE clause","status":"passed","title":"addBadgeDarkTheme reads the account from the session and puts it in the WHERE clause","duration":0.06024999999999636,"failureMessages":[],"meta":{},"tags":[]},{"ancestorTitles":["a row can only be written by the account that owns it"],"fullName":"a row can only be written by the account that owns it addBadgeDarkTheme treats zero rows changed as a refusal rather than a success","status":"passed","title":"addBadgeDarkTheme treats zero rows changed as a refusal rather than a success","duration":0.04304100000001654,"failureMessages":[],"meta":{},"tags":[]},{"ancestorTitles":["a row can only be written by the account that owns it"],"fullName":"a row can only be written by the account that owns it setRoomArchived reads the account from the session and puts it in the WHERE clause","status":"passed","title":"setRoomArchived reads the account from the session and puts it in the WHERE clause","duration":0.05070899999998346,"failureMessages":[],"meta":{},"tags":[]},{"ancestorTitles":["a row can only be written by the account that owns it"],"fullName":"a row can only be written by the account that owns it setRoomArchived treats zero rows changed as a refusal rather than a success","status":"passed","title":"setRoomArchived treats zero rows changed as a refusal rather than a success","duration":0.03762499999999136,"failureMessages":[],"meta":{},"tags":[]},{"ancestorTitles":["editing a badge edits it"],"fullName":"editing a badge edits it updateBadge issues an UPDATE and never an INSERT","status":"passed","title":"updateBadge issues an UPDATE and never an INSERT","duration":0.057041999999995596,"failureMessages":[],"meta":{},"tags":[]},{"ancestorTitles":["editing a badge edits it"],"fullName":"editing a badge edits it leaves the image alone, because the editor has no file field in edit mode","status":"passed","title":"leaves the image alone, because the editor has no file field in edit mode","duration":0.043082999999995764,"failureMessages":[],"meta":{},"tags":[]}],"startTime":1786634226310,"endTime":1786634226313.0603,"status":"passed","message":"","name":"/Users/billyribeiro/Desktop/trading-room-app/apps/controller/src/lib/account-actions-contract.test.ts"},{"assertionResults":[{"ancestorTitles":["an account with no rooms"],"fullName":"an account with no rooms still renders the clickable \"Sessions\" label — the only way back","status":"passed","title":"still renders the clickable \"Sessions\" label — the only way back","duration":3.5180829999999332,"failureMessages":[],"meta":{},"tags":[]},{"ancestorTitles":["an account with no rooms"],"fullName":"an account with no rooms reports zero rather than hiding the count","status":"passed","title":"reports zero rather than hiding the count","duration":0.27262499999994816,"failureMessages":[],"meta":{},"tags":[]},{"ancestorTitles":["an account with no rooms"],"fullName":"an account with no rooms renders the sessions table head, so the page is not blank","status":"passed","title":"renders the sessions table head, so the page is not blank","duration":0.27204199999994216,"failureMessages":[],"meta":{},"tags":[]}],"startTime":1786634226794,"endTime":1786634226798.2727,"status":"passed","message":"","name":"/Users/billyribeiro/Desktop/trading-room-app/apps/controller/src/lib/account-empty-state.test.ts"},{"assertionResults":[{"ancestorTitles":["failures the server reports are shown to the operator"],"fullName":"failures the server reports are shown to the operator renders the message from a failed action","status":"passed","title":"renders the message from a failed action","duration":3.6115829999998823,"failureMessages":[],"meta":{},"tags":[]},{"ancestorTitles":["failures the server reports are shown to the operator"],"fullName":"failures the server reports are shown to the operator marks it as an alert, so it is announced and not merely coloured","status":"passed","title":"marks it as an alert, so it is announced and not merely coloured","duration":0.29529200000001765,"failureMessages":[],"meta":{},"tags":[]},{"ancestorTitles":["failures the server reports are shown to the operator"],"fullName":"failures the server reports are shown to the operator says nothing when there is nothing to say","status":"passed","title":"says nothing when there is nothing to say","duration":0.27099999999995816,"failureMessages":[],"meta":{},"tags":[]},{"ancestorTitles":["failures the server reports are shown to the operator"],"fullName":"failures the server reports are shown to the operator shows a message from any action, not just room creation","status":"passed","title":"shows a message from any action, not just room creation","duration":0.21604200000001583,"failureMessages":[],"meta":{},"tags":[]},{"ancestorTitles":["failures the server reports are shown to the operator"],"fullName":"failures the server reports are shown to the operator styles it with the rule written for it rather than inventing a new one","status":"passed","title":"styles it with the rule written for it rather than inventing a new one","duration":0.4303749999999127,"failureMessages":[],"meta":{},"tags":[]}],"startTime":1786634226794,"endTime":1786634226799.4304,"status":"passed","message":"","name":"/Users/billyribeiro/Desktop/trading-room-app/apps/controller/src/lib/account-form-errors.test.ts"},{"assertionResults":[{"ancestorTitles":["New Room"],"fullName":"New Room renders on an account with no rooms at all","status":"passed","title":"renders on an account with no rooms at all","duration":3.460207999999966,"failureMessages":[],"meta":{},"tags":[]},{"ancestorTitles":["New Room"],"fullName":"New Room renders its name field, which the action requires","status":"passed","title":"renders its name field, which the action requires","duration":0.2970420000000331,"failureMessages":[],"meta":{},"tags":[]},{"ancestorTitles":["New Room"],"fullName":"New Room is behind NO click threshold","status":"passed","title":"is behind NO click threshold","duration":0.1768329999999878,"failureMessages":[],"meta":{},"tags":[]},{"ancestorTitles":["New Room"],"fullName":"New Room is not gated on already having a room","status":"passed","title":"is not gated on already having a room","duration":0.1387080000000651,"failureMessages":[],"meta":{},"tags":[]},{"ancestorTitles":["New Room"],"fullName":"New Room still counts clicks on the Sessions label, which drives the row id reveal","status":"passed","title":"still counts clicks on the Sessions label, which drives the row id reveal","duration":0.06274999999993724,"failureMessages":[],"meta":{},"tags":[]}],"startTime":1786634226795,"endTime":1786634226799.1387,"status":"passed","message":"","name":"/Users/billyribeiro/Desktop/trading-room-app/apps/controller/src/lib/account-new-room-reveal.test.ts"},{"assertionResults":[{"ancestorTitles":["the Sessions table as rendered"],"fullName":"the Sessions table as rendered leaves an archived room out of the table until the toggle is pressed","status":"passed","title":"leaves an archived room out of the table until the toggle is pressed","duration":3.6760840000001735,"failureMessages":[],"meta":{},"tags":[]},{"ancestorTitles":["the Sessions table as rendered"],"fullName":"the Sessions table as rendered renders BOTH toggle words, with exactly one hidden","status":"passed","title":"renders BOTH toggle words, with exactly one hidden","duration":0.5890420000000631,"failureMessages":[],"meta":{},"tags":[]},{"ancestorTitles":["the Sessions table as rendered"],"fullName":"the Sessions table as rendered offers an Archive control that posts to the real action","status":"passed","title":"offers an Archive control that posts to the real action","duration":0.3405840000000353,"failureMessages":[],"meta":{},"tags":[]},{"ancestorTitles":["the Badges table as rendered"],"fullName":"the Badges table as rendered renders all three of the reference actions, in its order","status":"passed","title":"renders all three of the reference actions, in its order","duration":0.8741250000000491,"failureMessages":[],"meta":{},"tags":[]},{"ancestorTitles":["the Badges table as rendered"],"fullName":"the Badges table as rendered separates them with the captured pipe, twice per row and never at an end","status":"passed","title":"separates them with the captured pipe, twice per row and never at an end","duration":0.33045900000001893,"failureMessages":[],"meta":{},"tags":[]},{"ancestorTitles":["the Badges table as rendered"],"fullName":"the Badges table as rendered reports the stored dark-theme flag as the control pressed state","status":"passed","title":"reports the stored dark-theme flag as the control pressed state","duration":0.3289159999999356,"failureMessages":[],"meta":{},"tags":[]},{"ancestorTitles":["the Badges table as rendered"],"fullName":"the Badges table as rendered opens in add mode, so the edit-only submit is not on screen","status":"passed","title":"opens in add mode, so the edit-only submit is not on screen","duration":0.23754199999984849,"failureMessages":[],"meta":{},"tags":[]}],"startTime":1786634226794,"endTime":1786634226801.2375,"status":"passed","message":"","name":"/Users/billyribeiro/Desktop/trading-room-app/apps/controller/src/lib/account-page-render.test.ts"},{"assertionResults":[{"ancestorTitles":["account page, side by side with the post-login dump"],"fullName":"account page, side by side with the post-login dump has the dump to compare against","status":"passed","title":"has the dump to compare against","duration":1.1434580000000096,"failureMessages":[],"meta":{},"tags":[]},{"ancestorTitles":["account page, side by side with the post-login dump"],"fullName":"account page, side by side with the post-login dump matches element for element","status":"passed","title":"matches element for element","duration":7.815833999999995,"failureMessages":[],"meta":{},"tags":[]}],"startTime":1786634226801,"endTime":1786634226809.816,"status":"passed","message":"","name":"/Users/billyribeiro/Desktop/trading-room-app/apps/controller/src/lib/account-page-sbs.test.ts"},{"assertionResults":[{"ancestorTitles":["whether a room counts as archived"],"fullName":"whether a room counts as archived is the presence of the timestamp","status":"passed","title":"is the presence of the timestamp","duration":0.9209590000000389,"failureMessages":[],"meta":{},"tags":[]},{"ancestorTitles":["which sessions the table shows"],"fullName":"which sessions the table shows hides an archived room by default","status":"passed","title":"hides an archived room by default","duration":0.4362500000000864,"failureMessages":[],"meta":{},"tags":[]},{"ancestorTitles":["which sessions the table shows"],"fullName":"which sessions the table shows shows it once the toggle is on","status":"passed","title":"shows it once the toggle is on","duration":0.08024999999997817,"failureMessages":[],"meta":{},"tags":[]},{"ancestorTitles":["which sessions the table shows"],"fullName":"which sessions the table shows still applies the search box while the toggle is on","status":"passed","title":"still applies the search box while the toggle is on","duration":0.07099999999991269,"failureMessages":[],"meta":{},"tags":[]},{"ancestorTitles":["which sessions the table shows"],"fullName":"which sessions the table shows will not surface an archived room just because the search matches it","status":"passed","title":"will not surface an archived room just because the search matches it","duration":0.4771250000000009,"failureMessages":[],"meta":{},"tags":[]},{"ancestorTitles":["which sessions the table shows"],"fullName":"which sessions the table shows matches the search case-insensitively, as the reference filter does","status":"passed","title":"matches the search case-insensitively, as the reference filter does","duration":0.06820800000002691,"failureMessages":[],"meta":{},"tags":[]},{"ancestorTitles":["sorting, which the archived filter must not disturb"],"fullName":"sorting, which the archived filter must not disturb orders session ids numerically, not lexically","status":"passed","title":"orders session ids numerically, not lexically","duration":0.10474999999996726,"failureMessages":[],"meta":{},"tags":[]},{"ancestorTitles":["sorting, which the archived filter must not disturb"],"fullName":"sorting, which the archived filter must not disturb reverses on the second press of the same column","status":"passed","title":"reverses on the second press of the same column","duration":0.06641700000000128,"failureMessages":[],"meta":{},"tags":[]},{"ancestorTitles":["sorting, which the archived filter must not disturb"],"fullName":"sorting, which the archived filter must not disturb sorts only what survived the filter","status":"passed","title":"sorts only what survived the filter","duration":0.07379100000002836,"failureMessages":[],"meta":{},"tags":[]},{"ancestorTitles":["sorting, which the archived filter must not disturb"],"fullName":"sorting, which the archived filter must not disturb never reorders the array it was given — that is load data","status":"passed","title":"never reorders the array it was given — that is load data","duration":0.062374999999974534,"failureMessages":[],"meta":{},"tags":[]}],"startTime":1786634226794,"endTime":1786634226797.1047,"status":"passed","message":"","name":"/Users/billyribeiro/Desktop/trading-room-app/apps/controller/src/lib/account-sessions-filter.test.ts"},{"assertionResults":[{"ancestorTitles":["an API key encrypted under a different master key"],"fullName":"an API key encrypted under a different master key round-trips under the key that wrote it","status":"passed","title":"round-trips under the key that wrote it","duration":1.6631249999999937,"failureMessages":[],"meta":{},"tags":[]},{"ancestorTitles":["an API key encrypted under a different master key"],"fullName":"an API key encrypted under a different master key THROWS under a different key — which is what took the page down","status":"passed","title":"THROWS under a different key — which is what took the page down","duration":0.5564999999999998,"failureMessages":[],"meta":{},"tags":[]},{"ancestorTitles":["an API key encrypted under a different master key"],"fullName":"an API key encrypted under a different master key throws for a different account or key id, not just a different master","status":"passed","title":"throws for a different account or key id, not just a different master","duration":0.2549589999999995,"failureMessages":[],"meta":{},"tags":[]},{"ancestorTitles":["an API key encrypted under a different master key"],"fullName":"an API key encrypted under a different master key throws on a malformed envelope rather than returning something","status":"passed","title":"throws on a malformed envelope rather than returning something","duration":0.08854199999998968,"failureMessages":[],"meta":{},"tags":[]},{"ancestorTitles":["an API key encrypted under a different master key"],"fullName":"an API key encrypted under a different master key the loader catches it instead of letting it escape","status":"passed","title":"the loader catches it instead of letting it escape","duration":0.4511660000000006,"failureMessages":[],"meta":{},"tags":[]}],"startTime":1786634226119,"endTime":1786634226122.4512,"status":"passed","message":"","name":"/Users/billyribeiro/Desktop/trading-room-app/apps/controller/src/lib/api-key-undecryptable.test.ts"},{"assertionResults":[{"ancestorTitles":["the route matches the captured link"],"fullName":"the route matches the captured link is at the path the reference publishes","status":"passed","title":"is at the path the reference publishes","duration":0.9693750000000136,"failureMessages":[],"meta":{},"tags":[]},{"ancestorTitles":["the route matches the captured link"],"fullName":"the route matches the captured link takes the three parameters the link carries","status":"passed","title":"takes the three parameters the link carries","duration":0.36783300000001873,"failureMessages":[],"meta":{},"tags":[]},{"ancestorTitles":["the route matches the captured link"],"fullName":"the route matches the captured link refuses the literal placeholders rather than creating a member called __userName__","status":"passed","title":"refuses the literal placeholders rather than creating a member called __userName__","duration":0.17179100000001313,"failureMessages":[],"meta":{},"tags":[]},{"ancestorTitles":["it cannot grant more than the reference does"],"fullName":"it cannot grant more than the reference does creates a plain member, through the same path the manage page uses","status":"passed","title":"creates a plain member, through the same path the manage page uses","duration":0.2072920000000238,"failureMessages":[],"meta":{},"tags":[]},{"ancestorTitles":["the gate is the reference own gate, and it fails closed"],"fullName":"the gate is the reference own gate, and it fails closed requires BOTH the flag and a secret, as the sample link does","status":"passed","title":"requires BOTH the flag and a secret, as the sample link does","duration":0.12120899999999324,"failureMessages":[],"meta":{},"tags":[]},{"ancestorTitles":["the gate is the reference own gate, and it fails closed"],"fullName":"the gate is the reference own gate, and it fails closed compares the secret in constant time","status":"passed","title":"compares the secret in constant time","duration":0.11816699999999969,"failureMessages":[],"meta":{},"tags":[]},{"ancestorTitles":["the gate is the reference own gate, and it fails closed"],"fullName":"the gate is the reference own gate, and it fails closed answers every refusal identically, so it is not an oracle","status":"passed","title":"answers every refusal identically, so it is not an oracle","duration":0.09929199999999128,"failureMessages":[],"meta":{},"tags":[]},{"ancestorTitles":["the gate is the reference own gate, and it fails closed"],"fullName":"the gate is the reference own gate, and it fails closed treats an unknown room as a wrong secret","status":"passed","title":"treats an unknown room as a wrong secret","duration":0.04625000000001478,"failureMessages":[],"meta":{},"tags":[]},{"ancestorTitles":["the gate is the reference own gate, and it fails closed"],"fullName":"the gate is the reference own gate, and it fails closed logs the source and the reason, never the secret","status":"passed","title":"logs the source and the reason, never the secret","duration":0.10866599999999949,"failureMessages":[],"meta":{},"tags":[]},{"ancestorTitles":["the secret format is not invented"],"fullName":"the secret format is not invented assumes no length, alphabet or encoding","status":"passed","title":"assumes no length, alphabet or encoding","duration":0.08750000000000568,"failureMessages":[],"meta":{},"tags":[]}],"startTime":1786634226059,"endTime":1786634226061.121,"status":"passed","message":"","name":"/Users/billyribeiro/Desktop/trading-room-app/apps/controller/src/lib/app-pair-contract.test.ts"},{"assertionResults":[{"ancestorTitles":["captured room authorization-mode predicates"],"fullName":"captured room authorization-mode predicates accepts both source spellings of the single SSO/JWT mode","status":"passed","title":"accepts both source spellings of the single SSO/JWT mode","duration":1.082084000000009,"failureMessages":[],"meta":{},"tags":[]},{"ancestorTitles":["captured room authorization-mode predicates"],"fullName":"captured room authorization-mode predicates recognizes only the two captured registration modes","status":"passed","title":"recognizes only the two captured registration modes","duration":0.1387499999999875,"failureMessages":[],"meta":{},"tags":[]},{"ancestorTitles":["captured room authorization-mode predicates"],"fullName":"captured room authorization-mode predicates shows room links for webinarRoom","status":"passed","title":"shows room links for webinarRoom","duration":0.08199999999999363,"failureMessages":[],"meta":{},"tags":[]},{"ancestorTitles":["captured room authorization-mode predicates"],"fullName":"captured room authorization-mode predicates shows room links for open","status":"passed","title":"shows room links for open","duration":0.047167000000001735,"failureMessages":[],"meta":{},"tags":[]},{"ancestorTitles":["captured room authorization-mode predicates"],"fullName":"captured room authorization-mode predicates shows room links for unamePW","status":"passed","title":"shows room links for unamePW","duration":0.059542000000021744,"failureMessages":[],"meta":{},"tags":[]},{"ancestorTitles":["captured room authorization-mode predicates"],"fullName":"captured room authorization-mode predicates uses the captured SSO password override for links and passwords","status":"passed","title":"uses the captured SSO password override for links and passwords","duration":0.06729200000000901,"failureMessages":[],"meta":{},"tags":[]},{"ancestorTitles":["captured room authorization-mode predicates"],"fullName":"captured room authorization-mode predicates limits room passwords when the SSO override is absent","status":"passed","title":"limits room passwords when the SSO override is absent","duration":0.07045800000000213,"failureMessages":[],"meta":{},"tags":[]}],"startTime":1786634226338,"endTime":1786634226340.1387,"status":"passed","message":"","name":"/Users/billyribeiro/Desktop/trading-room-app/apps/controller/src/lib/auth-modes.test.ts"},{"assertionResults":[{"ancestorTitles":["the Transparent button"],"fullName":"the Transparent button sets the reference sentinel, not black","status":"passed","title":"sets the reference sentinel, not black","duration":1.006208000000015,"failureMessages":[],"meta":{},"tags":[]},{"ancestorTitles":["the Transparent button"],"fullName":"the Transparent button carries the reference class list, rule or no rule","status":"passed","title":"carries the reference class list, rule or no rule","duration":0.08420799999998962,"failureMessages":[],"meta":{},"tags":[]},{"ancestorTitles":["the editor fields keep the reference ids"],"fullName":"the editor fields keep the reference ids uses the reference ids, which are what its own emoji picker binds to","status":"passed","title":"uses the reference ids, which are what its own emoji picker binds to","duration":0.12041700000000333,"failureMessages":[],"meta":{},"tags":[]},{"ancestorTitles":["the editor fields keep the reference ids"],"fullName":"the editor fields keep the reference ids bounds the roles textarea to its container without stretching it","status":"passed","title":"bounds the roles textarea to its container without stretching it","duration":0.46862500000000296,"failureMessages":[],"meta":{},"tags":[]},{"ancestorTitles":["the editor fields keep the reference ids"],"fullName":"the editor fields keep the reference ids leaves the three editor fields as bare UA controls","status":"passed","title":"leaves the three editor fields as bare UA controls","duration":0.08191700000000424,"failureMessages":[],"meta":{},"tags":[]}],"startTime":1786634226332,"endTime":1786634226334.4685,"status":"passed","message":"","name":"/Users/billyribeiro/Desktop/trading-room-app/apps/controller/src/lib/badge-editor-contract.test.ts"},{"assertionResults":[{"ancestorTitles":["the login flow all renders in the controller shell"],"fullName":"the login flow all renders in the controller shell /login","status":"passed","title":"/login","duration":0.9863330000000019,"failureMessages":[],"meta":{},"tags":[]},{"ancestorTitles":["the login flow all renders in the controller shell"],"fullName":"the login flow all renders in the controller shell /register","status":"passed","title":"/register","duration":0.08241700000002083,"failureMessages":[],"meta":{},"tags":[]},{"ancestorTitles":["the login flow all renders in the controller shell"],"fullName":"the login flow all renders in the controller shell /forgot-password","status":"passed","title":"/forgot-password","duration":0.049915999999996075,"failureMessages":[],"meta":{},"tags":[]},{"ancestorTitles":["the login flow all renders in the controller shell"],"fullName":"the login flow all renders in the controller shell /reset-password","status":"passed","title":"/reset-password","duration":0.049333999999987554,"failureMessages":[],"meta":{},"tags":[]},{"ancestorTitles":["the login flow all renders in the controller shell"],"fullName":"the login flow all renders in the controller shell keeps them there with a query string, which is how a reset link actually arrives","status":"passed","title":"keeps them there with a query string, which is how a reset link actually arrives","duration":0.055375000000026375,"failureMessages":[],"meta":{},"tags":[]},{"ancestorTitles":["the marketing site keeps its own shell"],"fullName":"the marketing site keeps its own shell /","status":"passed","title":"/","duration":0.08158300000002328,"failureMessages":[],"meta":{},"tags":[]},{"ancestorTitles":["the marketing site keeps its own shell"],"fullName":"the marketing site keeps its own shell /contact","status":"passed","title":"/contact","duration":0.03895799999997962,"failureMessages":[],"meta":{},"tags":[]},{"ancestorTitles":["the marketing site keeps its own shell"],"fullName":"the marketing site keeps its own shell /privacy","status":"passed","title":"/privacy","duration":0.05175000000002683,"failureMessages":[],"meta":{},"tags":[]},{"ancestorTitles":["the marketing site keeps its own shell"],"fullName":"the marketing site keeps its own shell /terms","status":"passed","title":"/terms","duration":0.045541000000014265,"failureMessages":[],"meta":{},"tags":[]},{"ancestorTitles":["the marketing site keeps its own shell"],"fullName":"the marketing site keeps its own shell does not hand the controller shell to an unknown path","status":"passed","title":"does not hand the controller shell to an unknown path","duration":0.06670800000000554,"failureMessages":[],"meta":{},"tags":[]},{"ancestorTitles":["the two surfaces that own their whole field"],"fullName":"the two surfaces that own their whole field gives the room entry screen no shell","status":"passed","title":"gives the room entry screen no shell","duration":0.04199999999997317,"failureMessages":[],"meta":{},"tags":[]},{"ancestorTitles":["the two surfaces that own their whole field"],"fullName":"the two surfaces that own their whole field gives the API document no shell, even though /account would otherwise claim it","status":"passed","title":"gives the API document no shell, even though /account would otherwise claim it","duration":0.06208300000002964,"failureMessages":[],"meta":{},"tags":[]},{"ancestorTitles":["prefix matching"],"fullName":"prefix matching matches a child path but NOT a longer sibling name","status":"passed","title":"matches a child path but NOT a longer sibling name","duration":0.06091700000001765,"failureMessages":[],"meta":{},"tags":[]}],"startTime":1786634226653,"endTime":1786634226655.0815,"status":"passed","message":"","name":"/Users/billyribeiro/Desktop/trading-room-app/apps/controller/src/lib/chrome.test.ts"},{"assertionResults":[{"ancestorTitles":["the DON’T TOUCH block"],"fullName":"the DON’T TOUCH block blockIsWhereWeThink","status":"passed","title":"blockIsWhereWeThink","duration":1.0536669999999901,"failureMessages":[],"meta":{},"tags":[]},{"ancestorTitles":["the DON’T TOUCH block"],"fullName":"the DON’T TOUCH block reproduces all 62 group-children in the reference’s order","status":"passed","title":"reproduces all 62 group-children in the reference’s order","duration":0.4028340000000128,"failureMessages":[],"meta":{},"tags":[]},{"ancestorTitles":["the DON’T TOUCH block"],"fullName":"the DON’T TOUCH block renders every one of the 49 dont-touch settings, once, in schema order","status":"passed","title":"renders every one of the 49 dont-touch settings, once, in schema order","duration":0.5170410000000061,"failureMessages":[],"meta":{},"tags":[]},{"ancestorTitles":["the DON’T TOUCH block"],"fullName":"the DON’T TOUCH block pairs clusterID with backupClusterID, and superClusterID with its server count, in ONE <p> each","status":"passed","title":"pairs clusterID with backupClusterID, and superClusterID with its server count, in ONE <p> each","duration":0.2667499999999734,"failureMessages":[],"meta":{},"tags":[]},{"ancestorTitles":["the DON’T TOUCH block"],"fullName":"the DON’T TOUCH block carries both prose paragraphs verbatim, typos and double space included","status":"passed","title":"carries both prose paragraphs verbatim, typos and double space included","duration":0.09958400000002143,"failureMessages":[],"meta":{},"tags":[]},{"ancestorTitles":["the DON’T TOUCH block"],"fullName":"the DON’T TOUCH block carries the six bare trailing notes, which are NOT .muted helper labels","status":"passed","title":"carries the six bare trailing notes, which are NOT .muted helper labels","duration":0.1282500000000084,"failureMessages":[],"meta":{},"tags":[]},{"ancestorTitles":["the DON’T TOUCH block"],"fullName":"the DON’T TOUCH block keeps the two empty spacer <p> and the class-less linkedRoomRecordings row","status":"passed","title":"keeps the two empty spacer <p> and the class-less linkedRoomRecordings row","duration":0.10179200000001742,"failureMessages":[],"meta":{},"tags":[]},{"ancestorTitles":["the DON’T TOUCH block"],"fullName":"the DON’T TOUCH block wraps the block in the reference’s second .form-vertical > .form-group.m0","status":"passed","title":"wraps the block in the reference’s second .form-vertical > .form-group.m0","duration":0.06449999999998113,"failureMessages":[],"meta":{},"tags":[]},{"ancestorTitles":["the five DON’T TOUCH buttons"],"fullName":"the five DON’T TOUCH buttons keeps the amber button’s double space, which prettier would collapse in plain text","status":"passed","title":"keeps the amber button’s double space, which prettier would collapse in plain text","duration":0.05854200000001697,"failureMessages":[],"meta":{},"tags":[]},{"ancestorTitles":["the five DON’T TOUCH buttons"],"fullName":"the five DON’T TOUCH buttons found the forms and the actions at all","status":"passed","title":"found the forms and the actions at all","duration":0.08991699999998559,"failureMessages":[],"meta":{},"tags":[]},{"ancestorTitles":["the five DON’T TOUCH buttons"],"fullName":"the five DON’T TOUCH buttons swapClusterIds has its button, with the reference's classes, wired to a real action","status":"passed","title":"swapClusterIds has its button, with the reference's classes, wired to a real action","duration":0.11333300000001145,"failureMessages":[],"meta":{},"tags":[]},{"ancestorTitles":["the five DON’T TOUCH buttons"],"fullName":"the five DON’T TOUCH buttons applyToAllSessions has its button, with the reference's classes, wired to a real action","status":"passed","title":"applyToAllSessions has its button, with the reference's classes, wired to a real action","duration":0.08199999999999363,"failureMessages":[],"meta":{},"tags":[]},{"ancestorTitles":["the five DON’T TOUCH buttons"],"fullName":"the five DON’T TOUCH buttons applyRepeaterToAccount has its button, with the reference's classes, wired to a real action","status":"passed","title":"applyRepeaterToAccount has its button, with the reference's classes, wired to a real action","duration":0.06920799999997485,"failureMessages":[],"meta":{},"tags":[]},{"ancestorTitles":["the five DON’T TOUCH buttons"],"fullName":"the five DON’T TOUCH buttons addLiveServer has its button, with the reference's classes, wired to a real action","status":"passed","title":"addLiveServer has its button, with the reference's classes, wired to a real action","duration":0.07116700000000264,"failureMessages":[],"meta":{},"tags":[]},{"ancestorTitles":["the five DON’T TOUCH buttons"],"fullName":"the five DON’T TOUCH buttons removeLiveServer has its button, with the reference's classes, wired to a real action","status":"passed","title":"removeLiveServer has its button, with the reference's classes, wired to a real action","duration":0.06049999999999045,"failureMessages":[],"meta":{},"tags":[]},{"ancestorTitles":["the five DON’T TOUCH buttons"],"fullName":"the five DON’T TOUCH buttons confirms before either action that writes to EVERY room on the account","status":"passed","title":"confirms before either action that writes to EVERY room on the account","duration":0.10979199999999878,"failureMessages":[],"meta":{},"tags":[]},{"ancestorTitles":["the five DON’T TOUCH buttons"],"fullName":"the five DON’T TOUCH buttons gives the repeater console its two inputs, each posting to its own action","status":"passed","title":"gives the repeater console its two inputs, each posting to its own action","duration":0.08491699999999014,"failureMessages":[],"meta":{},"tags":[]},{"ancestorTitles":["the five DON’T TOUCH buttons"],"fullName":"the five DON’T TOUCH buttons reveals the console from the helper text under Repeater List, as the reference does","status":"passed","title":"reveals the console from the helper text under Repeater List, as the reference does","duration":0.05416600000000926,"failureMessages":[],"meta":{},"tags":[]},{"ancestorTitles":["the five DON’T TOUCH buttons"],"fullName":"the five DON’T TOUCH buttons gives .btn-inverse a rule, since the console buttons measurably paint","status":"passed","title":"gives .btn-inverse a rule, since the console buttons measurably paint","duration":0.31945799999999736,"failureMessages":[],"meta":{},"tags":[]},{"ancestorTitles":["the two account-wide actions are scoped to the caller’s own account"],"fullName":"the two account-wide actions are scoped to the caller’s own account found the five new actions","status":"passed","title":"found the five new actions","duration":0.06845799999999258,"failureMessages":[],"meta":{},"tags":[]},{"ancestorTitles":["the two account-wide actions are scoped to the caller’s own account"],"fullName":"the two account-wide actions are scoped to the caller’s own account applyToAllSessions fans out through accountRoomIds and never through the form","status":"passed","title":"applyToAllSessions fans out through accountRoomIds and never through the form","duration":0.1314999999999884,"failureMessages":[],"meta":{},"tags":[]},{"ancestorTitles":["the two account-wide actions are scoped to the caller’s own account"],"fullName":"the two account-wide actions are scoped to the caller’s own account applyRepeaterToAccount fans out through accountRoomIds and never through the form","status":"passed","title":"applyRepeaterToAccount fans out through accountRoomIds and never through the form","duration":0.05691699999999855,"failureMessages":[],"meta":{},"tags":[]},{"ancestorTitles":["the two account-wide actions are scoped to the caller’s own account"],"fullName":"the two account-wide actions are scoped to the caller’s own account accountRoomIds derives the account from the room, not from locals or the request","status":"passed","title":"accountRoomIds derives the account from the room, not from locals or the request","duration":0.06712500000000432,"failureMessages":[],"meta":{},"tags":[]},{"ancestorTitles":["the two account-wide actions are scoped to the caller’s own account"],"fullName":"the two account-wide actions are scoped to the caller’s own account every write in the five actions goes through saveSetting, never raw SQL","status":"passed","title":"every write in the five actions goes through saveSetting, never raw SQL","duration":0.1904999999999859,"failureMessages":[],"meta":{},"tags":[]}],"startTime":1786634226057,"endTime":1786634226061.1904,"status":"passed","message":"","name":"/Users/billyribeiro/Desktop/trading-room-app/apps/controller/src/lib/dont-touch-block.test.ts"},{"assertionResults":[{"ancestorTitles":["what the reference prints in an xeditable trigger"],"fullName":"what the reference prints in an xeditable trigger covers every node that was measured","status":"passed","title":"covers every node that was measured","duration":0.9002909999999815,"failureMessages":[],"meta":{},"tags":[]},{"ancestorTitles":["what the reference prints in an xeditable trigger"],"fullName":"what the reference prints in an xeditable trigger prints \"empty\" (47 nodes)","status":"passed","title":"prints \"empty\" (47 nodes)","duration":0.10012500000001978,"failureMessages":[],"meta":{},"tags":[]},{"ancestorTitles":["what the reference prints in an xeditable trigger"],"fullName":"what the reference prints in an xeditable trigger italicises \"empty\"","status":"passed","title":"italicises \"empty\"","duration":0.06179199999999696,"failureMessages":[],"meta":{},"tags":[]},{"ancestorTitles":["what the reference prints in an xeditable trigger"],"fullName":"what the reference prints in an xeditable trigger prints \"0\" (1 nodes)","status":"passed","title":"prints \"0\" (1 nodes)","duration":0.04045899999999847,"failureMessages":[],"meta":{},"tags":[]},{"ancestorTitles":["what the reference prints in an xeditable trigger"],"fullName":"what the reference prints in an xeditable trigger italicises \"0\"","status":"passed","title":"italicises \"0\"","duration":0.039083000000005086,"failureMessages":[],"meta":{},"tags":[]},{"ancestorTitles":["what the reference prints in an xeditable trigger"],"fullName":"what the reference prints in an xeditable trigger prints \"No\" (76 nodes)","status":"passed","title":"prints \"No\" (76 nodes)","duration":0.03787500000001387,"failureMessages":[],"meta":{},"tags":[]},{"ancestorTitles":["what the reference prints in an xeditable trigger"],"fullName":"what the reference prints in an xeditable trigger does not italicise \"No\"","status":"passed","title":"does not italicise \"No\"","duration":0.03395800000001259,"failureMessages":[],"meta":{},"tags":[]},{"ancestorTitles":["what the reference prints in an xeditable trigger"],"fullName":"what the reference prints in an xeditable trigger prints \"Yes!\" (7 nodes)","status":"passed","title":"prints \"Yes!\" (7 nodes)","duration":0.034290999999996075,"failureMessages":[],"meta":{},"tags":[]},{"ancestorTitles":["what the reference prints in an xeditable trigger"],"fullName":"what the reference prints in an xeditable trigger does not italicise \"Yes!\"","status":"passed","title":"does not italicise \"Yes!\"","duration":0.04633400000000165,"failureMessages":[],"meta":{},"tags":[]},{"ancestorTitles":["what the reference prints in an xeditable trigger"],"fullName":"what the reference prints in an xeditable trigger prints \"1d\" (1 nodes)","status":"passed","title":"prints \"1d\" (1 nodes)","duration":0.03145900000001234,"failureMessages":[],"meta":{},"tags":[]},{"ancestorTitles":["what the reference prints in an xeditable trigger"],"fullName":"what the reference prints in an xeditable trigger does not italicise \"1d\"","status":"passed","title":"does not italicise \"1d\"","duration":0.03479200000001015,"failureMessages":[],"meta":{},"tags":[]},{"ancestorTitles":["what the reference prints in an xeditable trigger"],"fullName":"what the reference prints in an xeditable trigger prints \"08-07-2026\" (1 nodes)","status":"passed","title":"prints \"08-07-2026\" (1 nodes)","duration":0.029291999999998097,"failureMessages":[],"meta":{},"tags":[]},{"ancestorTitles":["what the reference prints in an xeditable trigger"],"fullName":"what the reference prints in an xeditable trigger does not italicise \"08-07-2026\"","status":"passed","title":"does not italicise \"08-07-2026\"","duration":0.029291999999998097,"failureMessages":[],"meta":{},"tags":[]},{"ancestorTitles":["what the reference prints in an xeditable trigger"],"fullName":"what the reference prints in an xeditable trigger prints \"08-08-2026\" (1 nodes)","status":"passed","title":"prints \"08-08-2026\" (1 nodes)","duration":0.028999999999996362,"failureMessages":[],"meta":{},"tags":[]},{"ancestorTitles":["what the reference prints in an xeditable trigger"],"fullName":"what the reference prints in an xeditable trigger does not italicise \"08-08-2026\"","status":"passed","title":"does not italicise \"08-08-2026\"","duration":0.02950000000001296,"failureMessages":[],"meta":{},"tags":[]},{"ancestorTitles":["what the reference prints in an xeditable trigger"],"fullName":"what the reference prints in an xeditable trigger checkbox true is \"Yes!\", not \"Yes\"","status":"passed","title":"checkbox true is \"Yes!\", not \"Yes\"","duration":0.39841599999999744,"failureMessages":[],"meta":{},"tags":[]},{"ancestorTitles":["what the reference prints in an xeditable trigger"],"fullName":"what the reference prints in an xeditable trigger 0 is italic and still prints its digit; false is neither","status":"passed","title":"0 is italic and still prints its digit; false is neither","duration":0.08787499999999682,"failureMessages":[],"meta":{},"tags":[]},{"ancestorTitles":["what the reference prints in an xeditable trigger"],"fullName":"what the reference prints in an xeditable trigger blankness is not the same test as emptiness","status":"passed","title":"blankness is not the same test as emptiness","duration":0.06191599999999653,"failureMessages":[],"meta":{},"tags":[]},{"ancestorTitles":["what the reference prints in an xeditable trigger"],"fullName":"what the reference prints in an xeditable trigger a select shows its option text, not the stored value","status":"passed","title":"a select shows its option text, not the stored value","duration":0.05675000000002228,"failureMessages":[],"meta":{},"tags":[]}],"startTime":1786634226335,"endTime":1786634226337.3984,"status":"passed","message":"","name":"/Users/billyribeiro/Desktop/trading-room-app/apps/controller/src/lib/editable-display.test.ts"},{"assertionResults":[{"ancestorTitles":["editable trigger hover/focus, per the captured stylesheets"],"fullName":"editable trigger hover/focus, per the captured stylesheets hover moves BOTH the text and the underline to xeditable rgb(42,100,150)","status":"passed","title":"hover moves BOTH the text and the underline to xeditable rgb(42,100,150)","duration":1.2967499999999745,"failureMessages":[],"meta":{},"tags":[]},{"ancestorTitles":["editable trigger hover/focus, per the captured stylesheets"],"fullName":"editable trigger hover/focus, per the captured stylesheets never reintroduces rgb(35,82,124) on an editable","status":"passed","title":"never reintroduces rgb(35,82,124) on an editable","duration":0.4001660000000129,"failureMessages":[],"meta":{},"tags":[]},{"ancestorTitles":["editable trigger hover/focus, per the captured stylesheets"],"fullName":"editable trigger hover/focus, per the captured stylesheets does not group :focus with :hover for a non-empty trigger","status":"passed","title":"does not group :focus with :hover for a non-empty trigger","duration":0.08895799999999099,"failureMessages":[],"meta":{},"tags":[]},{"ancestorTitles":["editable trigger hover/focus, per the captured stylesheets"],"fullName":"editable trigger hover/focus, per the captured stylesheets an empty trigger is near-black at rest — styles.css beats xeditable on source order","status":"passed","title":"an empty trigger is near-black at rest — styles.css beats xeditable on source order","duration":0.12004199999998377,"failureMessages":[],"meta":{},"tags":[]},{"ancestorTitles":["editable trigger hover/focus, per the captured stylesheets"],"fullName":"editable trigger hover/focus, per the captured stylesheets an empty trigger goes xeditable red on hover, with the hover-blue underline","status":"passed","title":"an empty trigger goes xeditable red on hover, with the hover-blue underline","duration":0.09204199999999219,"failureMessages":[],"meta":{},"tags":[]},{"ancestorTitles":["editable trigger hover/focus, per the captured stylesheets"],"fullName":"editable trigger hover/focus, per the captured stylesheets an empty trigger goes red on focus, but keeps the RESTING underline","status":"passed","title":"an empty trigger goes red on focus, but keeps the RESTING underline","duration":0.086749999999995,"failureMessages":[],"meta":{},"tags":[]},{"ancestorTitles":["editable trigger hover/focus, per the captured stylesheets"],"fullName":"editable trigger hover/focus, per the captured stylesheets the stats date inputs get the same hover, being .editable-click in the reference","status":"passed","title":"the stats date inputs get the same hover, being .editable-click in the reference","duration":0.10170800000000213,"failureMessages":[],"meta":{},"tags":[]}],"startTime":1786634226334,"endTime":1786634226337.1018,"status":"passed","message":"","name":"/Users/billyribeiro/Desktop/trading-room-app/apps/controller/src/lib/editable-hover-contract.test.ts"},{"assertionResults":[{"ancestorTitles":["handleError"],"fullName":"handleError logs the message, the stack and the URL, not just the error name","status":"passed","title":"logs the message, the stack and the URL, not just the error name","duration":0.9902090000000214,"failureMessages":[],"meta":{},"tags":[]},{"ancestorTitles":["handleError"],"fullName":"handleError still returns only a generic message and an id to the client","status":"passed","title":"still returns only a generic message and an id to the client","duration":0.19008400000001302,"failureMessages":[],"meta":{},"tags":[]}],"startTime":1786634226658,"endTime":1786634226659.1902,"status":"passed","message":"","name":"/Users/billyribeiro/Desktop/trading-room-app/apps/controller/src/lib/error-reporting-contract.test.ts"},{"assertionResults":[{"ancestorTitles":["filenames follow the reference, not our own scheme"],"fullName":"filenames follow the reference, not our own scheme names each file `<Thing>_<uuid>` the way the bundle does","status":"passed","title":"names each file `<Thing>_<uuid>` the way the bundle does","duration":2.0158750000000225,"failureMessages":[],"meta":{},"tags":[]},{"ancestorTitles":["filenames follow the reference, not our own scheme"],"fullName":"filenames follow the reference, not our own scheme no longer uses the invented room-<shortCode>-<thing> scheme","status":"passed","title":"no longer uses the invented room-<shortCode>-<thing> scheme","duration":0.19866599999997447,"failureMessages":[],"meta":{},"tags":[]},{"ancestorTitles":["the participant stats header, which is now nine columns"],"fullName":"the participant stats header, which is now nine columns matches the reference exactly, in both phone variants","status":"passed","title":"matches the reference exactly, in both phone variants","duration":0.15116699999998673,"failureMessages":[],"meta":{},"tags":[]},{"ancestorTitles":["the participant stats header, which is now nine columns"],"fullName":"the participant stats header, which is now nine columns no longer writes the invented `Last login` column","status":"passed","title":"no longer writes the invented `Last login` column","duration":0.09370799999999235,"failureMessages":[],"meta":{},"tags":[]},{"ancestorTitles":["the participant stats header, which is now nine columns"],"fullName":"the participant stats header, which is now nine columns exports one row per VISIT, not one per person","status":"passed","title":"exports one row per VISIT, not one per person","duration":0.6364590000000021,"failureMessages":[],"meta":{},"tags":[]},{"ancestorTitles":["the participant stats header, which is now nine columns"],"fullName":"the participant stats header, which is now nine columns renders N/A for an open visit rather than inventing an end time","status":"passed","title":"renders N/A for an open visit rather than inventing an end time","duration":0.0654169999999965,"failureMessages":[],"meta":{},"tags":[]},{"ancestorTitles":["the bytes in the file"],"fullName":"the bytes in the file ends every row CRLF, as the reference writes it","status":"passed","title":"ends every row CRLF, as the reference writes it","duration":0.08804100000000403,"failureMessages":[],"meta":{},"tags":[]},{"ancestorTitles":["the bytes in the file"],"fullName":"the bytes in the file declares the reference MIME types, charset included","status":"passed","title":"declares the reference MIME types, charset included","duration":0.10466600000000881,"failureMessages":[],"meta":{},"tags":[]},{"ancestorTitles":["the bytes in the file"],"fullName":"the bytes in the file writes the headers with the reference spacing","status":"passed","title":"writes the headers with the reference spacing","duration":0.08908300000001645,"failureMessages":[],"meta":{},"tags":[]},{"ancestorTitles":["quoting differs per file, and that is the reference, not an inconsistency"],"fullName":"quoting differs per file, and that is the reference, not an inconsistency writes the participant LIST unquoted","status":"passed","title":"writes the participant LIST unquoted","duration":0.04170899999999733,"failureMessages":[],"meta":{},"tags":[]},{"ancestorTitles":["quoting differs per file, and that is the reference, not an inconsistency"],"fullName":"quoting differs per file, and that is the reference, not an inconsistency writes stats and monthly QUOTED","status":"passed","title":"writes stats and monthly QUOTED","duration":0.09012500000000045,"failureMessages":[],"meta":{},"tags":[]},{"ancestorTitles":["quoting differs per file, and that is the reference, not an inconsistency"],"fullName":"quoting differs per file, and that is the reference, not an inconsistency replaces EVERY comma in a name, which the reference does not","status":"passed","title":"replaces EVERY comma in a name, which the reference does not","duration":0.050332999999994854,"failureMessages":[],"meta":{},"tags":[]},{"ancestorTitles":["Export Badges is CSV, and the reported defect was real"],"fullName":"Export Badges is CSV, and the reported defect was real writes BadgesList.csv, not badges.json","status":"passed","title":"writes BadgesList.csv, not badges.json","duration":0.08058400000001598,"failureMessages":[],"meta":{},"tags":[]},{"ancestorTitles":["Export Badges is CSV, and the reported defect was real"],"fullName":"Export Badges is CSV, and the reported defect was real keeps convertToCSV’s eleven keys, in its order","status":"passed","title":"keeps convertToCSV’s eleven keys, in its order","duration":0.12050000000002115,"failureMessages":[],"meta":{},"tags":[]},{"ancestorTitles":["Export Badges is CSV, and the reported defect was real"],"fullName":"Export Badges is CSV, and the reported defect was real uses LF and unspaced headers here, unlike the CRLF exports","status":"passed","title":"uses LF and unspaced headers here, unlike the CRLF exports","duration":0.050042000000019016,"failureMessages":[],"meta":{},"tags":[]},{"ancestorTitles":["Export Badges is CSV, and the reported defect was real"],"fullName":"Export Badges is CSV, and the reported defect was real quotes a cell only when it is a string containing a comma","status":"passed","title":"quotes a cell only when it is a string containing a comma","duration":0.03191699999999287,"failureMessages":[],"meta":{},"tags":[]},{"ancestorTitles":["Export Badges is CSV, and the reported defect was real"],"fullName":"Export Badges is CSV, and the reported defect was real writes nothing at all when there are no badges","status":"passed","title":"writes nothing at all when there are no badges","duration":0.03187500000001364,"failureMessages":[],"meta":{},"tags":[]},{"ancestorTitles":["settings stays JSON, because the bundle says so"],"fullName":"settings stays JSON, because the bundle says so keeps the .json extension the reference handler produces","status":"passed","title":"keeps the .json extension the reference handler produces","duration":0.06170800000001009,"failureMessages":[],"meta":{},"tags":[]}],"startTime":1786634226070,"endTime":1786634226074.1206,"status":"passed","message":"","name":"/Users/billyribeiro/Desktop/trading-room-app/apps/controller/src/lib/export-format-contract.test.ts"},{"assertionResults":[{"ancestorTitles":["feature configuration readiness"],"fullName":"feature configuration readiness reports missing integration configuration without treating it as access denial","status":"passed","title":"reports missing integration configuration without treating it as access denial","duration":1.394375000000025,"failureMessages":[],"meta":{},"tags":[]},{"ancestorTitles":["feature configuration readiness"],"fullName":"feature configuration readiness derives readiness only from each integration setting","status":"passed","title":"derives readiness only from each integration setting","duration":0.11483299999997598,"failureMessages":[],"meta":{},"tags":[]}],"startTime":1786634226650,"endTime":1786634226651.3943,"status":"passed","message":"","name":"/Users/billyribeiro/Desktop/trading-room-app/apps/controller/src/lib/features.test.ts"},{"assertionResults":[{"ancestorTitles":["focusDateField"],"fullName":"focusDateField focuses the field, which is the half that unsticks the row","status":"passed","title":"focuses the field, which is the half that unsticks the row","duration":1.248500000000007,"failureMessages":[],"meta":{},"tags":[]},{"ancestorTitles":["focusDateField"],"fullName":"focusDateField opens the picker, which is the half the control exists for","status":"passed","title":"opens the picker, which is the half the control exists for","duration":0.11975000000001046,"failureMessages":[],"meta":{},"tags":[]},{"ancestorTitles":["focusDateField"],"fullName":"focusDateField focuses BEFORE opening the picker","status":"passed","title":"focuses BEFORE opening the picker","duration":0.40125000000000455,"failureMessages":[],"meta":{},"tags":[]},{"ancestorTitles":["focusDateField"],"fullName":"focusDateField still focuses when showPicker throws, so a refused popup does not cost the fix","status":"passed","title":"still focuses when showPicker throws, so a refused popup does not cost the fix","duration":0.5956250000000125,"failureMessages":[],"meta":{},"tags":[]},{"ancestorTitles":["focusDateField"],"fullName":"focusDateField tolerates a browser with no showPicker at all","status":"passed","title":"tolerates a browser with no showPicker at all","duration":0.14120900000000347,"failureMessages":[],"meta":{},"tags":[]},{"ancestorTitles":["focusDateField"],"fullName":"focusDateField does not call a showPicker that is present but not a function","status":"passed","title":"does not call a showPicker that is present but not a function","duration":0.09737499999999955,"failureMessages":[],"meta":{},"tags":[]}],"startTime":1786634226331,"endTime":1786634226334.141,"status":"passed","message":"","name":"/Users/billyribeiro/Desktop/trading-room-app/apps/controller/src/lib/focus-date-field.test.ts"},{"assertionResults":[{"ancestorTitles":["the Last Login stamp"],"fullName":"the Last Login stamp reproduces the stamp the rendered row shows","status":"passed","title":"reproduces the stamp the rendered row shows","duration":3.1643339999999966,"failureMessages":[],"meta":{},"tags":[]},{"ancestorTitles":["the Last Login stamp"],"fullName":"the Last Login stamp pads the month, day and minute to two digits","status":"passed","title":"pads the month, day and minute to two digits","duration":0.10066699999998718,"failureMessages":[],"meta":{},"tags":[]},{"ancestorTitles":["the Last Login stamp"],"fullName":"the Last Login stamp calls midnight 12AM, not 0AM","status":"passed","title":"calls midnight 12AM, not 0AM","duration":0.06274999999999409,"failureMessages":[],"meta":{},"tags":[]},{"ancestorTitles":["the Last Login stamp"],"fullName":"the Last Login stamp calls noon 12PM, not 0PM or 12AM","status":"passed","title":"calls noon 12PM, not 0PM or 12AM","duration":0.05058400000001484,"failureMessages":[],"meta":{},"tags":[]},{"ancestorTitles":["the Last Login stamp"],"fullName":"the Last Login stamp keeps 11:59AM in the morning and 12:00PM in the afternoon","status":"passed","title":"keeps 11:59AM in the morning and 12:00PM in the afternoon","duration":0.06850000000000023,"failureMessages":[],"meta":{},"tags":[]},{"ancestorTitles":["the Last Login stamp"],"fullName":"the Last Login stamp does not depend on the visitor locale the way toLocaleString did","status":"passed","title":"does not depend on the visitor locale the way toLocaleString did","duration":0.046499999999980446,"failureMessages":[],"meta":{},"tags":[]}],"startTime":1786634226334,"endTime":1786634226338.1006,"status":"passed","message":"","name":"/Users/billyribeiro/Desktop/trading-room-app/apps/controller/src/lib/last-login-format.test.ts"},{"assertionResults":[{"ancestorTitles":["the manage page actions"],"fullName":"the manage page actions found actions at all","status":"passed","title":"found actions at all","duration":0.8720000000000141,"failureMessages":[],"meta":{},"tags":[]},{"ancestorTitles":["the manage page actions"],"fullName":"the manage page actions getFcmTokens exists","status":"passed","title":"getFcmTokens exists","duration":0.12075000000001523,"failureMessages":[],"meta":{},"tags":[]},{"ancestorTitles":["the manage page actions"],"fullName":"the manage page actions sendTestPush exists","status":"passed","title":"sendTestPush exists","duration":0.04670799999999531,"failureMessages":[],"meta":{},"tags":[]},{"ancestorTitles":["the manage page actions"],"fullName":"the manage page actions sendWelcomeEmail exists","status":"passed","title":"sendWelcomeEmail exists","duration":0.04233399999998255,"failureMessages":[],"meta":{},"tags":[]},{"ancestorTitles":["the manage page actions"],"fullName":"the manage page actions sendWebinarReminder exists","status":"passed","title":"sendWebinarReminder exists","duration":0.03662500000001501,"failureMessages":[],"meta":{},"tags":[]},{"ancestorTitles":["the manage page actions"],"fullName":"the manage page actions showAppTokens exists","status":"passed","title":"showAppTokens exists","duration":0.03149999999999409,"failureMessages":[],"meta":{},"tags":[]},{"ancestorTitles":["the manage page actions"],"fullName":"the manage page actions resetNotifications exists","status":"passed","title":"resetNotifications exists","duration":0.0286660000000154,"failureMessages":[],"meta":{},"tags":[]},{"ancestorTitles":["account scoping"],"fullName":"account scoping resolves the room through ownedRoomId in every single action","status":"passed","title":"resolves the room through ownedRoomId in every single action","duration":0.36454200000000014,"failureMessages":[],"meta":{},"tags":[]},{"ancestorTitles":["account scoping"],"fullName":"account scoping never reads a member id without first resolving the room","status":"passed","title":"never reads a member id without first resolving the room","duration":0.24816699999999514,"failureMessages":[],"meta":{},"tags":[]},{"ancestorTitles":["the four newest actions carry the fields the template posts"],"fullName":"the four newest actions carry the fields the template posts getFcmTokens reads roomUserId","status":"passed","title":"getFcmTokens reads roomUserId","duration":0.11400000000000432,"failureMessages":[],"meta":{},"tags":[]},{"ancestorTitles":["the four newest actions carry the fields the template posts"],"fullName":"the four newest actions carry the fields the template posts sendTestPush reads roomUserId","status":"passed","title":"sendTestPush reads roomUserId","duration":0.033582999999993035,"failureMessages":[],"meta":{},"tags":[]},{"ancestorTitles":["the four newest actions carry the fields the template posts"],"fullName":"the four newest actions carry the fields the template posts sendWelcomeEmail reads roomUserId","status":"passed","title":"sendWelcomeEmail reads roomUserId","duration":0.026999999999986812,"failureMessages":[],"meta":{},"tags":[]},{"ancestorTitles":["the four newest actions carry the fields the template posts"],"fullName":"the four newest actions carry the fields the template posts sendWebinarReminder reads eventTime","status":"passed","title":"sendWebinarReminder reads eventTime","duration":0.03700000000000614,"failureMessages":[],"meta":{},"tags":[]}],"startTime":1786634226324,"endTime":1786634226326.248,"status":"passed","message":"","name":"/Users/billyribeiro/Desktop/trading-room-app/apps/controller/src/lib/manage-action-scope.test.ts"},{"assertionResults":[{"ancestorTitles":["the manage page reports server refusals"],"fullName":"the manage page reports server refusals the server really does have failure paths worth showing","status":"passed","title":"the server really does have failure paths worth showing","duration":0.9565000000000055,"failureMessages":[],"meta":{},"tags":[]},{"ancestorTitles":["the manage page reports server refusals"],"fullName":"the manage page reports server refusals renders the message from a failed action","status":"passed","title":"renders the message from a failed action","duration":0.1751249999999942,"failureMessages":[],"meta":{},"tags":[]},{"ancestorTitles":["the manage page reports server refusals"],"fullName":"the manage page reports server refusals marks it as an alert, so it is announced and not merely coloured","status":"passed","title":"marks it as an alert, so it is announced and not merely coloured","duration":0.086749999999995,"failureMessages":[],"meta":{},"tags":[]},{"ancestorTitles":["the manage page reports server refusals"],"fullName":"the manage page reports server refusals has a style for it rather than rendering unstyled text","status":"passed","title":"has a style for it rather than rendering unstyled text","duration":0.27129100000000506,"failureMessages":[],"meta":{},"tags":[]},{"ancestorTitles":["the manage page reports server refusals"],"fullName":"the manage page reports server refusals puts it where it will be seen — inside the panel body, above the fields","status":"passed","title":"puts it where it will be seen — inside the panel body, above the fields","duration":0.0819580000000002,"failureMessages":[],"meta":{},"tags":[]}],"startTime":1786634226465,"endTime":1786634226466.2712,"status":"passed","message":"","name":"/Users/billyribeiro/Desktop/trading-room-app/apps/controller/src/lib/manage-form-errors.test.ts"},{"assertionResults":[{"ancestorTitles":["dropdown menus survive their own opening click"],"fullName":"dropdown menus survive their own opening click the closer recognises the data attribute the wrapper carries","status":"passed","title":"the closer recognises the data attribute the wrapper carries","duration":1.2344580000000036,"failureMessages":[],"meta":{},"tags":[]},{"ancestorTitles":["dropdown menus survive their own opening click"],"fullName":"dropdown menus survive their own opening click still recognises the class the toolbar menu uses","status":"passed","title":"still recognises the class the toolbar menu uses","duration":0.10854199999999992,"failureMessages":[],"meta":{},"tags":[]},{"ancestorTitles":["dropdown menus survive their own opening click"],"fullName":"dropdown menus survive their own opening click the row Actions wrapper carries something the closer matches","status":"passed","title":"the row Actions wrapper carries something the closer matches","duration":0.19908300000000168,"failureMessages":[],"meta":{},"tags":[]},{"ancestorTitles":["dropdown menus survive their own opening click"],"fullName":"dropdown menus survive their own opening click keeps the reference's class list on that wrapper","status":"passed","title":"keeps the reference's class list on that wrapper","duration":0.07883300000000304,"failureMessages":[],"meta":{},"tags":[]}],"startTime":1786634226441,"endTime":1786634226442.2344,"status":"passed","message":"","name":"/Users/billyribeiro/Desktop/trading-room-app/apps/controller/src/lib/manage-menu-stays-open.test.ts"},{"assertionResults":[{"ancestorTitles":["the pinned Bootstrap 3 source"],"fullName":"the pinned Bootstrap 3 source is the exact file the owner supplied, unmodified","status":"passed","title":"is the exact file the owner supplied, unmodified","duration":1.3525419999999997,"failureMessages":[],"meta":{},"tags":[]},{"ancestorTitles":["the pinned Bootstrap 3 source"],"fullName":"the pinned Bootstrap 3 source is Bootstrap 3, not 4 or 5 — the generation the manage page needs","status":"passed","title":"is Bootstrap 3, not 4 or 5 — the generation the manage page needs","duration":0.3378749999999968,"failureMessages":[],"meta":{},"tags":[]},{"ancestorTitles":["every panel value we transcribed matches Bootstrap 3.3.7"],"fullName":"every panel value we transcribed matches Bootstrap 3.3.7 .panel agrees","status":"passed","title":".panel agrees","duration":0.4351249999999993,"failureMessages":[],"meta":{},"tags":[]},{"ancestorTitles":["every panel value we transcribed matches Bootstrap 3.3.7"],"fullName":"every panel value we transcribed matches Bootstrap 3.3.7 .panel-default agrees","status":"passed","title":".panel-default agrees","duration":0.13783300000000054,"failureMessages":[],"meta":{},"tags":[]},{"ancestorTitles":["every panel value we transcribed matches Bootstrap 3.3.7"],"fullName":"every panel value we transcribed matches Bootstrap 3.3.7 .panel-heading agrees","status":"passed","title":".panel-heading agrees","duration":0.1913330000000144,"failureMessages":[],"meta":{},"tags":[]},{"ancestorTitles":["every panel value we transcribed matches Bootstrap 3.3.7"],"fullName":"every panel value we transcribed matches Bootstrap 3.3.7 .panel-default > .panel-heading agrees","status":"passed","title":".panel-default > .panel-heading agrees","duration":0.1299579999999878,"failureMessages":[],"meta":{},"tags":[]},{"ancestorTitles":["every panel value we transcribed matches Bootstrap 3.3.7"],"fullName":"every panel value we transcribed matches Bootstrap 3.3.7 reproduces the box-shadow, allowing for the transcribed notation","status":"passed","title":"reproduces the box-shadow, allowing for the transcribed notation","duration":0.14870899999999665,"failureMessages":[],"meta":{},"tags":[]},{"ancestorTitles":["the two surfaces are not mixed up"],"fullName":"the two surfaces are not mixed up keeps Bootstrap 3 scoped to the manage page and out of the room","status":"passed","title":"keeps Bootstrap 3 scoped to the manage page and out of the room","duration":0.227958000000001,"failureMessages":[],"meta":{},"tags":[]},{"ancestorTitles":["the two surfaces are not mixed up"],"fullName":"the two surfaces are not mixed up does not import Bootstrap 3 into anything","status":"passed","title":"does not import Bootstrap 3 into anything","duration":0.06558300000000372,"failureMessages":[],"meta":{},"tags":[]}],"startTime":1786634226072,"endTime":1786634226075.228,"status":"passed","message":"","name":"/Users/billyribeiro/Desktop/trading-room-app/apps/controller/src/lib/manage-panel-bootstrap3-contract.test.ts"},{"assertionResults":[{"ancestorTitles":["the row Actions button"],"fullName":"the row Actions button is ABSENT on the owner row — which is why an owner-only room shows none","status":"passed","title":"is ABSENT on the owner row — which is why an owner-only room shows none","duration":8.43441699999994,"failureMessages":[],"meta":{},"tags":[]},{"ancestorTitles":["the row Actions button"],"fullName":"the row Actions button is PRESENT on a participant row","status":"passed","title":"is PRESENT on a participant row","duration":1.4639160000001539,"failureMessages":[],"meta":{},"tags":[]},{"ancestorTitles":["the row Actions button"],"fullName":"the row Actions button shows exactly one menu in a room with one owner and one participant","status":"passed","title":"shows exactly one menu in a room with one owner and one participant","duration":1.2500840000000153,"failureMessages":[],"meta":{},"tags":[]},{"ancestorTitles":["the four ng-show=\"false\" icons"],"fullName":"the four ng-show=\"false\" icons are present, matching the reference DOM","status":"passed","title":"are present, matching the reference DOM","duration":1.0512080000000878,"failureMessages":[],"meta":{},"tags":[]},{"ancestorTitles":["the four ng-show=\"false\" icons"],"fullName":"the four ng-show=\"false\" icons carry the `hidden` attribute that `.mg-root [hidden]` acts on","status":"passed","title":"carry the `hidden` attribute that `.mg-root [hidden]` acts on","duration":1.0890419999998358,"failureMessages":[],"meta":{},"tags":[]},{"ancestorTitles":["the four ng-show=\"false\" icons"],"fullName":"the four ng-show=\"false\" icons keeps the rule that makes them invisible","status":"passed","title":"keeps the rule that makes them invisible","duration":0.3191670000001068,"failureMessages":[],"meta":{},"tags":[]}],"startTime":1786634226850,"endTime":1786634226863.319,"status":"passed","message":"","name":"/Users/billyribeiro/Desktop/trading-room-app/apps/controller/src/lib/manage-row-actions-render.test.ts"},{"assertionResults":[{"ancestorTitles":["manage page, section by section"],"fullName":"manage page, section by section has the reference to compare against","status":"passed","title":"has the reference to compare against","duration":0.866457999999966,"failureMessages":[],"meta":{},"tags":[]},{"ancestorTitles":["manage page, section by section"],"fullName":"manage page, section by section tab strip matches the reference","status":"passed","title":"tab strip matches the reference","duration":9.836958000000095,"failureMessages":[],"meta":{},"tags":[]},{"ancestorTitles":["manage page, section by section"],"fullName":"manage page, section by section Users matches the reference","status":"passed","title":"Users matches the reference","duration":4.37241599999993,"failureMessages":[],"meta":{},"tags":[]},{"ancestorTitles":["manage page, section by section"],"fullName":"manage page, section by section Text List matches the reference","status":"passed","title":"Text List matches the reference","duration":0.4665419999998903,"failureMessages":[],"meta":{},"tags":[]},{"ancestorTitles":["manage page, section by section"],"fullName":"manage page, section by section Branding matches the reference","status":"passed","title":"Branding matches the reference","duration":2.202957999999853,"failureMessages":[],"meta":{},"tags":[]},{"ancestorTitles":["manage page, section by section"],"fullName":"manage page, section by section SSO Setup matches the reference","status":"passed","title":"SSO Setup matches the reference","duration":0.4265829999999369,"failureMessages":[],"meta":{},"tags":[]},{"ancestorTitles":["manage page, section by section"],"fullName":"manage page, section by section User Stats matches the reference","status":"passed","title":"User Stats matches the reference","dura
[...]
,"132":0,"133":0,"134":0,"135":0,"136":0,"137":0,"138":0,"139":0,"140":0,"141":0,"142":0,"143":0,"144":0,"145":0,"146":0,"147":0,"148":0,"149":0,"150":0,"151":0,"152":0,"153":0,"154":0,"155":0,"156":0,"157":0,"158":0,"159":0,"160":0,"161":0,"162":0,"163":0,"164":0,"165":0,"166":0,"167":0,"168":0,"169":0,"170":0,"171":0,"172":0,"173":0,"174":0,"175":0,"176":0,"177":0,"178":0,"179":0,"180":0,"181":0,"182":0,"183":0,"184":0,"185":0,"186":0,"187":0,"188":0,"189":0,"190":0,"191":0,"192":0,"193":0,"194":0,"195":0,"196":0,"197":0,"198":0,"199":0,"200":0,"201":0,"202":0,"203":0,"204":0,"205":0,"206":0,"207":0,"208":0,"209":0,"210":0,"211":0,"212":0,"213":0,"214":0,"215":0,"216":0,"217":0,"218":0,"219":0,"220":0,"221":0,"222":0,"223":0,"224":0,"225":0,"226":0,"227":0,"228":0,"229":0,"230":0,"231":0,"232":0,"233":0,"234":0,"235":0,"236":0,"237":0,"238":0,"239":0,"240":0,"241":0,"242":0,"243":0,"244":0,"245":0,"246":0,"247":0,"248":0,"249":0,"250":0,"251":0,"252":0,"253":0,"254":0,"255":0,"256":0,"257":0,"258":0,"259":0,"260":0,"261":0,"262":0,"263":0,"264":0,"265":0,"266":0,"267":0,"268":0,"269":0,"270":0,"271":0,"272":0,"273":0,"274":0,"275":0,"276":0,"277":0,"278":0,"279":0,"280":0,"281":0,"282":0,"283":0,"284":0,"285":0,"286":0,"287":0,"288":0,"289":0,"290":0,"291":0,"292":0,"293":0,"294":0,"295":0,"296":0,"297":0,"298":0,"299":0,"300":0,"301":0,"302":0,"303":0,"304":0,"305":0,"306":0,"307":0,"308":0,"309":0,"310":0,"311":0,"312":0,"313":0,"314":0,"315":0,"316":0,"317":0,"318":0,"319":0,"320":0,"321":0,"322":0,"323":0,"324":0,"325":0,"326":0,"327":0,"328":0,"329":0,"330":0,"331":0,"332":0,"333":0,"334":0,"335":0,"336":0,"337":0,"338":0,"339":0,"340":0,"341":0,"342":0,"343":0,"344":0,"345":0,"346":0,"347":0,"348":0,"349":0,"350":0,"351":0,"352":0,"353":0,"354":0,"355":0,"356":0,"357":0,"358":0,"359":0,"360":0,"361":0,"362":0,"363":0,"364":0,"365":0,"366":0,"367":0,"368":0},"f":{"0":0,"1":0,"2":0,"3":0,"4":0,"5":0,"6":0,"7":0,"8":0,"9":0,"10":0,"11":0,"12":0,"13":0,"14":0,"15":0,"16":0,"17":0,"18":0,"19":0,"20":0,"21":0,"22":0,"23":0,"24":0,"25":0,"26":0,"27":0,"28":0,"29":0,"30":0,"31":0,"32":0,"33":0,"34":0,"35":0,"36":0,"37":0,"38":0,"39":0,"40":0,"41":0,"42":0,"43":0,"44":0,"45":0,"46":0,"47":0,"48":0,"49":0,"50":0,"51":0,"52":0,"53":0,"54":0,"55":0,"56":0,"57":0,"58":0,"59":0,"60":0,"61":0,"62":0,"63":0,"64":0,"65":0},"b":{"0":[0,0],"1":[0,0],"2":[0,0],"3":[0,0],"4":[0,0],"5":[0,0],"6":[0,0],"7":[0,0],"8":[0,0],"9":[0,0],"10":[0,0],"11":[0,0],"12":[0,0],"13":[0,0],"14":[0,0],"15":[0,0],"16":[0,0],"17":[0,0],"18":[0,0],"19":[0,0],"20":[0,0],"21":[0,0],"22":[0,0],"23":[0,0],"24":[0,0],"25":[0,0],"26":[0,0],"27":[0,0,0],"28":[0,0],"29":[0,0],"30":[0,0],"31":[0,0],"32":[0,0],"33":[0,0],"34":[0,0],"35":[0,0],"36":[0,0],"37":[0,0],"38":[0,0],"39":[0,0],"40":[0,0],"41":[0,0],"42":[0,0],"43":[0,0],"44":[0,0],"45":[0,0],"46":[0,0],"47":[0,0],"48":[0,0],"49":[0,0],"50":[0,0],"51":[0,0],"52":[0,0],"53":[0,0],"54":[0,0],"55":[0,0],"56":[0,0],"57":[0,0],"58":[0,0],"59":[0,0],"60":[0,0],"61":[0,0],"62":[0,0],"63":[0,0],"64":[0,0],"65":[0,0,0],"66":[0,0],"67":[0,0],"68":[0,0],"69":[0,0],"70":[0,0],"71":[0,0],"72":[0,0],"73":[0,0],"74":[0,0],"75":[0,0],"76":[0,0],"77":[0,0],"78":[0,0],"79":[0,0],"80":[0,0],"81":[0,0],"82":[0,0],"83":[0,0],"84":[0,0],"85":[0,0],"86":[0,0],"87":[0,0],"88":[0,0],"89":[0,0],"90":[0,0],"91":[0,0],"92":[0,0],"93":[0,0],"94":[0,0],"95":[0,0],"96":[0,0],"97":[0,0],"98":[0,0],"99":[0,0],"100":[0,0],"101":[0,0],"102":[0,0],"103":[0,0],"104":[0,0]},"meta":{"lastBranch":105,"lastFunction":66,"lastStatement":369,"seen":{"s:83:17:91:Infinity":0,"f:107:9:107:20":0,"s:108:2:108:Infinity":1,"b:108:9:108:39:108:39:108:Infinity":0,"s:111:36:340:Infinity":2,"f:111:36:111:43":1,"s:112:17:112:Infinity":3,"s:113:15:113:Infinity":4,"s:115:17:115:Infinity":5,"s:116:2:116:Infinity":6,"b:117:2:117:Infinity:undefined:undefined:undefined:undefined":1,"s:117:2:117:Infinity":7,"s:117:13:117:Infinity":8,"s:119:20:119:Infinity":9,"s:120:19:120:Infinity":10,"s:121:23:121:Infinity":11,"s:122:19:127:Infinity":12,"s:128:27:128:Infinity":13,"s:135:15:148:Infinity":14,"f:135:24:135:29":2,"s:135:55:148:4":15,"b:142:10:142:Infinity:143:10:147:Infinity":2,"b:144:12:144:Infinity:145:12:147:Infinity":3,"b:146:14:146:Infinity:147:14:147:Infinity":4,"s:166:20:166:Infinity":16,"b:166:20:166:34:166:34:166:Infinity":5,"b:167:2:167:Infinity:undefined:undefined:undefined:undefined":6,"s:167:2:167:Infinity":17,"f:167:12:167:18":3,"s:167:24:167:42":18,"s:167:45:167:Infinity":19,"s:168:14:168:Infinity":20,"s:170:8:170:Infinity":21,"b:170:13:170:42:170:42:170:44":7,"s:171:17:171:Infinity":22,"s:172:6:198:Infinity":23,"f:172:45:172:50":4,"s:172:57:198:4":24,"b:199:2:201:Infinity:undefined:undefined:undefined:undefined":8,"s:199:2:201:Infinity":25,"s:200:4:200:Infinity":26,"f:200:18:200:26":5,"s:200:32:200:108":27,"b:200:32:200:75:200:75:200:108":9,"b:202:2:236:Infinity:203:7:236:Infinity":10,"s:202:2:236:Infinity":28,"s:202:27:202:Infinity":29,"f:202:41:202:49":6,"s:202:55:202:63":30,"b:203:7:236:Infinity:204:7:236:Infinity":11,"s:203:7:236:Infinity":31,"s:203:36:203:Infinity":32,"b:204:7:236:Infinity:207:7:236:Infinity":12,"s:204:7:236:Infinity":33,"s:204:32:204:Infinity":34,"b:207:7:236:Infinity:235:7:236:Infinity":13,"s:207:7:236:Infinity":35,"s:207:31:207:Infinity":36,"f:207:45:207:53":7,"s:207:59:207:82":37,"b:207:59:207:70:207:70:207:82":14,"b:235:7:236:Infinity:236:7:236:Infinity":15,"s:235:7:236:Infinity":38,"s:235:32:235:Infinity":39,"f:235:46:235:54":8,"s:235:60:235:103":40,"b:236:7:236:Infinity:undefined:undefined:undefined:undefined":16,"s:236:7:236:Infinity":41,"s:236:36:236:Infinity":42,"f:236:50:236:58":9,"s:236:64:236:109":43,"s:248:4:248:Infinity":44,"b:248:102:248:111:248:111:248:Infinity":17,"b:248:4:248:14:248:14:248:102":18,"s:250:19:250:Infinity":45,"b:250:19:250:36:250:36:250:Infinity":19,"s:252:2:339:Infinity":46,"b:266:37:266:61:266:61:266:63":20,"f:271:17:271:25":10,"s:271:31:271:44":47,"f:271:46:271:52":11,"s:271:61:271:106":48,"b:299:32:299:70:299:70:299:Infinity":21,"b:300:32:300:70:300:70:300:Infinity":22,"f:321:6:321:14":12,"s:321:20:321:36":49,"f:363:15:363:25":13,"s:364:17:364:Infinity":50,"s:365:2:365:Infinity":51,"s:366:2:366:Infinity":52,"f:369:15:369:27":14,"s:370:2:370:Infinity":53,"f:382:15:382:30":15,"s:383:17:383:Infinity":54,"b:384:2:384:Infinity:undefined:undefined:undefined:undefined":23,"s:384:2:384:Infinity":55,"s:384:13:384:Infinity":56,"s:385:16:385:Infinity":57,"s:386:2:386:Infinity":58,"f:386:15:386:20":16,"s:386:26:386:30":59,"f:394:9:394:21":17,"s:395:2:398:Infinity":60,"b:395:16:395:25:395:25:395:27":24,"f:397:5:397:10":18,"s:397:20:397:32":61,"f:412:9:412:17":19,"s:413:18:413:Infinity":62,"b:413:39:413:51:413:51:413:Infinity":25,"b:414:2:416:Infinity:undefined:undefined:undefined:undefined":26,"s:414:2:416:Infinity":63,"b:414:6:414:39:414:39:414:76:414:76:414:105":27,"s:415:4:415:Infinity":64,"b:417:2:417:Infinity:undefined:undefined:undefined:undefined":28,"s:417:2:417:Infinity":65,"b:417:6:417:37:417:37:417:70":29,"s:417:70:417:Infinity":66,"b:418:2:418:Infinity:undefined:undefined:undefined:undefined":30,"s:418:2:418:Infinity":67,"s:418:49:418:Infinity":68,"s:419:2:419:Infinity":69,"s:422:32:1041:Infinity":70,"f:424:17:424:24":20,"s:425:19:425:Infinity":71,"s:426:4:426:Infinity":72,"s:427:4:427:Infinity":73,"f:435:13:435:20":21,"s:436:19:436:Infinity":74,"s:437:21:437:Infinity":75,"s:439:20:439:Infinity":76,"s:440:4:444:Infinity":77,"s:440:17:440:20":78,"b:440:20:440:30:440:30:440:42":31,"s:441:24:441:Infinity":79,"s:442:22:442:Infinity":80,"b:443:6:443:Infinity:undefined:undefined:undefined:undefined":32,"s:443:6:443:Infinity":81,"s:443:18:443:Infinity":82,"b:445:4:445:Infinity:undefined:undefined:undefined:undefined":33,"s:445:4:445:Infinity":83,"s:445:20:445:Infinity":84,"s:447:22:465:Infinity":85,"s:468:4:468:Infinity":86,"s:469:4:469:Infinity":87,"f:479:14:479:21":22,"s:480:19:480:Infinity":88,"s:481:4:481:Infinity":89,"s:482:4:482:Infinity":90,"f:486:20:486:27":23,"s:487:19:487:Infinity":91,"s:488:17:490:Infinity":92,"b:488:17:488:66:488:66:488:68":34,"b:491:4:495:Infinity:undefined:undefined:undefined:undefined":35,"s:491:4:495:Infinity":93,"s:492:6:494:Infinity":94,"s:496:20:496:Infinity":95,"b:497:4:497:Infinity:undefined:undefined:undefined:undefined":36,"s:497:4:497:Infinity":96,"b:497:8:497:17:497:17:497:38":37,"s:497:38:497:Infinity":97,"s:498:4:498:Infinity":98,"s:499:4:499:Infinity":99,"f:503:20:503:27":24,"s:504:19:504:Infinity":100,"s:505:17:505:Infinity":101,"s:506:4:506:Infinity":102,"s:507:4:507:Infinity":103,"f:511:14:511:21":25,"s:512:19:512:Infinity":104,"s:513:10:513:Infinity":105,"b:514:4:516:Infinity:undefined:undefined:undefined:undefined":38,"s:514:4:516:Infinity":106,"b:514:8:514:35:514:35:514:52":39,"s:515:6:515:Infinity":107,"s:517:20:517:Infinity":108,"b:518:4:520:Infinity:undefined:undefined:undefined:undefined":40,"s:518:4:520:Infinity":109,"s:519:6:519:Infinity":110,"b:519:37:519:50:519:50:519:62":41,"s:521:22:521:Infinity":111,"b:522:4:526:Infinity:undefined:undefined:undefined:undefined":42,"s:522:4:526:Infinity":112,"s:523:6:525:Infinity":113,"s:527:20:527:Infinity":114,"s:528:4:528:Infinity":115,"s:529:4:529:Infinity":116,"f:532:13:532:20":26,"s:533:19:533:Infinity":117,"s:534:4:534:Infinity":118,"s:535:4:535:Infinity":119,"f:539:14:539:21":27,"s:540:19:540:Infinity":120,"s:541:17:541:Infinity":121,"s:542:17:542:Infinity":122,"b:542:24:542:44:542:44:542:46":43,"s:543:18:545:Infinity":123,"b:543:25:543:46:543:46:543:48":44,"b:546:4:546:Infinity:undefined:undefined:undefined:undefined":45,"s:546:4:546:Infinity":124,"b:546:8:546:17:546:17:546:25":46,"s:546:25:546:Infinity":125,"s:547:4:552:Infinity":126,"s:548:6:548:Infinity":127,"s:549:6:549:Infinity":128,"s:551:6:551:Infinity":129,"b:551:55:551:67:551:67:551:97":47,"f:556:17:556:24":28,"s:557:19:557:Infinity":130,"s:558:4:558:Infinity":131,"f:562:20:562:27":29,"s:563:19:563:Infinity":132,"s:564:4:564:Infinity":133,"f:568:24:568:31":30,"s:569:19:569:Infinity":134,"s:570:17:570:Infinity":135,"s:571:17:571:Infinity":136,"b:572:4:574:Infinity:undefined:undefined:undefined:undefined":48,"s:572:4:574:Infinity":137,"b:572:8:572:26:572:26:572:45":49,"s:573:6:573:Infinity":138,"s:575:20:575:Infinity":139,"s:576:16:579:Infinity":140,"f:579:7:579:15":31,"s:579:21:579:39":141,"s:580:21:580:Infinity":142,"s:581:4:584:Infinity":143,"f:595:24:595:31":32,"s:596:19:596:Infinity":144,"s:597:23:597:Infinity":145,"s:598:21:598:Infinity":146,"s:599:4:599:Infinity":147,"b:600:4:600:Infinity:undefined:undefined:undefined:undefined":50,"s:600:4:600:Infinity":148,"s:600:17:600:Infinity":149,"b:601:4:601:Infinity:undefined:undefined:undefined:undefined":51,"s:601:4:601:Infinity":150,"s:601:30:601:Infinity":151,"s:602:4:602:Infinity":152,"s:603:4:603:Infinity":153,"f:613:21:613:28":33,"s:614:19:614:Infinity":154,"s:615:19:615:Infinity":155,"s:616:4:616:Infinity":156,"s:617:4:617:Infinity":157,"f:620:24:620:31":34,"s:621:19:621:Infinity":158,"s:622:4:622:Infinity":159,"f:626:21:626:28":35,"s:627:19:627:Infinity":160,"s:628:17:628:Infinity":161,"s:629:23:629:Infinity":162,"s:630:4:630:Infinity":163,"f:634:15:634:22":36,"s:635:19:635:Infinity":164,"s:636:17:636:Infinity":165,"s:637:23:637:Infinity":166,"s:638:17:638:Infinity":167,"b:638:24:638:44:638:44:638:46":52,"b:639:4:639:Infinity:undefined:undefined:undefined:undefined":53,"s:639:4:639:Infinity":168,"s:639:27:639:Infinity":169,"s:640:4:640:Infinity":170,"f:644:14:644:21":37,"s:645:19:645:Infinity":171,"s:646:17:646:Infinity":172,"s:647:23:647:Infinity":173,"s:648:24:648:Infinity":174,"b:648:31:648:58:648:58:648:60":54,"b:649:4:649:Infinity:undefined:undefined:undefined:undefined":55,"s:649:4:649:Infinity":175,"s:649:22:649:Infinity":176,"s:650:4:654:Infinity":177,"s:651:6:651:Infinity":178,"s:653:6:653:Infinity":179,"b:653:55:653:67:653:67:653:85":56,"f:658:19:658:26":38,"s:659:19:659:Infinity":180,"s:660:17:660:Infinity":181,"s:661:23:661:Infinity":182,"s:662:20:662:Infinity":183,"s:663:4:667:Infinity":184,"s:664:6:664:Infinity":185,"s:666:6:666:Infinity":186,"b:666:55:666:67:666:67:666:85":57,"f:677:19:677:26":39,"s:678:19:678:Infinity":187,"s:679:17:679:Infinity":188,"s:680:23:680:Infinity":189,"s:681:21:681:Infinity":190,"b:681:28:681:52:681:52:681:54":58,"b:682:4:684:Infinity:undefined:undefined:undefined:undefined":59,"s:682:4:684:Infinity":191,"s:683:6:683:Infinity":192,"s:685:4:690:Infinity":193,"s:686:6:686:Infinity":194,"s:687:6:687:Infinity":195,"s:689:6:689:Infinity":196,"b:689:55:689:67:689:67:689:85":60,"f:696:13:696:20":40,"s:697:19:697:Infinity":197,"s:698:23:698:Infinity":198,"s:699:22:699:Infinity":199,"s:700:17:700:Infinity":200,"b:700:24:700:67:700:67:700:68":61,"s:701:4:706:Infinity":201,"s:702:34:702:Infinity":202,"s:703:6:703:Infinity":203,"s:705:6:705:Infinity":204,"b:705:55:705:67:705:67:705:85":62,"f:710:17:710:24":41,"s:711:19:711:Infinity":205,"s:712:23:712:Infinity":206,"s:713:4:717:Infinity":207,"s:714:6:714:Infinity":208,"s:716:6:716:Infinity":209,"b:716:55:716:67:716:67:716:85":63,"f:721:20:721:27":42,"s:722:19:722:Infinity":210,"s:723:17:723:Infinity":211,"s:724:23:724:Infinity":212,"s:725:18:725:Infinity":213,"b:726:4:728:Infinity:undefined:undefined:undefined:undefined":64,"s:726:4:728:Infinity":214,"b:726:8:726:30:726:30:726:52:726:52:726:78":65,"s:727:6:727:Infinity":215,"s:729:4:733:Infinity":216,"s:730:6:730:Infinity":217,"s:732:6:732:Infinity":218,"b:732:55:732:67:732:67:732:85":66,"f:743:16:743:23":43,"s:744:19:744:Infinity":219,"s:745:23:745:Infinity":220,"s:746:4:751:Infinity":221,"s:747:44:747:Infinity":222,"s:748:6:748:Infinity":223,"s:750:6:750:Infinity":224,"f:755:16:755:23":44,"s:756:19:756:Infinity":225,"s:757:23:757:Infinity":226,"s:758:4:766:Infinity":227,"s:759:21:759:Infinity":228,"b:760:6:762:Infinity:undefined:undefined:undefined:undefined":67,"s:760:6:762:Infinity":229,"s:761:8:761:Infinity":230,"s:763:6:763:Infinity":231,"s:765:6:765:Infinity":232,"f:770:20:770:27":45,"s:771:19:771:Infinity":233,"s:772:23:772:Infinity":234,"s:773:4:778:Infinity":235,"s:774:21:774:Infinity":236,"s:775:6:775:Infinity":237,"s:777:6:777:Infinity":238,"f:788:23:788:30":46,"s:789:19:789:Infinity":239,"s:790:22:790:Infinity":240,"b:790:22:790:76:790:76:790:78":68,"s:791:4:807:Infinity":241,"s:792:21:792:Infinity":242,"b:793:6:803:Infinity:undefined:undefined:undefined:undefined":69,"s:793:6:803:Infinity":243,"s:796:22:796:Infinity":244,"f:796:51:796:56":47,"s:796:62:796:69":245,"s:797:21:797:Infinity":246,"s:798:8:802:Infinity":247,"b:801:85:801:108:801:108:801:111":70,"s:804:6:804:Infinity":248,"s:806:6:806:Infinity":249,"f:811:22:811:29":48,"s:812:19:812:Infinity":250,"s:813:23:813:Infinity":251,"s:814:4:819:Infinity":252,"s:815:6:815:Infinity":253,"s:816:6:816:Infinity":254,"s:818:6:818:Infinity":255,"b:818:55:818:67:818:67:818:85":71,"f:822:14:822:21":49,"s:823:19:823:Infinity":256,"s:824:23:824:Infinity":257,"s:825:4:825:Infinity":258,"f:829:13:829:20":50,"s:830:19:830:Infinity":259,"s:831:17:831:Infinity":260,"s:832:17:832:Infinity":261,"b:832:24:832:44:832:44:832:46":72,"s:833:16:833:Infinity":262,"s:834:4:846:Infinity":263,"s:841:22:841:Infinity":264,"b:841:63:841:91:841:91:841:Infinity":73,"b:841:22:841:48:841:48:841:63":74,"s:842:20:842:Infinity":265,"b:842:71:842:78:842:78:842:93":75,"s:843:6:843:Infinity":266,"s:845:6:845:Infinity":267,"b:845:55:845:67:845:67:845:96":76,"f:857:14:857:21":51,"s:858:19:858:Infinity":268,"s:859:17:859:Infinity":269,"b:859:17:859:66:859:66:859:68":77,"b:860:4:860:Infinity:undefined:undefined:undefined:undefined":78,"s:860:4:860:Infinity":270,"s:860:15:860:Infinity":271,"s:861:4:861:Infinity":272,"s:862:4:862:Infinity":273,"f:865:12:865:19":52,"s:866:19:866:Infinity":274,"s:867:18:867:Infinity":275,"b:867:18:867:68:867:68:867:70":79,"b:868:4:868:Infinity:undefined:undefined:undefined:undefined":80,"s:868:4:868:Infinity":276,"b:868:8:868:28:868:28:868:48":81,"s:868:48:868:Infinity":277,"s:869:4:869:Infinity":278,"s:870:4:870:Infinity":279,"f:877:16:877:23":53,"s:878:19:878:Infinity":280,"s:879:4:879:Infinity":281,"b:879:31:879:81:879:81:879:83":82,"s:880:4:880:Infinity":282,"f:883:19:883:26":54,"s:884:19:884:Infinity":283,"s:885:17:885:Infinity":284,"s:886:23:886:Infinity":285,"s:887:20:887:Infinity":286,"f:887:36:887:44":55,"s:887:50:887:70":287,"s:888:4:888:Infinity":288,"f:892:19:892:26":56,"s:893:19:893:Infinity":289,"s:894:17:894:Infinity":290,"s:895:15:895:Infinity":291,"b:896:4:896:Infinity:undefined:undefined:undefined:undefined":83,"s:896:4:896:Infinity":292,"s:896:31:896:Infinity":293,"s:897:16:900:Infinity":294,"f:900:7:900:15":57,"s:900:21:900:39":295,"s:903:21:903:Infinity":296,"s:904:21:904:Infinity":297,"s:905:4:905:Infinity":298,"f:914:15:914:22":58,"s:915:19:915:Infinity":299,"s:916:17:916:Infinity":300,"s:917:23:917:Infinity":301,"s:918:19:918:Infinity":302,"b:918:26:918:48:918:48:918:50":84,"b:919:4:921:Infinity:undefined:undefined:undefined:undefined":85,"s:919:4:921:Infinity":303,"b:919:8:919:33:919:33:919:55":86,"s:920:6:920:Infinity":304,"b:922:4:922:Infinity:undefined:undefined:undefined:undefined":87,"s:922:4:922:Infinity":305,"s:922:38:922:Infinity":306,"s:923:4:923:Infinity":307,"s:924:4:924:Infinity":308,"f:927:14:927:21":59,"s:928:19:928:Infinity":309,"s:929:17:929:Infinity":310,"s:930:15:930:Infinity":311,"s:931:23:931:Infinity":312,"b:932:4:932:Infinity:undefined:undefined:undefined:undefined":88,"s:932:4:932:Infinity":313,"s:932:31:932:Infinity":314,"s:933:4:938:Infinity":315,"s:934:6:934:Infinity":316,"s:935:6:935:Infinity":317,"s:937:6:937:Infinity":318,"b:937:55:937:67:937:67:937:98":89,"f:951:18:951:25":60,"s:952:19:952:Infinity":319,"s:953:22:953:Infinity":320,"s:954:17:954:Infinity":321,"b:954:17:954:39:954:39:954:Infinity":90,"s:955:19:955:Infinity":322,"b:955:19:955:47:955:47:955:Infinity":91,"b:956:4:958:Infinity:undefined:undefined:undefined:undefined":92,"s:956:4:958:Infinity":323,"b:956:8:956:25:956:25:956:42":93,"s:957:6:957:Infinity":324,"s:959:4:959:Infinity":325,"s:960:4:960:Infinity":326,"s:961:4:961:Infinity":327,"f:971:22:971:29":61,"s:972:19:972:Infinity":328,"s:973:22:973:Infinity":329,"s:974:22:974:Infinity":330,"b:974:22:974:44:974:44:974:Infinity":94,"s:975:28:975:Infinity":331,"b:975:28:975:56:975:56:975:Infinity":95,"s:976:16:976:Infinity":332,"s:977:4:980:Infinity":333,"s:978:6:978:Infinity":334,"s:979:6:979:Infinity":335,"s:981:4:981:Infinity":336,"f:993:26:993:33":62,"s:994:19:994:Infinity":337,"s:995:22:995:Infinity":338,"s:996:19:996:Infinity":339,"b:996:19:996:44:996:44:996:Infinity":96,"s:997:16:997:Infinity":340,"s:998:4:998:Infinity":341,"s:998:26:998:Infinity":342,"s:999:4:999:Infinity":343,"f:1003:17:1003:24":63,"s:1004:19:1004:Infinity":344,"s:1005:18:1005:Infinity":345,"b:1005:18:1005:69:1005:69:1005:71":97,"b:1006:4:1006:Infinity:undefined:undefined:undefined:undefined":98,"s:1006:4:1006:Infinity":346,"s:1006:16:1006:Infinity":347,"b:1008:4:1010:Infinity:undefined:undefined:undefined:undefined":99,"s:1008:4:1010:Infinity":348,"s:1009:6:1009:Infinity":349,"s:1011:22:1011:Infinity":350,"s:1012:19:1012:Infinity":351,"b:1013:4:1015:Infinity:undefined:undefined:undefined:undefined":100,"s:1013:4:1015:Infinity":352,"s:1014:6:1014:Infinity":353,"s:1016:17:1016:Infinity":354,"s:1017:4:1017:Infinity":355,"s:1018:4:1018:Infinity":356,"f:1027:20:1027:27":64,"s:1028:19:1028:Infinity":357,"s:1029:18:1029:Infinity":358,"b:1029:18:1029:69:1029:69:1029:71":101,"b:1030:4:1030:Infinity:undefined:undefined:undefined:undefined":102,"s:1030:4:1030:Infinity":359,"s:1030:16:1030:Infinity":360,"s:1031:22:1031:Infinity":361,"s:1032:19:1032:Infinity":362,"b:1033:4:1035:Infinity:undefined:undefined:undefined:undefined":103,"s:1033:4:1035:Infinity":363,"s:1034:6:1034:Infinity":364,"s:1036:17:1036:Infinity":365,"f:1036:24:1036:32":65,"s:1036:42:1036:57":366,"s:1038:4:1038:Infinity":367,"b:1038:64:1038:81:1038:81:1038:85":104,"s:1039:4:1039:Infinity":368},"fnNames":{}}}}}